{"meta": {"format": 3, "version": "7.13.4", "timestamp": "2026-03-14T19:31:38.052028", "branch_coverage": false, "show_contexts": false}, "files": {"app\\__init__.py": {"executed_lines": [], "summary": {"covered_lines": 0, "num_statements": 0, "percent_covered": 100.0, "percent_covered_display": "100", "missing_lines": 0, "excluded_lines": 0, "percent_statements_covered": 100.0, "percent_statements_covered_display": "100"}, "missing_lines": [], "excluded_lines": [], "functions": {"": {"executed_lines": [], "summary": {"covered_lines": 0, "num_statements": 0, "percent_covered": 100.0, "percent_covered_display": "100", "missing_lines": 0, "excluded_lines": 0, "percent_statements_covered": 100.0, "percent_statements_covered_display": "100"}, "missing_lines": [], "excluded_lines": [], "start_line": 1}}, "classes": {"": {"executed_lines": [], "summary": {"covered_lines": 0, "num_statements": 0, "percent_covered": 100.0, "percent_covered_display": "100", "missing_lines": 0, "excluded_lines": 0, "percent_statements_covered": 100.0, "percent_statements_covered_display": "100"}, "missing_lines": [], "excluded_lines": [], "start_line": 1}}}, "app\\cli.py": {"executed_lines": [], "summary": {"covered_lines": 0, "num_statements": 33, "percent_covered": 0.0, "percent_covered_display": "0", "missing_lines": 33, "excluded_lines": 0, "percent_statements_covered": 0.0, "percent_statements_covered_display": "0"}, "missing_lines": [3, 5, 6, 7, 8, 10, 11, 12, 15, 17, 18, 23, 24, 26, 27, 31, 33, 42, 45, 47, 48, 50, 51, 57, 60, 62, 63, 64, 65, 66, 67, 70, 71], "excluded_lines": [], "functions": {"_run_rotate_signing_key": {"executed_lines": [], "summary": {"covered_lines": 0, "num_statements": 9, "percent_covered": 0.0, "percent_covered_display": "0", "missing_lines": 9, "excluded_lines": 0, "percent_statements_covered": 0.0, "percent_statements_covered_display": "0"}, "missing_lines": [17, 18, 23, 24, 26, 27, 31, 33, 42], "excluded_lines": [], "start_line": 15}, "_build_parser": {"executed_lines": [], "summary": {"covered_lines": 0, "num_statements": 5, "percent_covered": 0.0, "percent_covered_display": "0", "missing_lines": 5, "excluded_lines": 0, "percent_statements_covered": 0.0, "percent_statements_covered_display": "0"}, "missing_lines": [47, 48, 50, 51, 57], "excluded_lines": [], "start_line": 45}, "main": {"executed_lines": [], "summary": {"covered_lines": 0, "num_statements": 6, "percent_covered": 0.0, "percent_covered_display": "0", "missing_lines": 6, "excluded_lines": 0, "percent_statements_covered": 0.0, "percent_statements_covered_display": "0"}, "missing_lines": [62, 63, 64, 65, 66, 67], "excluded_lines": [], "start_line": 60}, "": {"executed_lines": [], "summary": {"covered_lines": 0, "num_statements": 13, "percent_covered": 0.0, "percent_covered_display": "0", "missing_lines": 13, "excluded_lines": 0, "percent_statements_covered": 0.0, "percent_statements_covered_display": "0"}, "missing_lines": [3, 5, 6, 7, 8, 10, 11, 12, 15, 45, 60, 70, 71], "excluded_lines": [], "start_line": 1}}, "classes": {"": {"executed_lines": [], "summary": {"covered_lines": 0, "num_statements": 33, "percent_covered": 0.0, "percent_covered_display": "0", "missing_lines": 33, "excluded_lines": 0, "percent_statements_covered": 0.0, "percent_statements_covered_display": "0"}, "missing_lines": [3, 5, 6, 7, 8, 10, 11, 12, 15, 17, 18, 23, 24, 26, 27, 31, 33, 42, 45, 47, 48, 50, 51, 57, 60, 62, 63, 64, 65, 66, 67, 70, 71], "excluded_lines": [], "start_line": 1}}}, "app\\config.py": {"executed_lines": [3, 5, 6, 7, 8, 10, 11, 12, 14, 17, 20, 21, 22, 23, 24, 27, 30, 32, 33, 34, 36, 38, 41, 44, 46, 47, 48, 50, 52, 55, 58, 59, 60, 61, 62, 65, 68, 69, 70, 71, 74, 77, 78, 79, 80, 81, 82, 83, 86, 89, 90, 91, 94, 97, 98, 101, 104, 105, 106, 107, 108, 109, 110, 111, 112, 115, 118, 125, 126, 127, 128, 129, 130, 131, 132, 133, 136, 138, 139, 140, 141, 142, 143, 146, 148, 149, 151, 152, 167, 168, 170], "summary": {"covered_lines": 91, "num_statements": 93, "percent_covered": 97.84946236559139, "percent_covered_display": "98", "missing_lines": 2, "excluded_lines": 0, "percent_statements_covered": 97.84946236559139, "percent_statements_covered_display": "98"}, "missing_lines": [37, 51], "excluded_lines": [], "functions": {"DatabaseSettings.validate_asyncpg_url": {"executed_lines": [36, 38], "summary": {"covered_lines": 2, "num_statements": 3, "percent_covered": 66.66666666666667, "percent_covered_display": "67", "missing_lines": 1, "excluded_lines": 0, "percent_statements_covered": 66.66666666666667, "percent_statements_covered_display": "67"}, "missing_lines": [37], "excluded_lines": [], "start_line": 34}, "RedisSettings.validate_redis_url": {"executed_lines": [50, 52], "summary": {"covered_lines": 2, "num_statements": 3, "percent_covered": 66.66666666666667, "percent_covered_display": "67", "missing_lines": 1, "excluded_lines": 0, "percent_statements_covered": 66.66666666666667, "percent_statements_covered_display": "67"}, "missing_lines": [51], "excluded_lines": [], "start_line": 48}, "_standard_log_fields": {"executed_lines": [138, 139, 140, 141, 142, 143], "summary": {"covered_lines": 6, "num_statements": 6, "percent_covered": 100.0, "percent_covered_display": "100", "missing_lines": 0, "excluded_lines": 0, "percent_statements_covered": 100.0, "percent_statements_covered_display": "100"}, "missing_lines": [], "excluded_lines": [], "start_line": 136}, "configure_structlog": {"executed_lines": [148, 149, 151, 152], "summary": {"covered_lines": 4, "num_statements": 4, "percent_covered": 100.0, "percent_covered_display": "100", "missing_lines": 0, "excluded_lines": 0, "percent_statements_covered": 100.0, "percent_statements_covered_display": "100"}, "missing_lines": [], "excluded_lines": [], "start_line": 146}, "get_settings": {"executed_lines": [170], "summary": {"covered_lines": 1, "num_statements": 1, "percent_covered": 100.0, "percent_covered_display": "100", "missing_lines": 0, "excluded_lines": 0, "percent_statements_covered": 100.0, "percent_statements_covered_display": "100"}, "missing_lines": [], "excluded_lines": [], "start_line": 168}, "": {"executed_lines": [3, 5, 6, 7, 8, 10, 11, 12, 14, 17, 20, 21, 22, 23, 24, 27, 30, 32, 33, 34, 41, 44, 46, 47, 48, 55, 58, 59, 60, 61, 62, 65, 68, 69, 70, 71, 74, 77, 78, 79, 80, 81, 82, 83, 86, 89, 90, 91, 94, 97, 98, 101, 104, 105, 106, 107, 108, 109, 110, 111, 112, 115, 118, 125, 126, 127, 128, 129, 130, 131, 132, 133, 136, 146, 167, 168], "summary": {"covered_lines": 76, "num_statements": 76, "percent_covered": 100.0, "percent_covered_display": "100", "missing_lines": 0, "excluded_lines": 0, "percent_statements_covered": 100.0, "percent_statements_covered_display": "100"}, "missing_lines": [], "excluded_lines": [], "start_line": 1}}, "classes": {"AppSettings": {"executed_lines": [], "summary": {"covered_lines": 0, "num_statements": 0, "percent_covered": 100.0, "percent_covered_display": "100", "missing_lines": 0, "excluded_lines": 0, "percent_statements_covered": 100.0, "percent_statements_covered_display": "100"}, "missing_lines": [], "excluded_lines": [], "start_line": 17}, "DatabaseSettings": {"executed_lines": [36, 38], "summary": {"covered_lines": 2, "num_statements": 3, "percent_covered": 66.66666666666667, "percent_covered_display": "67", "missing_lines": 1, "excluded_lines": 0, "percent_statements_covered": 66.66666666666667, "percent_statements_covered_display": "67"}, "missing_lines": [37], "excluded_lines": [], "start_line": 27}, "RedisSettings": {"executed_lines": [50, 52], "summary": {"covered_lines": 2, "num_statements": 3, "percent_covered": 66.66666666666667, "percent_covered_display": "67", "missing_lines": 1, "excluded_lines": 0, "percent_statements_covered": 66.66666666666667, "percent_statements_covered_display": "67"}, "missing_lines": [51], "excluded_lines": [], "start_line": 41}, "JWTSettings": {"executed_lines": [], "summary": {"covered_lines": 0, "num_statements": 0, "percent_covered": 100.0, "percent_covered_display": "100", "missing_lines": 0, "excluded_lines": 0, "percent_statements_covered": 100.0, "percent_statements_covered_display": "100"}, "missing_lines": [], "excluded_lines": [], "start_line": 55}, "OAuthSettings": {"executed_lines": [], "summary": {"covered_lines": 0, "num_statements": 0, "percent_covered": 100.0, "percent_covered_display": "100", "missing_lines": 0, "excluded_lines": 0, "percent_statements_covered": 100.0, "percent_statements_covered_display": "100"}, "missing_lines": [], "excluded_lines": [], "start_line": 65}, "SAMLSettings": {"executed_lines": [], "summary": {"covered_lines": 0, "num_statements": 0, "percent_covered": 100.0, "percent_covered_display": "100", "missing_lines": 0, "excluded_lines": 0, "percent_statements_covered": 100.0, "percent_statements_covered_display": "100"}, "missing_lines": [], "excluded_lines": [], "start_line": 74}, "RateLimitSettings": {"executed_lines": [], "summary": {"covered_lines": 0, "num_statements": 0, "percent_covered": 100.0, "percent_covered_display": "100", "missing_lines": 0, "excluded_lines": 0, "percent_statements_covered": 100.0, "percent_statements_covered_display": "100"}, "missing_lines": [], "excluded_lines": [], "start_line": 86}, "SigningKeySettings": {"executed_lines": [], "summary": {"covered_lines": 0, "num_statements": 0, "percent_covered": 100.0, "percent_covered_display": "100", "missing_lines": 0, "excluded_lines": 0, "percent_statements_covered": 100.0, "percent_statements_covered_display": "100"}, "missing_lines": [], "excluded_lines": [], "start_line": 94}, "EmailSettings": {"executed_lines": [], "summary": {"covered_lines": 0, "num_statements": 0, "percent_covered": 100.0, "percent_covered_display": "100", "missing_lines": 0, "excluded_lines": 0, "percent_statements_covered": 100.0, "percent_statements_covered_display": "100"}, "missing_lines": [], "excluded_lines": [], "start_line": 101}, "Settings": {"executed_lines": [], "summary": {"covered_lines": 0, "num_statements": 0, "percent_covered": 100.0, "percent_covered_display": "100", "missing_lines": 0, "excluded_lines": 0, "percent_statements_covered": 100.0, "percent_statements_covered_display": "100"}, "missing_lines": [], "excluded_lines": [], "start_line": 115}, "": {"executed_lines": [3, 5, 6, 7, 8, 10, 11, 12, 14, 17, 20, 21, 22, 23, 24, 27, 30, 32, 33, 34, 41, 44, 46, 47, 48, 55, 58, 59, 60, 61, 62, 65, 68, 69, 70, 71, 74, 77, 78, 79, 80, 81, 82, 83, 86, 89, 90, 91, 94, 97, 98, 101, 104, 105, 106, 107, 108, 109, 110, 111, 112, 115, 118, 125, 126, 127, 128, 129, 130, 131, 132, 133, 136, 138, 139, 140, 141, 142, 143, 146, 148, 149, 151, 152, 167, 168, 170], "summary": {"covered_lines": 87, "num_statements": 87, "percent_covered": 100.0, "percent_covered_display": "100", "missing_lines": 0, "excluded_lines": 0, "percent_statements_covered": 100.0, "percent_statements_covered_display": "100"}, "missing_lines": [], "excluded_lines": [], "start_line": 1}}}, "app\\core\\__init__.py": {"executed_lines": [], "summary": {"covered_lines": 0, "num_statements": 0, "percent_covered": 100.0, "percent_covered_display": "100", "missing_lines": 0, "excluded_lines": 0, "percent_statements_covered": 100.0, "percent_statements_covered_display": "100"}, "missing_lines": [], "excluded_lines": [], "functions": {"": {"executed_lines": [], "summary": {"covered_lines": 0, "num_statements": 0, "percent_covered": 100.0, "percent_covered_display": "100", "missing_lines": 0, "excluded_lines": 0, "percent_statements_covered": 100.0, "percent_statements_covered_display": "100"}, "missing_lines": [], "excluded_lines": [], "start_line": 1}}, "classes": {"": {"executed_lines": [], "summary": {"covered_lines": 0, "num_statements": 0, "percent_covered": 100.0, "percent_covered_display": "100", "missing_lines": 0, "excluded_lines": 0, "percent_statements_covered": 100.0, "percent_statements_covered_display": "100"}, "missing_lines": [], "excluded_lines": [], "start_line": 1}}}, "app\\core\\api_keys.py": {"executed_lines": [3, 5, 6, 7, 10, 13, 15, 17, 19, 21, 23, 25, 27, 29, 31, 33, 35, 36, 38, 40], "summary": {"covered_lines": 20, "num_statements": 21, "percent_covered": 95.23809523809524, "percent_covered_display": "95", "missing_lines": 1, "excluded_lines": 0, "percent_statements_covered": 95.23809523809524, "percent_statements_covered_display": "95"}, "missing_lines": [30], "excluded_lines": [], "functions": {"APIKeyCore.generate_raw_key": {"executed_lines": [17], "summary": {"covered_lines": 1, "num_statements": 1, "percent_covered": 100.0, "percent_covered_display": "100", "missing_lines": 0, "excluded_lines": 0, "percent_statements_covered": 100.0, "percent_statements_covered_display": "100"}, "missing_lines": [], "excluded_lines": [], "start_line": 15}, "APIKeyCore.hash_key": {"executed_lines": [21], "summary": {"covered_lines": 1, "num_statements": 1, "percent_covered": 100.0, "percent_covered_display": "100", "missing_lines": 0, "excluded_lines": 0, "percent_statements_covered": 100.0, "percent_statements_covered_display": "100"}, "missing_lines": [], "excluded_lines": [], "start_line": 19}, "APIKeyCore.key_prefix": {"executed_lines": [25], "summary": {"covered_lines": 1, "num_statements": 1, "percent_covered": 100.0, "percent_covered_display": "100", "missing_lines": 0, "excluded_lines": 0, "percent_statements_covered": 100.0, "percent_statements_covered_display": "100"}, "missing_lines": [], "excluded_lines": [], "start_line": 23}, "APIKeyCore.is_valid_format": {"executed_lines": [29, 31], "summary": {"covered_lines": 2, "num_statements": 3, "percent_covered": 66.66666666666667, "percent_covered_display": "67", "missing_lines": 1, "excluded_lines": 0, "percent_statements_covered": 66.66666666666667, "percent_statements_covered_display": "67"}, "missing_lines": [30], "excluded_lines": [], "start_line": 27}, "APIKeyCore.hash_matches": {"executed_lines": [35, 36], "summary": {"covered_lines": 2, "num_statements": 2, "percent_covered": 100.0, "percent_covered_display": "100", "missing_lines": 0, "excluded_lines": 0, "percent_statements_covered": 100.0, "percent_statements_covered_display": "100"}, "missing_lines": [], "excluded_lines": [], "start_line": 33}, "APIKeyCore.scopes_from_storage": {"executed_lines": [40], "summary": {"covered_lines": 1, "num_statements": 1, "percent_covered": 100.0, "percent_covered_display": "100", "missing_lines": 0, "excluded_lines": 0, "percent_statements_covered": 100.0, "percent_statements_covered_display": "100"}, "missing_lines": [], "excluded_lines": [], "start_line": 38}, "": {"executed_lines": [3, 5, 6, 7, 10, 13, 15, 19, 23, 27, 33, 38], "summary": {"covered_lines": 12, "num_statements": 12, "percent_covered": 100.0, "percent_covered_display": "100", "missing_lines": 0, "excluded_lines": 0, "percent_statements_covered": 100.0, "percent_statements_covered_display": "100"}, "missing_lines": [], "excluded_lines": [], "start_line": 1}}, "classes": {"APIKeyCore": {"executed_lines": [17, 21, 25, 29, 31, 35, 36, 40], "summary": {"covered_lines": 8, "num_statements": 9, "percent_covered": 88.88888888888889, "percent_covered_display": "89", "missing_lines": 1, "excluded_lines": 0, "percent_statements_covered": 88.88888888888889, "percent_statements_covered_display": "89"}, "missing_lines": [30], "excluded_lines": [], "start_line": 10}, "": {"executed_lines": [3, 5, 6, 7, 10, 13, 15, 19, 23, 27, 33, 38], "summary": {"covered_lines": 12, "num_statements": 12, "percent_covered": 100.0, "percent_covered_display": "100", "missing_lines": 0, "excluded_lines": 0, "percent_statements_covered": 100.0, "percent_statements_covered_display": "100"}, "missing_lines": [], "excluded_lines": [], "start_line": 1}}}, "app\\core\\jwt.py": {"executed_lines": [3, 5, 6, 7, 8, 9, 10, 11, 13, 14, 15, 16, 18, 20, 21, 24, 27, 28, 29, 30, 33, 36, 37, 38, 39, 41, 51, 52, 53, 60, 61, 62, 64, 65, 72, 79, 80, 83, 84, 87, 88, 89, 90, 91, 92, 93, 94, 96, 97, 109, 110, 111, 112, 114, 115, 117, 118, 119, 121, 125, 126, 133, 135, 137, 138, 140, 141, 144, 145, 146, 147, 148, 157, 159, 167, 168, 170, 171, 173, 174, 176, 177, 179, 180, 182, 185, 186, 188, 189], "summary": {"covered_lines": 89, "num_statements": 97, "percent_covered": 91.75257731958763, "percent_covered_display": "92", "missing_lines": 8, "excluded_lines": 0, "percent_statements_covered": 91.75257731958763, "percent_statements_covered_display": "92"}, "missing_lines": [63, 81, 82, 85, 116, 127, 131, 142], "excluded_lines": [], "functions": {"TokenValidationError.__init__": {"executed_lines": [28, 29, 30], "summary": {"covered_lines": 3, "num_statements": 3, "percent_covered": 100.0, "percent_covered_display": "100", "missing_lines": 0, "excluded_lines": 0, "percent_statements_covered": 100.0, "percent_statements_covered_display": "100"}, "missing_lines": [], "excluded_lines": [], "start_line": 27}, "JWTService.__init__": {"executed_lines": [37, 38, 39], "summary": {"covered_lines": 3, "num_statements": 3, "percent_covered": 100.0, "percent_covered_display": "100", "missing_lines": 0, "excluded_lines": 0, "percent_statements_covered": 100.0, "percent_statements_covered_display": "100"}, "missing_lines": [], "excluded_lines": [], "start_line": 36}, "JWTService.issue_token": {"executed_lines": [51, 52, 53, 60, 61, 62, 64, 65], "summary": {"covered_lines": 8, "num_statements": 9, "percent_covered": 88.88888888888889, "percent_covered_display": "89", "missing_lines": 1, "excluded_lines": 0, "percent_statements_covered": 88.88888888888889, "percent_statements_covered_display": "89"}, "missing_lines": [63], "excluded_lines": [], "start_line": 41}, "JWTService.verify_token": {"executed_lines": [79, 80, 83, 84, 87, 88, 89, 90, 91, 92, 93, 94, 96, 97, 109, 110, 111, 112, 114, 115, 117, 118, 119], "summary": {"covered_lines": 23, "num_statements": 27, "percent_covered": 85.18518518518519, "percent_covered_display": "85", "missing_lines": 4, "excluded_lines": 0, "percent_statements_covered": 85.18518518518519, "percent_statements_covered_display": "85"}, "missing_lines": [81, 82, 85, 116], "excluded_lines": [], "start_line": 72}, "JWTService.jwks": {"executed_lines": [125, 126], "summary": {"covered_lines": 2, "num_statements": 4, "percent_covered": 50.0, "percent_covered_display": "50", "missing_lines": 2, "excluded_lines": 0, "percent_statements_covered": 50.0, "percent_statements_covered_display": "50"}, "missing_lines": [127, 131], "excluded_lines": [], "start_line": 121}, "JWTService._build_jwk": {"executed_lines": [135], "summary": {"covered_lines": 1, "num_statements": 1, "percent_covered": 100.0, "percent_covered_display": "100", "missing_lines": 0, "excluded_lines": 0, "percent_statements_covered": 100.0, "percent_statements_covered_display": "100"}, "missing_lines": [], "excluded_lines": [], "start_line": 133}, "JWTService.build_public_jwk": {"executed_lines": [140, 141, 144, 145, 146, 147, 148], "summary": {"covered_lines": 7, "num_statements": 8, "percent_covered": 87.5, "percent_covered_display": "88", "missing_lines": 1, "excluded_lines": 0, "percent_statements_covered": 87.5, "percent_statements_covered_display": "88"}, "missing_lines": [142], "excluded_lines": [], "start_line": 138}, "JWTService._is_supported_token_type": {"executed_lines": [159], "summary": {"covered_lines": 1, "num_statements": 1, "percent_covered": 100.0, "percent_covered_display": "100", "missing_lines": 0, "excluded_lines": 0, "percent_statements_covered": 100.0, "percent_statements_covered_display": "100"}, "missing_lines": [], "excluded_lines": [], "start_line": 157}, "JWTService._base64url_uint": {"executed_lines": [170, 171], "summary": {"covered_lines": 2, "num_statements": 2, "percent_covered": 100.0, "percent_covered_display": "100", "missing_lines": 0, "excluded_lines": 0, "percent_statements_covered": 100.0, "percent_statements_covered_display": "100"}, "missing_lines": [], "excluded_lines": [], "start_line": 168}, "JWTService._calculate_kid": {"executed_lines": [176, 177], "summary": {"covered_lines": 2, "num_statements": 2, "percent_covered": 100.0, "percent_covered_display": "100", "missing_lines": 0, "excluded_lines": 0, "percent_statements_covered": 100.0, "percent_statements_covered_display": "100"}, "missing_lines": [], "excluded_lines": [], "start_line": 174}, "JWTService.calculate_kid": {"executed_lines": [182], "summary": {"covered_lines": 1, "num_statements": 1, "percent_covered": 100.0, "percent_covered_display": "100", "missing_lines": 0, "excluded_lines": 0, "percent_statements_covered": 100.0, "percent_statements_covered_display": "100"}, "missing_lines": [], "excluded_lines": [], "start_line": 180}, "get_jwt_service": {"executed_lines": [188, 189], "summary": {"covered_lines": 2, "num_statements": 2, "percent_covered": 100.0, "percent_covered_display": "100", "missing_lines": 0, "excluded_lines": 0, "percent_statements_covered": 100.0, "percent_statements_covered_display": "100"}, "missing_lines": [], "excluded_lines": [], "start_line": 186}, "": {"executed_lines": [3, 5, 6, 7, 8, 9, 10, 11, 13, 14, 15, 16, 18, 20, 21, 24, 27, 33, 36, 41, 72, 121, 133, 137, 138, 157, 167, 168, 173, 174, 179, 180, 185, 186], "summary": {"covered_lines": 34, "num_statements": 34, "percent_covered": 100.0, "percent_covered_display": "100", "missing_lines": 0, "excluded_lines": 0, "percent_statements_covered": 100.0, "percent_statements_covered_display": "100"}, "missing_lines": [], "excluded_lines": [], "start_line": 1}}, "classes": {"TokenValidationError": {"executed_lines": [28, 29, 30], "summary": {"covered_lines": 3, "num_statements": 3, "percent_covered": 100.0, "percent_covered_display": "100", "missing_lines": 0, "excluded_lines": 0, "percent_statements_covered": 100.0, "percent_statements_covered_display": "100"}, "missing_lines": [], "excluded_lines": [], "start_line": 24}, "JWTService": {"executed_lines": [37, 38, 39, 51, 52, 53, 60, 61, 62, 64, 65, 79, 80, 83, 84, 87, 88, 89, 90, 91, 92, 93, 94, 96, 97, 109, 110, 111, 112, 114, 115, 117, 118, 119, 125, 126, 135, 140, 141, 144, 145, 146, 147, 148, 159, 170, 171, 176, 177, 182], "summary": {"covered_lines": 50, "num_statements": 58, "percent_covered": 86.20689655172414, "percent_covered_display": "86", "missing_lines": 8, "excluded_lines": 0, "percent_statements_covered": 86.20689655172414, "percent_statements_covered_display": "86"}, "missing_lines": [63, 81, 82, 85, 116, 127, 131, 142], "excluded_lines": [], "start_line": 33}, "": {"executed_lines": [3, 5, 6, 7, 8, 9, 10, 11, 13, 14, 15, 16, 18, 20, 21, 24, 27, 33, 36, 41, 72, 121, 133, 137, 138, 157, 167, 168, 173, 174, 179, 180, 185, 186, 188, 189], "summary": {"covered_lines": 36, "num_statements": 36, "percent_covered": 100.0, "percent_covered_display": "100", "missing_lines": 0, "excluded_lines": 0, "percent_statements_covered": 100.0, "percent_statements_covered_display": "100"}, "missing_lines": [], "excluded_lines": [], "start_line": 1}}}, "app\\core\\oauth.py": {"executed_lines": [3, 5, 6, 7, 8, 10, 11, 13, 15, 18, 21, 28, 31, 44, 52, 56, 60, 64, 86, 110, 133, 150, 164, 176, 177], "summary": {"covered_lines": 25, "num_statements": 87, "percent_covered": 28.735632183908045, "percent_covered_display": "29", "missing_lines": 62, "excluded_lines": 0, "percent_statements_covered": 28.735632183908045, "percent_statements_covered_display": "29"}, "missing_lines": [22, 23, 24, 25, 38, 39, 40, 41, 42, 46, 47, 48, 49, 50, 54, 58, 62, 72, 73, 74, 75, 83, 84, 93, 94, 95, 96, 103, 104, 108, 112, 113, 114, 115, 126, 127, 128, 129, 130, 131, 135, 136, 137, 138, 139, 140, 141, 142, 143, 144, 148, 152, 153, 154, 155, 156, 157, 158, 162, 166, 179, 180], "excluded_lines": [], "functions": {"OAuthProtocolError.__init__": {"executed_lines": [], "summary": {"covered_lines": 0, "num_statements": 4, "percent_covered": 0.0, "percent_covered_display": "0", "missing_lines": 4, "excluded_lines": 0, "percent_statements_covered": 0.0, "percent_statements_covered_display": "0"}, "missing_lines": [22, 23, 24, 25], "excluded_lines": [], "start_line": 21}, "GoogleOAuthClient.__init__": {"executed_lines": [], "summary": {"covered_lines": 0, "num_statements": 5, "percent_covered": 0.0, "percent_covered_display": "0", "missing_lines": 5, "excluded_lines": 0, "percent_statements_covered": 0.0, "percent_statements_covered_display": "0"}, "missing_lines": [38, 39, 40, 41, 42], "excluded_lines": [], "start_line": 31}, "GoogleOAuthClient.resolve_redirect_uri": {"executed_lines": [], "summary": {"covered_lines": 0, "num_statements": 5, "percent_covered": 0.0, "percent_covered_display": "0", "missing_lines": 5, "excluded_lines": 0, "percent_statements_covered": 0.0, "percent_statements_covered_display": "0"}, "missing_lines": [46, 47, 48, 49, 50], "excluded_lines": [], "start_line": 44}, "GoogleOAuthClient.generate_state": {"executed_lines": [], "summary": {"covered_lines": 0, "num_statements": 1, "percent_covered": 0.0, "percent_covered_display": "0", "missing_lines": 1, "excluded_lines": 0, "percent_statements_covered": 0.0, "percent_statements_covered_display": "0"}, "missing_lines": [54], "excluded_lines": [], "start_line": 52}, "GoogleOAuthClient.generate_nonce": {"executed_lines": [], "summary": {"covered_lines": 0, "num_statements": 1, "percent_covered": 0.0, "percent_covered_display": "0", "missing_lines": 1, "excluded_lines": 0, "percent_statements_covered": 0.0, "percent_statements_covered_display": "0"}, "missing_lines": [58], "excluded_lines": [], "start_line": 56}, "GoogleOAuthClient.generate_code_verifier": {"executed_lines": [], "summary": {"covered_lines": 0, "num_statements": 1, "percent_covered": 0.0, "percent_covered_display": "0", "missing_lines": 1, "excluded_lines": 0, "percent_statements_covered": 0.0, "percent_statements_covered_display": "0"}, "missing_lines": [62], "excluded_lines": [], "start_line": 60}, "GoogleOAuthClient.create_google_authorization_url": {"executed_lines": [], "summary": {"covered_lines": 0, "num_statements": 6, "percent_covered": 0.0, "percent_covered_display": "0", "missing_lines": 6, "excluded_lines": 0, "percent_statements_covered": 0.0, "percent_statements_covered_display": "0"}, "missing_lines": [72, 73, 74, 75, 83, 84], "excluded_lines": [], "start_line": 64}, "GoogleOAuthClient.exchange_code_for_tokens": {"executed_lines": [], "summary": {"covered_lines": 0, "num_statements": 7, "percent_covered": 0.0, "percent_covered_display": "0", "missing_lines": 7, "excluded_lines": 0, "percent_statements_covered": 0.0, "percent_statements_covered_display": "0"}, "missing_lines": [93, 94, 95, 96, 103, 104, 108], "excluded_lines": [], "start_line": 86}, "GoogleOAuthClient.verify_id_token": {"executed_lines": [], "summary": {"covered_lines": 0, "num_statements": 10, "percent_covered": 0.0, "percent_covered_display": "0", "missing_lines": 10, "excluded_lines": 0, "percent_statements_covered": 0.0, "percent_statements_covered_display": "0"}, "missing_lines": [112, 113, 114, 115, 126, 127, 128, 129, 130, 131], "excluded_lines": [], "start_line": 110}, "GoogleOAuthClient._get_provider_metadata": {"executed_lines": [], "summary": {"covered_lines": 0, "num_statements": 11, "percent_covered": 0.0, "percent_covered_display": "0", "missing_lines": 11, "excluded_lines": 0, "percent_statements_covered": 0.0, "percent_statements_covered_display": "0"}, "missing_lines": [135, 136, 137, 138, 139, 140, 141, 142, 143, 144, 148], "excluded_lines": [], "start_line": 133}, "GoogleOAuthClient._fetch_jwks": {"executed_lines": [], "summary": {"covered_lines": 0, "num_statements": 8, "percent_covered": 0.0, "percent_covered_display": "0", "missing_lines": 8, "excluded_lines": 0, "percent_statements_covered": 0.0, "percent_statements_covered_display": "0"}, "missing_lines": [152, 153, 154, 155, 156, 157, 158, 162], "excluded_lines": [], "start_line": 150}, "GoogleOAuthClient._build_client": {"executed_lines": [], "summary": {"covered_lines": 0, "num_statements": 1, "percent_covered": 0.0, "percent_covered_display": "0", "missing_lines": 1, "excluded_lines": 0, "percent_statements_covered": 0.0, "percent_statements_covered_display": "0"}, "missing_lines": [166], "excluded_lines": [], "start_line": 164}, "get_google_oauth_client": {"executed_lines": [], "summary": {"covered_lines": 0, "num_statements": 2, "percent_covered": 0.0, "percent_covered_display": "0", "missing_lines": 2, "excluded_lines": 0, "percent_statements_covered": 0.0, "percent_statements_covered_display": "0"}, "missing_lines": [179, 180], "excluded_lines": [], "start_line": 177}, "": {"executed_lines": [3, 5, 6, 7, 8, 10, 11, 13, 15, 18, 21, 28, 31, 44, 52, 56, 60, 64, 86, 110, 133, 150, 164, 176, 177], "summary": {"covered_lines": 25, "num_statements": 25, "percent_covered": 100.0, "percent_covered_display": "100", "missing_lines": 0, "excluded_lines": 0, "percent_statements_covered": 100.0, "percent_statements_covered_display": "100"}, "missing_lines": [], "excluded_lines": [], "start_line": 1}}, "classes": {"OAuthProtocolError": {"executed_lines": [], "summary": {"covered_lines": 0, "num_statements": 4, "percent_covered": 0.0, "percent_covered_display": "0", "missing_lines": 4, "excluded_lines": 0, "percent_statements_covered": 0.0, "percent_statements_covered_display": "0"}, "missing_lines": [22, 23, 24, 25], "excluded_lines": [], "start_line": 18}, "GoogleOAuthClient": {"executed_lines": [], "summary": {"covered_lines": 0, "num_statements": 56, "percent_covered": 0.0, "percent_covered_display": "0", "missing_lines": 56, "excluded_lines": 0, "percent_statements_covered": 0.0, "percent_statements_covered_display": "0"}, "missing_lines": [38, 39, 40, 41, 42, 46, 47, 48, 49, 50, 54, 58, 62, 72, 73, 74, 75, 83, 84, 93, 94, 95, 96, 103, 104, 108, 112, 113, 114, 115, 126, 127, 128, 129, 130, 131, 135, 136, 137, 138, 139, 140, 141, 142, 143, 144, 148, 152, 153, 154, 155, 156, 157, 158, 162, 166], "excluded_lines": [], "start_line": 28}, "": {"executed_lines": [3, 5, 6, 7, 8, 10, 11, 13, 15, 18, 21, 28, 31, 44, 52, 56, 60, 64, 86, 110, 133, 150, 164, 176, 177], "summary": {"covered_lines": 25, "num_statements": 27, "percent_covered": 92.5925925925926, "percent_covered_display": "93", "missing_lines": 2, "excluded_lines": 0, "percent_statements_covered": 92.5925925925926, "percent_statements_covered_display": "93"}, "missing_lines": [179, 180], "excluded_lines": [], "start_line": 1}}}, "app\\core\\otp.py": {"executed_lines": [3, 5, 6, 7, 10, 12, 15, 17, 20, 22, 25, 27, 28], "summary": {"covered_lines": 13, "num_statements": 13, "percent_covered": 100.0, "percent_covered_display": "100", "missing_lines": 0, "excluded_lines": 0, "percent_statements_covered": 100.0, "percent_statements_covered_display": "100"}, "missing_lines": [], "excluded_lines": [], "functions": {"generate_otp": {"executed_lines": [12], "summary": {"covered_lines": 1, "num_statements": 1, "percent_covered": 100.0, "percent_covered_display": "100", "missing_lines": 0, "excluded_lines": 0, "percent_statements_covered": 100.0, "percent_statements_covered_display": "100"}, "missing_lines": [], "excluded_lines": [], "start_line": 10}, "hash_otp": {"executed_lines": [17], "summary": {"covered_lines": 1, "num_statements": 1, "percent_covered": 100.0, "percent_covered_display": "100", "missing_lines": 0, "excluded_lines": 0, "percent_statements_covered": 100.0, "percent_statements_covered_display": "100"}, "missing_lines": [], "excluded_lines": [], "start_line": 15}, "verify_otp": {"executed_lines": [22], "summary": {"covered_lines": 1, "num_statements": 1, "percent_covered": 100.0, "percent_covered_display": "100", "missing_lines": 0, "excluded_lines": 0, "percent_statements_covered": 100.0, "percent_statements_covered_display": "100"}, "missing_lines": [], "excluded_lines": [], "start_line": 20}, "mask_email": {"executed_lines": [27, 28], "summary": {"covered_lines": 2, "num_statements": 2, "percent_covered": 100.0, "percent_covered_display": "100", "missing_lines": 0, "excluded_lines": 0, "percent_statements_covered": 100.0, "percent_statements_covered_display": "100"}, "missing_lines": [], "excluded_lines": [], "start_line": 25}, "": {"executed_lines": [3, 5, 6, 7, 10, 15, 20, 25], "summary": {"covered_lines": 8, "num_statements": 8, "percent_covered": 100.0, "percent_covered_display": "100", "missing_lines": 0, "excluded_lines": 0, "percent_statements_covered": 100.0, "percent_statements_covered_display": "100"}, "missing_lines": [], "excluded_lines": [], "start_line": 1}}, "classes": {"": {"executed_lines": [3, 5, 6, 7, 10, 12, 15, 17, 20, 22, 25, 27, 28], "summary": {"covered_lines": 13, "num_statements": 13, "percent_covered": 100.0, "percent_covered_display": "100", "missing_lines": 0, "excluded_lines": 0, "percent_statements_covered": 100.0, "percent_statements_covered_display": "100"}, "missing_lines": [], "excluded_lines": [], "start_line": 1}}}, "app\\core\\saml.py": {"executed_lines": [3, 5, 6, 7, 9, 11, 13, 14, 17, 18, 21, 22, 23, 26, 29, 30, 31, 32, 33, 36, 39, 40, 42, 52, 54, 55, 56, 57, 58, 62, 63, 64, 78, 94, 104, 114, 115, 134, 135, 155, 161, 162, 163, 164, 165, 167, 178, 213, 214], "summary": {"covered_lines": 49, "num_statements": 103, "percent_covered": 47.57281553398058, "percent_covered_display": "48", "missing_lines": 54, "excluded_lines": 0, "percent_statements_covered": 47.57281553398058, "percent_statements_covered_display": "48"}, "missing_lines": [44, 45, 46, 47, 48, 66, 67, 68, 69, 70, 71, 72, 80, 81, 82, 83, 84, 85, 88, 89, 92, 96, 97, 98, 99, 102, 106, 107, 108, 109, 112, 117, 124, 125, 126, 127, 128, 129, 130, 131, 132, 137, 144, 145, 146, 147, 148, 149, 150, 151, 152, 180, 181, 216], "excluded_lines": [], "functions": {"SamlProtocolError.__init__": {"executed_lines": [30, 31, 32, 33], "summary": {"covered_lines": 4, "num_statements": 4, "percent_covered": 100.0, "percent_covered_display": "100", "missing_lines": 0, "excluded_lines": 0, "percent_statements_covered": 100.0, "percent_statements_covered_display": "100"}, "missing_lines": [], "excluded_lines": [], "start_line": 29}, "SamlCore.__init__": {"executed_lines": [40], "summary": {"covered_lines": 1, "num_statements": 1, "percent_covered": 100.0, "percent_covered_display": "100", "missing_lines": 0, "excluded_lines": 0, "percent_statements_covered": 100.0, "percent_statements_covered_display": "100"}, "missing_lines": [], "excluded_lines": [], "start_line": 39}, "SamlCore.login_url": {"executed_lines": [], "summary": {"covered_lines": 0, "num_statements": 5, "percent_covered": 0.0, "percent_covered_display": "0", "missing_lines": 5, "excluded_lines": 0, "percent_statements_covered": 0.0, "percent_statements_covered_display": "0"}, "missing_lines": [44, 45, 46, 47, 48], "excluded_lines": [], "start_line": 42}, "SamlCore.parse_assertion": {"executed_lines": [54, 55, 56, 57, 58, 62, 63, 64], "summary": {"covered_lines": 8, "num_statements": 15, "percent_covered": 53.333333333333336, "percent_covered_display": "53", "missing_lines": 7, "excluded_lines": 0, "percent_statements_covered": 53.333333333333336, "percent_statements_covered_display": "53"}, "missing_lines": [66, 67, 68, 69, 70, 71, 72], "excluded_lines": [], "start_line": 52}, "SamlCore.metadata_xml": {"executed_lines": [], "summary": {"covered_lines": 0, "num_statements": 9, "percent_covered": 0.0, "percent_covered_display": "0", "missing_lines": 9, "excluded_lines": 0, "percent_statements_covered": 0.0, "percent_statements_covered_display": "0"}, "missing_lines": [80, 81, 82, 83, 84, 85, 88, 89, 92], "excluded_lines": [], "start_line": 78}, "SamlCore._build_auth": {"executed_lines": [], "summary": {"covered_lines": 0, "num_statements": 5, "percent_covered": 0.0, "percent_covered_display": "0", "missing_lines": 5, "excluded_lines": 0, "percent_statements_covered": 0.0, "percent_statements_covered_display": "0"}, "missing_lines": [96, 97, 98, 99, 102], "excluded_lines": [], "start_line": 94}, "SamlCore._build_settings": {"executed_lines": [], "summary": {"covered_lines": 0, "num_statements": 5, "percent_covered": 0.0, "percent_covered_display": "0", "missing_lines": 5, "excluded_lines": 0, "percent_statements_covered": 0.0, "percent_statements_covered_display": "0"}, "missing_lines": [106, 107, 108, 109, 112], "excluded_lines": [], "start_line": 104}, "SamlCore._extract_email": {"executed_lines": [], "summary": {"covered_lines": 0, "num_statements": 10, "percent_covered": 0.0, "percent_covered_display": "0", "missing_lines": 10, "excluded_lines": 0, "percent_statements_covered": 0.0, "percent_statements_covered_display": "0"}, "missing_lines": [117, 124, 125, 126, 127, 128, 129, 130, 131, 132], "excluded_lines": [], "start_line": 115}, "SamlCore._extract_email_verified": {"executed_lines": [], "summary": {"covered_lines": 0, "num_statements": 10, "percent_covered": 0.0, "percent_covered_display": "0", "missing_lines": 10, "excluded_lines": 0, "percent_statements_covered": 0.0, "percent_statements_covered_display": "0"}, "missing_lines": [137, 144, 145, 146, 147, 148, 149, 150, 151, 152], "excluded_lines": [], "start_line": 135}, "build_saml_request_data": {"executed_lines": [161, 162, 163, 164, 165, 167], "summary": {"covered_lines": 6, "num_statements": 6, "percent_covered": 100.0, "percent_covered_display": "100", "missing_lines": 0, "excluded_lines": 0, "percent_statements_covered": 100.0, "percent_statements_covered_display": "100"}, "missing_lines": [], "excluded_lines": [], "start_line": 155}, "_build_saml_settings_from_config": {"executed_lines": [], "summary": {"covered_lines": 0, "num_statements": 2, "percent_covered": 0.0, "percent_covered_display": "0", "missing_lines": 2, "excluded_lines": 0, "percent_statements_covered": 0.0, "percent_statements_covered_display": "0"}, "missing_lines": [180, 181], "excluded_lines": [], "start_line": 178}, "get_saml_core": {"executed_lines": [], "summary": {"covered_lines": 0, "num_statements": 1, "percent_covered": 0.0, "percent_covered_display": "0", "missing_lines": 1, "excluded_lines": 0, "percent_statements_covered": 0.0, "percent_statements_covered_display": "0"}, "missing_lines": [216], "excluded_lines": [], "start_line": 214}, "": {"executed_lines": [3, 5, 6, 7, 9, 11, 13, 14, 17, 18, 21, 22, 23, 26, 29, 36, 39, 42, 52, 78, 94, 104, 114, 115, 134, 135, 155, 178, 213, 214], "summary": {"covered_lines": 30, "num_statements": 30, "percent_covered": 100.0, "percent_covered_display": "100", "missing_lines": 0, "excluded_lines": 0, "percent_statements_covered": 100.0, "percent_statements_covered_display": "100"}, "missing_lines": [], "excluded_lines": [], "start_line": 1}}, "classes": {"SamlAssertion": {"executed_lines": [], "summary": {"covered_lines": 0, "num_statements": 0, "percent_covered": 100.0, "percent_covered_display": "100", "missing_lines": 0, "excluded_lines": 0, "percent_statements_covered": 100.0, "percent_statements_covered_display": "100"}, "missing_lines": [], "excluded_lines": [], "start_line": 18}, "SamlProtocolError": {"executed_lines": [30, 31, 32, 33], "summary": {"covered_lines": 4, "num_statements": 4, "percent_covered": 100.0, "percent_covered_display": "100", "missing_lines": 0, "excluded_lines": 0, "percent_statements_covered": 100.0, "percent_statements_covered_display": "100"}, "missing_lines": [], "excluded_lines": [], "start_line": 26}, "SamlCore": {"executed_lines": [40, 54, 55, 56, 57, 58, 62, 63, 64], "summary": {"covered_lines": 9, "num_statements": 60, "percent_covered": 15.0, "percent_covered_display": "15", "missing_lines": 51, "excluded_lines": 0, "percent_statements_covered": 15.0, "percent_statements_covered_display": "15"}, "missing_lines": [44, 45, 46, 47, 48, 66, 67, 68, 69, 70, 71, 72, 80, 81, 82, 83, 84, 85, 88, 89, 92, 96, 97, 98, 99, 102, 106, 107, 108, 109, 112, 117, 124, 125, 126, 127, 128, 129, 130, 131, 132, 137, 144, 145, 146, 147, 148, 149, 150, 151, 152], "excluded_lines": [], "start_line": 36}, "": {"executed_lines": [3, 5, 6, 7, 9, 11, 13, 14, 17, 18, 21, 22, 23, 26, 29, 36, 39, 42, 52, 78, 94, 104, 114, 115, 134, 135, 155, 161, 162, 163, 164, 165, 167, 178, 213, 214], "summary": {"covered_lines": 36, "num_statements": 39, "percent_covered": 92.3076923076923, "percent_covered_display": "92", "missing_lines": 3, "excluded_lines": 0, "percent_statements_covered": 92.3076923076923, "percent_statements_covered_display": "92"}, "missing_lines": [180, 181, 216], "excluded_lines": [], "start_line": 1}}}, "app\\core\\sessions.py": {"executed_lines": [3, 5, 6, 7, 8, 9, 10, 11, 12, 13, 15, 16, 17, 18, 19, 21, 22, 23, 26, 27, 30, 31, 32, 33, 34, 35, 38, 41, 42, 43, 44, 45, 48, 51, 52, 55, 68, 71, 72, 73, 75, 86, 92, 101, 102, 103, 104, 108, 109, 111, 118, 119, 120, 125, 128, 129, 132, 133, 134, 137, 145, 153, 154, 155, 156, 157, 158, 159, 160, 161, 162, 164, 172, 173, 177, 178, 179, 180, 181, 183, 184, 185, 186, 187, 189, 191, 193, 201, 202, 203, 208, 211, 212, 213, 214, 215, 216, 217, 218, 219, 221, 227, 236, 239, 246, 250, 251, 252, 255, 257, 262, 265, 267, 268, 269, 270, 271, 272, 274, 275, 278, 279, 280, 282, 284, 285, 286, 303, 305, 306, 308, 309, 310, 311, 313, 315, 316, 317, 321, 323, 325, 326, 335, 336, 339, 340, 341, 342, 344, 345, 347, 349, 350, 352, 353, 356, 357, 359, 360, 363, 364, 366, 367], "summary": {"covered_lines": 163, "num_statements": 184, "percent_covered": 88.58695652173913, "percent_covered_display": "89", "missing_lines": 21, "excluded_lines": 10, "percent_statements_covered": 88.58695652173913, "percent_statements_covered_display": "89"}, "missing_lines": [105, 106, 107, 126, 130, 135, 190, 209, 237, 253, 263, 273, 276, 277, 300, 301, 307, 318, 319, 337, 338], "excluded_lines": [58, 59, 60, 61, 62, 63, 64, 65, 66, 67], "functions": {"SessionStateError.__init__": {"executed_lines": [42, 43, 44, 45], "summary": {"covered_lines": 4, "num_statements": 4, "percent_covered": 100.0, "percent_covered_display": "100", "missing_lines": 0, "excluded_lines": 0, "percent_statements_covered": 100.0, "percent_statements_covered_display": "100"}, "missing_lines": [], "excluded_lines": [], "start_line": 41}, "TokenIssuer.__call__": {"executed_lines": [], "summary": {"covered_lines": 0, "num_statements": 0, "percent_covered": 100.0, "percent_covered_display": "100", "missing_lines": 0, "excluded_lines": 1, "percent_statements_covered": 100.0, "percent_statements_covered_display": "100"}, "missing_lines": [], "excluded_lines": [65], "start_line": 58}, "SessionService.__init__": {"executed_lines": [72, 73], "summary": {"covered_lines": 2, "num_statements": 2, "percent_covered": 100.0, "percent_covered_display": "100", "missing_lines": 0, "excluded_lines": 0, "percent_statements_covered": 100.0, "percent_statements_covered_display": "100"}, "missing_lines": [], "excluded_lines": [], "start_line": 71}, "SessionService.create_login_session": {"executed_lines": [86, 92, 101, 102, 103, 104, 108, 109], "summary": {"covered_lines": 8, "num_statements": 11, "percent_covered": 72.72727272727273, "percent_covered_display": "73", "missing_lines": 3, "excluded_lines": 0, "percent_statements_covered": 72.72727272727273, "percent_statements_covered_display": "73"}, "missing_lines": [105, 106, 107], "excluded_lines": [], "start_line": 75}, "SessionService.rotate_refresh_session": {"executed_lines": [118, 119, 120, 125, 128, 129, 132, 133, 134, 137, 145, 153, 154, 155, 156, 157, 158, 159, 160, 161, 162], "summary": {"covered_lines": 21, "num_statements": 24, "percent_covered": 87.5, "percent_covered_display": "88", "missing_lines": 3, "excluded_lines": 0, "percent_statements_covered": 87.5, "percent_statements_covered_display": "88"}, "missing_lines": [126, 130, 135], "excluded_lines": [], "start_line": 111}, "SessionService.revoke_user_sessions": {"executed_lines": [172, 173, 177, 178, 179, 180, 181, 183, 184, 185, 186, 187, 189, 191], "summary": {"covered_lines": 14, "num_statements": 15, "percent_covered": 93.33333333333333, "percent_covered_display": "93", "missing_lines": 1, "excluded_lines": 0, "percent_statements_covered": 93.33333333333333, "percent_statements_covered_display": "93"}, "missing_lines": [190], "excluded_lines": [], "start_line": 164}, "SessionService.revoke_session": {"executed_lines": [201, 202, 203, 208, 211, 212, 213, 214, 215, 216, 217, 218, 219], "summary": {"covered_lines": 13, "num_statements": 14, "percent_covered": 92.85714285714286, "percent_covered_display": "93", "missing_lines": 1, "excluded_lines": 0, "percent_statements_covered": 92.85714285714286, "percent_statements_covered_display": "93"}, "missing_lines": [209], "excluded_lines": [], "start_line": 193}, "SessionService._fetch_active_sessions_for_user": {"executed_lines": [227, 236], "summary": {"covered_lines": 2, "num_statements": 3, "percent_covered": 66.66666666666667, "percent_covered_display": "67", "missing_lines": 1, "excluded_lines": 0, "percent_statements_covered": 66.66666666666667, "percent_statements_covered_display": "67"}, "missing_lines": [237], "excluded_lines": [], "start_line": 221}, "SessionService._fetch_session_by_refresh_hash": {"executed_lines": [246, 250, 251, 252], "summary": {"covered_lines": 4, "num_statements": 5, "percent_covered": 80.0, "percent_covered_display": "80", "missing_lines": 1, "excluded_lines": 0, "percent_statements_covered": 80.0, "percent_statements_covered_display": "80"}, "missing_lines": [253], "excluded_lines": [], "start_line": 239}, "SessionService._get_active_user": {"executed_lines": [257, 262], "summary": {"covered_lines": 2, "num_statements": 3, "percent_covered": 66.66666666666667, "percent_covered_display": "67", "missing_lines": 1, "excluded_lines": 0, "percent_statements_covered": 66.66666666666667, "percent_statements_covered_display": "67"}, "missing_lines": [263], "excluded_lines": [], "start_line": 255}, "SessionService._get_session_payload": {"executed_lines": [267, 268, 269, 270, 271, 272, 274, 275, 278, 279, 280], "summary": {"covered_lines": 11, "num_statements": 14, "percent_covered": 78.57142857142857, "percent_covered_display": "79", "missing_lines": 3, "excluded_lines": 0, "percent_statements_covered": 78.57142857142857, "percent_statements_covered_display": "79"}, "missing_lines": [273, 276, 277], "excluded_lines": [], "start_line": 265}, "SessionService._set_session_payload": {"executed_lines": [284, 285, 286], "summary": {"covered_lines": 3, "num_statements": 5, "percent_covered": 60.0, "percent_covered_display": "60", "missing_lines": 2, "excluded_lines": 0, "percent_statements_covered": 60.0, "percent_statements_covered_display": "60"}, "missing_lines": [300, 301], "excluded_lines": [], "start_line": 282}, "SessionService._delete_session_payloads": {"executed_lines": [305, 306, 308, 309, 310, 311], "summary": {"covered_lines": 6, "num_statements": 7, "percent_covered": 85.71428571428571, "percent_covered_display": "86", "missing_lines": 1, "excluded_lines": 0, "percent_statements_covered": 85.71428571428571, "percent_statements_covered_display": "86"}, "missing_lines": [307], "excluded_lines": [], "start_line": 303}, "SessionService._add_to_blocklist": {"executed_lines": [315, 316, 317], "summary": {"covered_lines": 3, "num_statements": 5, "percent_covered": 60.0, "percent_covered_display": "60", "missing_lines": 2, "excluded_lines": 0, "percent_statements_covered": 60.0, "percent_statements_covered_display": "60"}, "missing_lines": [318, 319], "excluded_lines": [], "start_line": 313}, "SessionService._session_key": {"executed_lines": [323], "summary": {"covered_lines": 1, "num_statements": 1, "percent_covered": 100.0, "percent_covered_display": "100", "missing_lines": 0, "excluded_lines": 0, "percent_statements_covered": 100.0, "percent_statements_covered_display": "100"}, "missing_lines": [], "excluded_lines": [], "start_line": 321}, "SessionService._invoke_token_issuer": {"executed_lines": [335, 336, 339, 340, 341, 342], "summary": {"covered_lines": 6, "num_statements": 8, "percent_covered": 75.0, "percent_covered_display": "75", "missing_lines": 2, "excluded_lines": 0, "percent_statements_covered": 75.0, "percent_statements_covered_display": "75"}, "missing_lines": [337, 338], "excluded_lines": [], "start_line": 326}, "SessionService._hash_token": {"executed_lines": [347], "summary": {"covered_lines": 1, "num_statements": 1, "percent_covered": 100.0, "percent_covered_display": "100", "missing_lines": 0, "excluded_lines": 0, "percent_statements_covered": 100.0, "percent_statements_covered_display": "100"}, "missing_lines": [], "excluded_lines": [], "start_line": 345}, "SessionService._remaining_lifetime_seconds": {"executed_lines": [352, 353], "summary": {"covered_lines": 2, "num_statements": 2, "percent_covered": 100.0, "percent_covered_display": "100", "missing_lines": 0, "excluded_lines": 0, "percent_statements_covered": 100.0, "percent_statements_covered_display": "100"}, "missing_lines": [], "excluded_lines": [], "start_line": 350}, "get_redis_client": {"executed_lines": [359, 360], "summary": {"covered_lines": 2, "num_statements": 2, "percent_covered": 100.0, "percent_covered_display": "100", "missing_lines": 0, "excluded_lines": 0, "percent_statements_covered": 100.0, "percent_statements_covered_display": "100"}, "missing_lines": [], "excluded_lines": [], "start_line": 357}, "get_session_service": {"executed_lines": [366, 367], "summary": {"covered_lines": 2, "num_statements": 2, "percent_covered": 100.0, "percent_covered_display": "100", "missing_lines": 0, "excluded_lines": 0, "percent_statements_covered": 100.0, "percent_statements_covered_display": "100"}, "missing_lines": [], "excluded_lines": [], "start_line": 364}, "": {"executed_lines": [3, 5, 6, 7, 8, 9, 10, 11, 12, 13, 15, 16, 17, 18, 19, 21, 22, 23, 26, 27, 30, 31, 32, 33, 34, 35, 38, 41, 48, 51, 52, 55, 68, 71, 75, 111, 164, 193, 221, 239, 255, 265, 282, 303, 313, 321, 325, 326, 344, 345, 349, 350, 356, 357, 363, 364], "summary": {"covered_lines": 56, "num_statements": 56, "percent_covered": 100.0, "percent_covered_display": "100", "missing_lines": 0, "excluded_lines": 9, "percent_statements_covered": 100.0, "percent_statements_covered_display": "100"}, "missing_lines": [], "excluded_lines": [58, 59, 60, 61, 62, 63, 64, 66, 67], "start_line": 1}}, "classes": {"SessionPayload": {"executed_lines": [], "summary": {"covered_lines": 0, "num_statements": 0, "percent_covered": 100.0, "percent_covered_display": "100", "missing_lines": 0, "excluded_lines": 0, "percent_statements_covered": 100.0, "percent_statements_covered_display": "100"}, "missing_lines": [], "excluded_lines": [], "start_line": 27}, "SessionStateError": {"executed_lines": [42, 43, 44, 45], "summary": {"covered_lines": 4, "num_statements": 4, "percent_covered": 100.0, "percent_covered_display": "100", "missing_lines": 0, "excluded_lines": 0, "percent_statements_covered": 100.0, "percent_statements_covered_display": "100"}, "missing_lines": [], "excluded_lines": [], "start_line": 38}, "TokenPairLike": {"executed_lines": [], "summary": {"covered_lines": 0, "num_statements": 0, "percent_covered": 100.0, "percent_covered_display": "100", "missing_lines": 0, "excluded_lines": 0, "percent_statements_covered": 100.0, "percent_statements_covered_display": "100"}, "missing_lines": [], "excluded_lines": [], "start_line": 48}, "TokenIssuer": {"executed_lines": [], "summary": {"covered_lines": 0, "num_statements": 0, "percent_covered": 100.0, "percent_covered_display": "100", "missing_lines": 0, "excluded_lines": 1, "percent_statements_covered": 100.0, "percent_statements_covered_display": "100"}, "missing_lines": [], "excluded_lines": [65], "start_line": 55}, "SessionService": {"executed_lines": [72, 73, 86, 92, 101, 102, 103, 104, 108, 109, 118, 119, 120, 125, 128, 129, 132, 133, 134, 137, 145, 153, 154, 155, 156, 157, 158, 159, 160, 161, 162, 172, 173, 177, 178, 179, 180, 181, 183, 184, 185, 186, 187, 189, 191, 201, 202, 203, 208, 211, 212, 213, 214, 215, 216, 217, 218, 219, 227, 236, 246, 250, 251, 252, 257, 262, 267, 268, 269, 270, 271, 272, 274, 275, 278, 279, 280, 284, 285, 286, 305, 306, 308, 309, 310, 311, 315, 316, 317, 323, 335, 336, 339, 340, 341, 342, 347, 352, 353], "summary": {"covered_lines": 99, "num_statements": 120, "percent_covered": 82.5, "percent_covered_display": "82", "missing_lines": 21, "excluded_lines": 0, "percent_statements_covered": 82.5, "percent_statements_covered_display": "82"}, "missing_lines": [105, 106, 107, 126, 130, 135, 190, 209, 237, 253, 263, 273, 276, 277, 300, 301, 307, 318, 319, 337, 338], "excluded_lines": [], "start_line": 68}, "": {"executed_lines": [3, 5, 6, 7, 8, 9, 10, 11, 12, 13, 15, 16, 17, 18, 19, 21, 22, 23, 26, 27, 30, 31, 32, 33, 34, 35, 38, 41, 48, 51, 52, 55, 68, 71, 75, 111, 164, 193, 221, 239, 255, 265, 282, 303, 313, 321, 325, 326, 344, 345, 349, 350, 356, 357, 359, 360, 363, 364, 366, 367], "summary": {"covered_lines": 60, "num_statements": 60, "percent_covered": 100.0, "percent_covered_display": "100", "missing_lines": 0, "excluded_lines": 9, "percent_statements_covered": 100.0, "percent_statements_covered_display": "100"}, "missing_lines": [], "excluded_lines": [58, 59, 60, 61, 62, 63, 64, 66, 67], "start_line": 1}}}, "app\\core\\signing_keys.py": {"executed_lines": [3, 5, 6, 7, 8, 9, 11, 12, 13, 14, 15, 17, 18, 19, 22, 23, 26, 27, 28, 29, 30, 31, 34, 35, 38, 39, 42, 45, 47, 53, 54, 55, 57, 59, 60, 61, 62, 64, 66, 67, 70, 72, 74, 81, 87, 88, 89, 92, 93, 95, 98, 99, 107, 108, 110, 114, 116, 122, 123, 128, 129, 130, 131, 132, 133, 134, 135, 136, 137, 139, 141, 150, 151, 153, 155, 157, 165, 167, 169, 170, 174, 175, 182, 190, 191, 192, 194, 196, 205, 207, 208, 210, 212, 214, 215, 216, 220, 221, 223, 224, 225, 227, 228, 230, 231, 236, 244, 247, 248, 250, 251], "summary": {"covered_lines": 111, "num_statements": 126, "percent_covered": 88.0952380952381, "percent_covered_display": "88", "missing_lines": 15, "excluded_lines": 0, "percent_statements_covered": 88.0952380952381, "percent_statements_covered_display": "88"}, "missing_lines": [68, 69, 75, 79, 90, 96, 152, 176, 177, 178, 179, 180, 213, 217, 218], "excluded_lines": [], "functions": {"SigningKeyService.__init__": {"executed_lines": [53, 54, 55], "summary": {"covered_lines": 3, "num_statements": 3, "percent_covered": 100.0, "percent_covered_display": "100", "missing_lines": 0, "excluded_lines": 0, "percent_statements_covered": 100.0, "percent_statements_covered_display": "100"}, "missing_lines": [], "excluded_lines": [], "start_line": 47}, "SigningKeyService.get_active_signing_key": {"executed_lines": [59, 60, 61, 62], "summary": {"covered_lines": 4, "num_statements": 4, "percent_covered": 100.0, "percent_covered_display": "100", "missing_lines": 0, "excluded_lines": 0, "percent_statements_covered": 100.0, "percent_statements_covered_display": "100"}, "missing_lines": [], "excluded_lines": [], "start_line": 57}, "SigningKeyService.get_verification_public_keys": {"executed_lines": [66, 67, 70], "summary": {"covered_lines": 3, "num_statements": 5, "percent_covered": 60.0, "percent_covered_display": "60", "missing_lines": 2, "excluded_lines": 0, "percent_statements_covered": 60.0, "percent_statements_covered_display": "60"}, "missing_lines": [68, 69], "excluded_lines": [], "start_line": 64}, "SigningKeyService.get_jwks_payload": {"executed_lines": [74], "summary": {"covered_lines": 1, "num_statements": 3, "percent_covered": 33.333333333333336, "percent_covered_display": "33", "missing_lines": 2, "excluded_lines": 0, "percent_statements_covered": 33.333333333333336, "percent_statements_covered_display": "33"}, "missing_lines": [75, 79], "excluded_lines": [], "start_line": 72}, "SigningKeyService.rotate_signing_key": {"executed_lines": [87, 88, 89, 92, 93, 95, 98, 99, 107, 108, 110, 114], "summary": {"covered_lines": 12, "num_statements": 14, "percent_covered": 85.71428571428571, "percent_covered_display": "86", "missing_lines": 2, "excluded_lines": 0, "percent_statements_covered": 85.71428571428571, "percent_statements_covered_display": "86"}, "missing_lines": [90, 96], "excluded_lines": [], "start_line": 81}, "SigningKeyService.retire_expired_keys": {"executed_lines": [122, 123, 128, 129, 130, 131, 132, 133, 134, 135, 136, 137], "summary": {"covered_lines": 12, "num_statements": 12, "percent_covered": 100.0, "percent_covered_display": "100", "missing_lines": 0, "excluded_lines": 0, "percent_statements_covered": 100.0, "percent_statements_covered_display": "100"}, "missing_lines": [], "excluded_lines": [], "start_line": 116}, "SigningKeyService._fetch_single_active_row": {"executed_lines": [141, 150, 151, 153], "summary": {"covered_lines": 4, "num_statements": 5, "percent_covered": 80.0, "percent_covered_display": "80", "missing_lines": 1, "excluded_lines": 0, "percent_statements_covered": 80.0, "percent_statements_covered_display": "80"}, "missing_lines": [152], "excluded_lines": [], "start_line": 139}, "SigningKeyService._fetch_non_retired_rows": {"executed_lines": [157, 165], "summary": {"covered_lines": 2, "num_statements": 2, "percent_covered": 100.0, "percent_covered_display": "100", "missing_lines": 0, "excluded_lines": 0, "percent_statements_covered": 100.0, "percent_statements_covered_display": "100"}, "missing_lines": [], "excluded_lines": [], "start_line": 155}, "SigningKeyService._bootstrap_fallback_active_key": {"executed_lines": [169, 170, 174, 175, 182, 190, 191, 192], "summary": {"covered_lines": 8, "num_statements": 13, "percent_covered": 61.53846153846154, "percent_covered_display": "62", "missing_lines": 5, "excluded_lines": 0, "percent_statements_covered": 61.53846153846154, "percent_statements_covered_display": "62"}, "missing_lines": [176, 177, 178, 179, 180], "excluded_lines": [], "start_line": 167}, "SigningKeyService._material_from_row": {"executed_lines": [196], "summary": {"covered_lines": 1, "num_statements": 1, "percent_covered": 100.0, "percent_covered_display": "100", "missing_lines": 0, "excluded_lines": 0, "percent_statements_covered": 100.0, "percent_statements_covered_display": "100"}, "missing_lines": [], "excluded_lines": [], "start_line": 194}, "SigningKeyService._encrypt_private_key": {"executed_lines": [207, 208], "summary": {"covered_lines": 2, "num_statements": 2, "percent_covered": 100.0, "percent_covered_display": "100", "missing_lines": 0, "excluded_lines": 0, "percent_statements_covered": 100.0, "percent_statements_covered_display": "100"}, "missing_lines": [], "excluded_lines": [], "start_line": 205}, "SigningKeyService._decrypt_private_key": {"executed_lines": [212, 214, 215, 216], "summary": {"covered_lines": 4, "num_statements": 7, "percent_covered": 57.142857142857146, "percent_covered_display": "57", "missing_lines": 3, "excluded_lines": 0, "percent_statements_covered": 57.142857142857146, "percent_statements_covered_display": "57"}, "missing_lines": [213, 217, 218], "excluded_lines": [], "start_line": 210}, "SigningKeyService._build_fernet_key": {"executed_lines": [223, 224, 225], "summary": {"covered_lines": 3, "num_statements": 3, "percent_covered": 100.0, "percent_covered_display": "100", "missing_lines": 0, "excluded_lines": 0, "percent_statements_covered": 100.0, "percent_statements_covered_display": "100"}, "missing_lines": [], "excluded_lines": [], "start_line": 221}, "SigningKeyService.generate_rsa_keypair": {"executed_lines": [230, 231, 236, 244], "summary": {"covered_lines": 4, "num_statements": 4, "percent_covered": 100.0, "percent_covered_display": "100", "missing_lines": 0, "excluded_lines": 0, "percent_statements_covered": 100.0, "percent_statements_covered_display": "100"}, "missing_lines": [], "excluded_lines": [], "start_line": 228}, "get_signing_key_service": {"executed_lines": [250, 251], "summary": {"covered_lines": 2, "num_statements": 2, "percent_covered": 100.0, "percent_covered_display": "100", "missing_lines": 0, "excluded_lines": 0, "percent_statements_covered": 100.0, "percent_statements_covered_display": "100"}, "missing_lines": [], "excluded_lines": [], "start_line": 248}, "": {"executed_lines": [3, 5, 6, 7, 8, 9, 11, 12, 13, 14, 15, 17, 18, 19, 22, 23, 26, 27, 28, 29, 30, 31, 34, 35, 38, 39, 42, 45, 47, 57, 64, 72, 81, 116, 139, 155, 167, 194, 205, 210, 220, 221, 227, 228, 247, 248], "summary": {"covered_lines": 46, "num_statements": 46, "percent_covered": 100.0, "percent_covered_display": "100", "missing_lines": 0, "excluded_lines": 0, "percent_statements_covered": 100.0, "percent_statements_covered_display": "100"}, "missing_lines": [], "excluded_lines": [], "start_line": 1}}, "classes": {"SigningKeyMaterial": {"executed_lines": [], "summary": {"covered_lines": 0, "num_statements": 0, "percent_covered": 100.0, "percent_covered_display": "100", "missing_lines": 0, "excluded_lines": 0, "percent_statements_covered": 100.0, "percent_statements_covered_display": "100"}, "missing_lines": [], "excluded_lines": [], "start_line": 23}, "SigningKeyRotationResult": {"executed_lines": [], "summary": {"covered_lines": 0, "num_statements": 0, "percent_covered": 100.0, "percent_covered_display": "100", "missing_lines": 0, "excluded_lines": 0, "percent_statements_covered": 100.0, "percent_statements_covered_display": "100"}, "missing_lines": [], "excluded_lines": [], "start_line": 35}, "SigningKeyService": {"executed_lines": [53, 54, 55, 59, 60, 61, 62, 66, 67, 70, 74, 87, 88, 89, 92, 93, 95, 98, 99, 107, 108, 110, 114, 122, 123, 128, 129, 130, 131, 132, 133, 134, 135, 136, 137, 141, 150, 151, 153, 157, 165, 169, 170, 174, 175, 182, 190, 191, 192, 196, 207, 208, 212, 214, 215, 216, 223, 224, 225, 230, 231, 236, 244], "summary": {"covered_lines": 63, "num_statements": 78, "percent_covered": 80.76923076923077, "percent_covered_display": "81", "missing_lines": 15, "excluded_lines": 0, "percent_statements_covered": 80.76923076923077, "percent_statements_covered_display": "81"}, "missing_lines": [68, 69, 75, 79, 90, 96, 152, 176, 177, 178, 179, 180, 213, 217, 218], "excluded_lines": [], "start_line": 42}, "": {"executed_lines": [3, 5, 6, 7, 8, 9, 11, 12, 13, 14, 15, 17, 18, 19, 22, 23, 26, 27, 28, 29, 30, 31, 34, 35, 38, 39, 42, 45, 47, 57, 64, 72, 81, 116, 139, 155, 167, 194, 205, 210, 220, 221, 227, 228, 247, 248, 250, 251], "summary": {"covered_lines": 48, "num_statements": 48, "percent_covered": 100.0, "percent_covered_display": "100", "missing_lines": 0, "excluded_lines": 0, "percent_statements_covered": 100.0, "percent_statements_covered_display": "100"}, "missing_lines": [], "excluded_lines": [], "start_line": 1}}}, "app\\db\\__init__.py": {"executed_lines": [3, 4, 6], "summary": {"covered_lines": 3, "num_statements": 3, "percent_covered": 100.0, "percent_covered_display": "100", "missing_lines": 0, "excluded_lines": 0, "percent_statements_covered": 100.0, "percent_statements_covered_display": "100"}, "missing_lines": [], "excluded_lines": [], "functions": {"": {"executed_lines": [3, 4, 6], "summary": {"covered_lines": 3, "num_statements": 3, "percent_covered": 100.0, "percent_covered_display": "100", "missing_lines": 0, "excluded_lines": 0, "percent_statements_covered": 100.0, "percent_statements_covered_display": "100"}, "missing_lines": [], "excluded_lines": [], "start_line": 1}}, "classes": {"": {"executed_lines": [3, 4, 6], "summary": {"covered_lines": 3, "num_statements": 3, "percent_covered": 100.0, "percent_covered_display": "100", "missing_lines": 0, "excluded_lines": 0, "percent_statements_covered": 100.0, "percent_statements_covered_display": "100"}, "missing_lines": [], "excluded_lines": [], "start_line": 1}}}, "app\\db\\base.py": {"executed_lines": [3, 5, 6, 8, 9, 10, 13, 16, 27, 30, 33, 36, 37, 40, 42, 45], "summary": {"covered_lines": 16, "num_statements": 16, "percent_covered": 100.0, "percent_covered_display": "100", "missing_lines": 0, "excluded_lines": 0, "percent_statements_covered": 100.0, "percent_statements_covered_display": "100"}, "missing_lines": [], "excluded_lines": [], "functions": {"import_model_modules": {"executed_lines": [42], "summary": {"covered_lines": 1, "num_statements": 1, "percent_covered": 100.0, "percent_covered_display": "100", "missing_lines": 0, "excluded_lines": 0, "percent_statements_covered": 100.0, "percent_statements_covered_display": "100"}, "missing_lines": [], "excluded_lines": [], "start_line": 40}, "": {"executed_lines": [3, 5, 6, 8, 9, 10, 13, 16, 27, 30, 33, 36, 37, 40, 45], "summary": {"covered_lines": 15, "num_statements": 15, "percent_covered": 100.0, "percent_covered_display": "100", "missing_lines": 0, "excluded_lines": 0, "percent_statements_covered": 100.0, "percent_statements_covered_display": "100"}, "missing_lines": [], "excluded_lines": [], "start_line": 1}}, "classes": {"Base": {"executed_lines": [], "summary": {"covered_lines": 0, "num_statements": 0, "percent_covered": 100.0, "percent_covered_display": "100", "missing_lines": 0, "excluded_lines": 0, "percent_statements_covered": 100.0, "percent_statements_covered_display": "100"}, "missing_lines": [], "excluded_lines": [], "start_line": 13}, "TimestampTenantMixin": {"executed_lines": [], "summary": {"covered_lines": 0, "num_statements": 0, "percent_covered": 100.0, "percent_covered_display": "100", "missing_lines": 0, "excluded_lines": 0, "percent_statements_covered": 100.0, "percent_statements_covered_display": "100"}, "missing_lines": [], "excluded_lines": [], "start_line": 27}, "": {"executed_lines": [3, 5, 6, 8, 9, 10, 13, 16, 27, 30, 33, 36, 37, 40, 42, 45], "summary": {"covered_lines": 16, "num_statements": 16, "percent_covered": 100.0, "percent_covered_display": "100", "missing_lines": 0, "excluded_lines": 0, "percent_statements_covered": 100.0, "percent_statements_covered_display": "100"}, "missing_lines": [], "excluded_lines": [], "start_line": 1}}}, "app\\db\\session.py": {"executed_lines": [3, 5, 6, 8, 15, 18, 19, 21, 22, 25, 26, 28, 31, 33, 34, 35, 38, 40], "summary": {"covered_lines": 18, "num_statements": 18, "percent_covered": 100.0, "percent_covered_display": "100", "missing_lines": 0, "excluded_lines": 0, "percent_statements_covered": 100.0, "percent_statements_covered_display": "100"}, "missing_lines": [], "excluded_lines": [], "functions": {"get_engine": {"executed_lines": [21, 22], "summary": {"covered_lines": 2, "num_statements": 2, "percent_covered": 100.0, "percent_covered_display": "100", "missing_lines": 0, "excluded_lines": 0, "percent_statements_covered": 100.0, "percent_statements_covered_display": "100"}, "missing_lines": [], "excluded_lines": [], "start_line": 19}, "get_session_factory": {"executed_lines": [28], "summary": {"covered_lines": 1, "num_statements": 1, "percent_covered": 100.0, "percent_covered_display": "100", "missing_lines": 0, "excluded_lines": 0, "percent_statements_covered": 100.0, "percent_statements_covered_display": "100"}, "missing_lines": [], "excluded_lines": [], "start_line": 26}, "get_db_session": {"executed_lines": [33, 34, 35], "summary": {"covered_lines": 3, "num_statements": 3, "percent_covered": 100.0, "percent_covered_display": "100", "missing_lines": 0, "excluded_lines": 0, "percent_statements_covered": 100.0, "percent_statements_covered_display": "100"}, "missing_lines": [], "excluded_lines": [], "start_line": 31}, "dispose_engine": {"executed_lines": [40], "summary": {"covered_lines": 1, "num_statements": 1, "percent_covered": 100.0, "percent_covered_display": "100", "missing_lines": 0, "excluded_lines": 0, "percent_statements_covered": 100.0, "percent_statements_covered_display": "100"}, "missing_lines": [], "excluded_lines": [], "start_line": 38}, "": {"executed_lines": [3, 5, 6, 8, 15, 18, 19, 25, 26, 31, 38], "summary": {"covered_lines": 11, "num_statements": 11, "percent_covered": 100.0, "percent_covered_display": "100", "missing_lines": 0, "excluded_lines": 0, "percent_statements_covered": 100.0, "percent_statements_covered_display": "100"}, "missing_lines": [], "excluded_lines": [], "start_line": 1}}, "classes": {"": {"executed_lines": [3, 5, 6, 8, 15, 18, 19, 21, 22, 25, 26, 28, 31, 33, 34, 35, 38, 40], "summary": {"covered_lines": 18, "num_statements": 18, "percent_covered": 100.0, "percent_covered_display": "100", "missing_lines": 0, "excluded_lines": 0, "percent_statements_covered": 100.0, "percent_statements_covered_display": "100"}, "missing_lines": [], "excluded_lines": [], "start_line": 1}}}, "app\\dependencies.py": {"executed_lines": [3, 5, 7, 10, 12, 13], "summary": {"covered_lines": 6, "num_statements": 6, "percent_covered": 100.0, "percent_covered_display": "100", "missing_lines": 0, "excluded_lines": 0, "percent_statements_covered": 100.0, "percent_statements_covered_display": "100"}, "missing_lines": [], "excluded_lines": [], "functions": {"get_database_session": {"executed_lines": [12, 13], "summary": {"covered_lines": 2, "num_statements": 2, "percent_covered": 100.0, "percent_covered_display": "100", "missing_lines": 0, "excluded_lines": 0, "percent_statements_covered": 100.0, "percent_statements_covered_display": "100"}, "missing_lines": [], "excluded_lines": [], "start_line": 10}, "": {"executed_lines": [3, 5, 7, 10], "summary": {"covered_lines": 4, "num_statements": 4, "percent_covered": 100.0, "percent_covered_display": "100", "missing_lines": 0, "excluded_lines": 0, "percent_statements_covered": 100.0, "percent_statements_covered_display": "100"}, "missing_lines": [], "excluded_lines": [], "start_line": 1}}, "classes": {"": {"executed_lines": [3, 5, 7, 10, 12, 13], "summary": {"covered_lines": 6, "num_statements": 6, "percent_covered": 100.0, "percent_covered_display": "100", "missing_lines": 0, "excluded_lines": 0, "percent_statements_covered": 100.0, "percent_statements_covered_display": "100"}, "missing_lines": [], "excluded_lines": [], "start_line": 1}}}, "app\\error_handlers.py": {"executed_lines": [3, 5, 7, 8, 9, 10, 11, 13, 28, 39, 42, 44, 47, 49, 50, 54, 56, 57, 58, 59, 65, 67, 68, 72, 74, 75, 77, 78, 81, 83, 84, 88, 91, 93, 98, 105, 106, 107, 109, 112, 117, 118, 135, 138, 139, 141, 142, 143, 144, 145, 147, 148, 152, 153, 157, 158, 159, 161, 162, 164, 169, 176, 177], "summary": {"covered_lines": 63, "num_statements": 77, "percent_covered": 81.81818181818181, "percent_covered_display": "82", "missing_lines": 14, "excluded_lines": 0, "percent_statements_covered": 81.81818181818181, "percent_statements_covered_display": "82"}, "missing_lines": [51, 60, 61, 62, 69, 76, 85, 86, 87, 108, 110, 154, 155, 156], "excluded_lines": [], "functions": {"_error_response": {"executed_lines": [44], "summary": {"covered_lines": 1, "num_statements": 1, "percent_covered": 100.0, "percent_covered_display": "100", "missing_lines": 0, "excluded_lines": 0, "percent_statements_covered": 100.0, "percent_statements_covered_display": "100"}, "missing_lines": [], "excluded_lines": [], "start_line": 42}, "_resolve_error_code": {"executed_lines": [49, 50], "summary": {"covered_lines": 2, "num_statements": 3, "percent_covered": 66.66666666666667, "percent_covered_display": "67", "missing_lines": 1, "excluded_lines": 0, "percent_statements_covered": 66.66666666666667, "percent_statements_covered_display": "67"}, "missing_lines": [51], "excluded_lines": [], "start_line": 47}, "_extract_detail_and_code": {"executed_lines": [56, 57, 58, 59], "summary": {"covered_lines": 4, "num_statements": 7, "percent_covered": 57.142857142857146, "percent_covered_display": "57", "missing_lines": 3, "excluded_lines": 0, "percent_statements_covered": 57.142857142857146, "percent_statements_covered_display": "57"}, "missing_lines": [60, 61, 62], "excluded_lines": [], "start_line": 54}, "_sanitize_detail": {"executed_lines": [67, 68], "summary": {"covered_lines": 2, "num_statements": 3, "percent_covered": 66.66666666666667, "percent_covered_display": "67", "missing_lines": 1, "excluded_lines": 0, "percent_statements_covered": 66.66666666666667, "percent_statements_covered_display": "67"}, "missing_lines": [69], "excluded_lines": [], "start_line": 65}, "_extract_client_ip": {"executed_lines": [74, 75, 77, 78], "summary": {"covered_lines": 4, "num_statements": 5, "percent_covered": 80.0, "percent_covered_display": "80", "missing_lines": 1, "excluded_lines": 0, "percent_statements_covered": 80.0, "percent_statements_covered_display": "80"}, "missing_lines": [76], "excluded_lines": [], "start_line": 72}, "_extract_user_identifier": {"executed_lines": [83, 84, 88], "summary": {"covered_lines": 3, "num_statements": 6, "percent_covered": 50.0, "percent_covered_display": "50", "missing_lines": 3, "excluded_lines": 0, "percent_statements_covered": 50.0, "percent_statements_covered_display": "50"}, "missing_lines": [85, 86, 87], "excluded_lines": [], "start_line": 81}, "_is_auth_request_path": {"executed_lines": [93], "summary": {"covered_lines": 1, "num_statements": 1, "percent_covered": 100.0, "percent_covered_display": "100", "missing_lines": 0, "excluded_lines": 0, "percent_statements_covered": 100.0, "percent_statements_covered_display": "100"}, "missing_lines": [], "excluded_lines": [], "start_line": 91}, "_log_auth_failure": {"executed_lines": [105, 106, 107, 109, 112, 117, 118], "summary": {"covered_lines": 7, "num_statements": 9, "percent_covered": 77.77777777777777, "percent_covered_display": "78", "missing_lines": 2, "excluded_lines": 0, "percent_statements_covered": 77.77777777777777, "percent_statements_covered_display": "78"}, "missing_lines": [108, 110], "excluded_lines": [], "start_line": 98}, "register_exception_handlers": {"executed_lines": [138, 139, 147, 148, 161, 162], "summary": {"covered_lines": 6, "num_statements": 6, "percent_covered": 100.0, "percent_covered_display": "100", "missing_lines": 0, "excluded_lines": 0, "percent_statements_covered": 100.0, "percent_statements_covered_display": "100"}, "missing_lines": [], "excluded_lines": [], "start_line": 135}, "register_exception_handlers.handle_http_exception": {"executed_lines": [141, 142, 143, 144, 145], "summary": {"covered_lines": 5, "num_statements": 5, "percent_covered": 100.0, "percent_covered_display": "100", "missing_lines": 0, "excluded_lines": 0, "percent_statements_covered": 100.0, "percent_statements_covered_display": "100"}, "missing_lines": [], "excluded_lines": [], "start_line": 139}, "register_exception_handlers.handle_validation_exception": {"executed_lines": [152, 153, 157, 158, 159], "summary": {"covered_lines": 5, "num_statements": 8, "percent_covered": 62.5, "percent_covered_display": "62", "missing_lines": 3, "excluded_lines": 0, "percent_statements_covered": 62.5, "percent_statements_covered_display": "62"}, "missing_lines": [154, 155, 156], "excluded_lines": [], "start_line": 148}, "register_exception_handlers.handle_unexpected_exception": {"executed_lines": [164, 169, 176, 177], "summary": {"covered_lines": 4, "num_statements": 4, "percent_covered": 100.0, "percent_covered_display": "100", "missing_lines": 0, "excluded_lines": 0, "percent_statements_covered": 100.0, "percent_statements_covered_display": "100"}, "missing_lines": [], "excluded_lines": [], "start_line": 162}, "": {"executed_lines": [3, 5, 7, 8, 9, 10, 11, 13, 28, 39, 42, 47, 54, 65, 72, 81, 91, 98, 135], "summary": {"covered_lines": 19, "num_statements": 19, "percent_covered": 100.0, "percent_covered_display": "100", "missing_lines": 0, "excluded_lines": 0, "percent_statements_covered": 100.0, "percent_statements_covered_display": "100"}, "missing_lines": [], "excluded_lines": [], "start_line": 1}}, "classes": {"": {"executed_lines": [3, 5, 7, 8, 9, 10, 11, 13, 28, 39, 42, 44, 47, 49, 50, 54, 56, 57, 58, 59, 65, 67, 68, 72, 74, 75, 77, 78, 81, 83, 84, 88, 91, 93, 98, 105, 106, 107, 109, 112, 117, 118, 135, 138, 139, 141, 142, 143, 144, 145, 147, 148, 152, 153, 157, 158, 159, 161, 162, 164, 169, 176, 177], "summary": {"covered_lines": 63, "num_statements": 77, "percent_covered": 81.81818181818181, "percent_covered_display": "82", "missing_lines": 14, "excluded_lines": 0, "percent_statements_covered": 81.81818181818181, "percent_statements_covered_display": "82"}, "missing_lines": [51, 60, 61, 62, 69, 76, 85, 86, 87, 108, 110, 154, 155, 156], "excluded_lines": [], "start_line": 1}}}, "app\\main.py": {"executed_lines": [3, 5, 6, 7, 8, 9, 10, 11, 12, 13, 16, 18, 19, 21, 22, 24, 25, 26, 27, 28, 29, 31, 34, 35, 36, 37, 38, 39, 40, 41, 44], "summary": {"covered_lines": 31, "num_statements": 31, "percent_covered": 100.0, "percent_covered_display": "100", "missing_lines": 0, "excluded_lines": 0, "percent_statements_covered": 100.0, "percent_statements_covered_display": "100"}, "missing_lines": [], "excluded_lines": [], "functions": {"create_app": {"executed_lines": [18, 19, 21, 22, 24, 25, 26, 27, 28, 29, 31, 34, 35, 36, 37, 38, 39, 40, 41], "summary": {"covered_lines": 19, "num_statements": 19, "percent_covered": 100.0, "percent_covered_display": "100", "missing_lines": 0, "excluded_lines": 0, "percent_statements_covered": 100.0, "percent_statements_covered_display": "100"}, "missing_lines": [], "excluded_lines": [], "start_line": 16}, "": {"executed_lines": [3, 5, 6, 7, 8, 9, 10, 11, 12, 13, 16, 44], "summary": {"covered_lines": 12, "num_statements": 12, "percent_covered": 100.0, "percent_covered_display": "100", "missing_lines": 0, "excluded_lines": 0, "percent_statements_covered": 100.0, "percent_statements_covered_display": "100"}, "missing_lines": [], "excluded_lines": [], "start_line": 1}}, "classes": {"": {"executed_lines": [3, 5, 6, 7, 8, 9, 10, 11, 12, 13, 16, 18, 19, 21, 22, 24, 25, 26, 27, 28, 29, 31, 34, 35, 36, 37, 38, 39, 40, 41, 44], "summary": {"covered_lines": 31, "num_statements": 31, "percent_covered": 100.0, "percent_covered_display": "100", "missing_lines": 0, "excluded_lines": 0, "percent_statements_covered": 100.0, "percent_statements_covered_display": "100"}, "missing_lines": [], "excluded_lines": [], "start_line": 1}}}, "app\\middleware\\__init__.py": {"executed_lines": [3, 4, 5, 6, 7, 8, 10], "summary": {"covered_lines": 7, "num_statements": 7, "percent_covered": 100.0, "percent_covered_display": "100", "missing_lines": 0, "excluded_lines": 0, "percent_statements_covered": 100.0, "percent_statements_covered_display": "100"}, "missing_lines": [], "excluded_lines": [], "functions": {"": {"executed_lines": [3, 4, 5, 6, 7, 8, 10], "summary": {"covered_lines": 7, "num_statements": 7, "percent_covered": 100.0, "percent_covered_display": "100", "missing_lines": 0, "excluded_lines": 0, "percent_statements_covered": 100.0, "percent_statements_covered_display": "100"}, "missing_lines": [], "excluded_lines": [], "start_line": 1}}, "classes": {"": {"executed_lines": [3, 4, 5, 6, 7, 8, 10], "summary": {"covered_lines": 7, "num_statements": 7, "percent_covered": 100.0, "percent_covered_display": "100", "missing_lines": 0, "excluded_lines": 0, "percent_statements_covered": 100.0, "percent_statements_covered_display": "100"}, "missing_lines": [], "excluded_lines": [], "start_line": 1}}}, "app\\middleware\\correlation_id.py": {"executed_lines": [3, 5, 7, 8, 9, 10, 12, 13, 16, 19, 21, 22, 23, 25, 26, 28, 30, 31], "summary": {"covered_lines": 18, "num_statements": 18, "percent_covered": 100.0, "percent_covered_display": "100", "missing_lines": 0, "excluded_lines": 0, "percent_statements_covered": 100.0, "percent_statements_covered_display": "100"}, "missing_lines": [], "excluded_lines": [], "functions": {"CorrelationIdMiddleware.dispatch": {"executed_lines": [21, 22, 23, 25, 26, 28, 30, 31], "summary": {"covered_lines": 8, "num_statements": 8, "percent_covered": 100.0, "percent_covered_display": "100", "missing_lines": 0, "excluded_lines": 0, "percent_statements_covered": 100.0, "percent_statements_covered_display": "100"}, "missing_lines": [], "excluded_lines": [], "start_line": 19}, "": {"executed_lines": [3, 5, 7, 8, 9, 10, 12, 13, 16, 19], "summary": {"covered_lines": 10, "num_statements": 10, "percent_covered": 100.0, "percent_covered_display": "100", "missing_lines": 0, "excluded_lines": 0, "percent_statements_covered": 100.0, "percent_statements_covered_display": "100"}, "missing_lines": [], "excluded_lines": [], "start_line": 1}}, "classes": {"CorrelationIdMiddleware": {"executed_lines": [21, 22, 23, 25, 26, 28, 30, 31], "summary": {"covered_lines": 8, "num_statements": 8, "percent_covered": 100.0, "percent_covered_display": "100
[...]
ered_display": "100"}, "missing_lines": [], "excluded_lines": [], "start_line": 119}, "LoginOTPVerificationResult": {"executed_lines": [], "summary": {"covered_lines": 0, "num_statements": 0, "percent_covered": 100.0, "percent_covered_display": "100", "missing_lines": 0, "excluded_lines": 0, "percent_statements_covered": 100.0, "percent_statements_covered_display": "100"}, "missing_lines": [], "excluded_lines": [], "start_line": 128}, "ActionOTPRequestResult": {"executed_lines": [], "summary": {"covered_lines": 0, "num_statements": 0, "percent_covered": 100.0, "percent_covered_display": "100", "missing_lines": 0, "excluded_lines": 0, "percent_statements_covered": 100.0, "percent_statements_covered_display": "100"}, "missing_lines": [], "excluded_lines": [], "start_line": 137}, "ActionOTPVerificationResult": {"executed_lines": [], "summary": {"covered_lines": 0, "num_statements": 0, "percent_covered": 100.0, "percent_covered_display": "100", "missing_lines": 0, "excluded_lines": 0, "percent_statements_covered": 100.0, "percent_statements_covered_display": "100"}, "missing_lines": [], "excluded_lines": [], "start_line": 146}, "OTPService": {"executed_lines": [170, 171, 172, 173, 174, 175, 176, 177, 178, 179, 180, 188, 189, 190, 197, 198, 206, 207, 209, 210, 219, 225, 247, 254, 257, 258, 259, 260, 268, 269, 270, 271, 279, 281, 314, 321, 324, 325, 326, 329, 343, 348, 357, 365, 366, 376, 382, 394, 395, 396, 399, 400, 405, 406, 416, 427, 428, 449, 473, 486, 495, 513, 514, 522, 543, 544, 548, 553, 554, 555, 560, 561, 562, 563, 567, 579, 580, 583, 584, 585, 586, 588, 589, 593, 594, 595, 596, 597, 598, 599, 608, 614, 615, 616, 617, 618, 619, 624, 625, 631, 632, 635, 645, 646, 647, 648, 654, 655, 656, 662, 666, 670, 674], "summary": {"covered_lines": 113, "num_statements": 201, "percent_covered": 56.21890547263681, "percent_covered_display": "56", "missing_lines": 88, "excluded_lines": 0, "percent_statements_covered": 56.21890547263681, "percent_statements_covered_display": "56"}, "missing_lines": [195, 196, 226, 233, 234, 248, 249, 250, 252, 253, 255, 282, 283, 285, 293, 302, 315, 316, 317, 319, 320, 322, 327, 330, 331, 333, 334, 358, 359, 360, 361, 363, 397, 401, 407, 408, 417, 418, 419, 429, 437, 438, 450, 451, 452, 458, 459, 461, 462, 463, 464, 474, 475, 476, 483, 484, 485, 487, 496, 497, 502, 503, 523, 524, 529, 530, 532, 533, 545, 546, 556, 564, 565, 568, 569, 581, 600, 609, 610, 620, 626, 627, 633, 634, 649, 650, 657, 658], "excluded_lines": [], "start_line": 154}, "": {"executed_lines": [3, 5, 6, 7, 8, 9, 10, 11, 12, 14, 15, 16, 17, 19, 20, 21, 22, 23, 24, 25, 26, 28, 29, 32, 35, 54, 57, 60, 70, 71, 74, 75, 76, 78, 89, 106, 118, 119, 122, 123, 124, 127, 128, 131, 132, 133, 136, 137, 140, 141, 142, 145, 146, 149, 150, 151, 154, 157, 182, 200, 240, 308, 350, 386, 442, 466, 489, 505, 535, 558, 577, 591, 612, 622, 629, 637, 652, 660, 661, 664, 665, 668, 669, 672, 673, 677, 678, 680, 681, 688, 689, 691, 692], "summary": {"covered_lines": 93, "num_statements": 93, "percent_covered": 100.0, "percent_covered_display": "100", "missing_lines": 0, "excluded_lines": 0, "percent_statements_covered": 100.0, "percent_statements_covered_display": "100"}, "missing_lines": [], "excluded_lines": [], "start_line": 1}}}, "app\\services\\saml_service.py": {"executed_lines": [3, 5, 6, 8, 9, 11, 12, 13, 14, 17, 20, 21, 22, 23, 24, 27, 30, 36, 37, 38, 40, 50, 51, 52, 55, 56, 62, 63, 64, 65, 66, 74, 76, 77, 78, 79, 81, 87, 88, 89, 90, 92, 98, 106, 107, 116, 118, 120, 121, 125, 133, 138, 185, 187, 191, 194, 201, 202], "summary": {"covered_lines": 58, "num_statements": 98, "percent_covered": 59.183673469387756, "percent_covered_display": "59", "missing_lines": 40, "excluded_lines": 0, "percent_statements_covered": 59.183673469387756, "percent_statements_covered_display": "59"}, "missing_lines": [53, 54, 67, 68, 69, 70, 71, 72, 122, 123, 139, 141, 142, 143, 144, 151, 152, 153, 159, 160, 161, 163, 164, 165, 172, 173, 174, 176, 177, 178, 179, 180, 181, 182, 183, 192, 196, 197, 198, 204], "excluded_lines": [], "functions": {"SamlServiceError.__init__": {"executed_lines": [21, 22, 23, 24], "summary": {"covered_lines": 4, "num_statements": 4, "percent_covered": 100.0, "percent_covered_display": "100", "missing_lines": 0, "excluded_lines": 0, "percent_statements_covered": 100.0, "percent_statements_covered_display": "100"}, "missing_lines": [], "excluded_lines": [], "start_line": 20}, "SamlService.__init__": {"executed_lines": [36, 37, 38], "summary": {"covered_lines": 3, "num_statements": 3, "percent_covered": 100.0, "percent_covered_display": "100", "missing_lines": 0, "excluded_lines": 0, "percent_statements_covered": 100.0, "percent_statements_covered_display": "100"}, "missing_lines": [], "excluded_lines": [], "start_line": 30}, "SamlService._issue_token_pair": {"executed_lines": [50, 51, 52, 55, 56, 62, 63, 64, 65, 66], "summary": {"covered_lines": 10, "num_statements": 18, "percent_covered": 55.55555555555556, "percent_covered_display": "56", "missing_lines": 8, "excluded_lines": 0, "percent_statements_covered": 55.55555555555556, "percent_statements_covered_display": "56"}, "missing_lines": [53, 54, 67, 68, 69, 70, 71, 72], "excluded_lines": [], "start_line": 40}, "SamlService.create_login_url": {"executed_lines": [76, 77, 78, 79], "summary": {"covered_lines": 4, "num_statements": 4, "percent_covered": 100.0, "percent_covered_display": "100", "missing_lines": 0, "excluded_lines": 0, "percent_statements_covered": 100.0, "percent_statements_covered_display": "100"}, "missing_lines": [], "excluded_lines": [], "start_line": 74}, "SamlService.complete_callback": {"executed_lines": [87, 88, 89, 90, 92, 98, 106, 107, 116], "summary": {"covered_lines": 9, "num_statements": 9, "percent_covered": 100.0, "percent_covered_display": "100", "missing_lines": 0, "excluded_lines": 0, "percent_statements_covered": 100.0, "percent_statements_covered_display": "100"}, "missing_lines": [], "excluded_lines": [], "start_line": 81}, "SamlService.metadata_xml": {"executed_lines": [120, 121], "summary": {"covered_lines": 2, "num_statements": 4, "percent_covered": 50.0, "percent_covered_display": "50", "missing_lines": 2, "excluded_lines": 0, "percent_statements_covered": 50.0, "percent_statements_covered_display": "50"}, "missing_lines": [122, 123], "excluded_lines": [], "start_line": 118}, "SamlService._upsert_identity_then_resolve_user": {"executed_lines": [133, 138], "summary": {"covered_lines": 2, "num_statements": 27, "percent_covered": 7.407407407407407, "percent_covered_display": "7", "missing_lines": 25, "excluded_lines": 0, "percent_statements_covered": 7.407407407407407, "percent_statements_covered_display": "7"}, "missing_lines": [139, 141, 142, 143, 144, 151, 152, 153, 159, 160, 161, 163, 164, 165, 172, 173, 174, 176, 177, 178, 179, 180, 181, 182, 183], "excluded_lines": [], "start_line": 125}, "SamlService._get_user_by_email": {"executed_lines": [187, 191], "summary": {"covered_lines": 2, "num_statements": 3, "percent_covered": 66.66666666666667, "percent_covered_display": "67", "missing_lines": 1, "excluded_lines": 0, "percent_statements_covered": 66.66666666666667, "percent_statements_covered_display": "67"}, "missing_lines": [192], "excluded_lines": [], "start_line": 185}, "SamlService._get_user_by_id": {"executed_lines": [], "summary": {"covered_lines": 0, "num_statements": 3, "percent_covered": 0.0, "percent_covered_display": "0", "missing_lines": 3, "excluded_lines": 0, "percent_statements_covered": 0.0, "percent_statements_covered_display": "0"}, "missing_lines": [196, 197, 198], "excluded_lines": [], "start_line": 194}, "get_saml_service": {"executed_lines": [], "summary": {"covered_lines": 0, "num_statements": 1, "percent_covered": 0.0, "percent_covered_display": "0", "missing_lines": 1, "excluded_lines": 0, "percent_statements_covered": 0.0, "percent_statements_covered_display": "0"}, "missing_lines": [204], "excluded_lines": [], "start_line": 202}, "": {"executed_lines": [3, 5, 6, 8, 9, 11, 12, 13, 14, 17, 20, 27, 30, 40, 74, 81, 118, 125, 185, 194, 201, 202], "summary": {"covered_lines": 22, "num_statements": 22, "percent_covered": 100.0, "percent_covered_display": "100", "missing_lines": 0, "excluded_lines": 0, "percent_statements_covered": 100.0, "percent_statements_covered_display": "100"}, "missing_lines": [], "excluded_lines": [], "start_line": 1}}, "classes": {"SamlServiceError": {"executed_lines": [21, 22, 23, 24], "summary": {"covered_lines": 4, "num_statements": 4, "percent_covered": 100.0, "percent_covered_display": "100", "missing_lines": 0, "excluded_lines": 0, "percent_statements_covered": 100.0, "percent_statements_covered_display": "100"}, "missing_lines": [], "excluded_lines": [], "start_line": 17}, "SamlService": {"executed_lines": [36, 37, 38, 50, 51, 52, 55, 56, 62, 63, 64, 65, 66, 76, 77, 78, 79, 87, 88, 89, 90, 92, 98, 106, 107, 116, 120, 121, 133, 138, 187, 191], "summary": {"covered_lines": 32, "num_statements": 71, "percent_covered": 45.070422535211264, "percent_covered_display": "45", "missing_lines": 39, "excluded_lines": 0, "percent_statements_covered": 45.070422535211264, "percent_statements_covered_display": "45"}, "missing_lines": [53, 54, 67, 68, 69, 70, 71, 72, 122, 123, 139, 141, 142, 143, 144, 151, 152, 153, 159, 160, 161, 163, 164, 165, 172, 173, 174, 176, 177, 178, 179, 180, 181, 182, 183, 192, 196, 197, 198], "excluded_lines": [], "start_line": 27}, "": {"executed_lines": [3, 5, 6, 8, 9, 11, 12, 13, 14, 17, 20, 27, 30, 40, 74, 81, 118, 125, 185, 194, 201, 202], "summary": {"covered_lines": 22, "num_statements": 23, "percent_covered": 95.65217391304348, "percent_covered_display": "96", "missing_lines": 1, "excluded_lines": 0, "percent_statements_covered": 95.65217391304348, "percent_statements_covered_display": "96"}, "missing_lines": [204], "excluded_lines": [], "start_line": 1}}}, "app\\services\\token_service.py": {"executed_lines": [3, 5, 6, 8, 10, 11, 12, 15, 16, 19, 20, 23, 26, 33, 34, 35, 36, 38, 48, 72, 73, 75, 76], "summary": {"covered_lines": 23, "num_statements": 31, "percent_covered": 74.19354838709677, "percent_covered_display": "74", "missing_lines": 8, "excluded_lines": 0, "percent_statements_covered": 74.19354838709677, "percent_statements_covered_display": "74"}, "missing_lines": [49, 50, 51, 52, 53, 54, 62, 69], "excluded_lines": [], "functions": {"TokenService.__init__": {"executed_lines": [33, 34, 35, 36], "summary": {"covered_lines": 4, "num_statements": 4, "percent_covered": 100.0, "percent_covered_display": "100", "missing_lines": 0, "excluded_lines": 0, "percent_statements_covered": 100.0, "percent_statements_covered_display": "100"}, "missing_lines": [], "excluded_lines": [], "start_line": 26}, "TokenService.issue_token_pair": {"executed_lines": [48], "summary": {"covered_lines": 1, "num_statements": 9, "percent_covered": 11.11111111111111, "percent_covered_display": "11", "missing_lines": 8, "excluded_lines": 0, "percent_statements_covered": 11.11111111111111, "percent_statements_covered_display": "11"}, "missing_lines": [49, 50, 51, 52, 53, 54, 62, 69], "excluded_lines": [], "start_line": 38}, "get_token_service": {"executed_lines": [75, 76], "summary": {"covered_lines": 2, "num_statements": 2, "percent_covered": 100.0, "percent_covered_display": "100", "missing_lines": 0, "excluded_lines": 0, "percent_statements_covered": 100.0, "percent_statements_covered_display": "100"}, "missing_lines": [], "excluded_lines": [], "start_line": 73}, "": {"executed_lines": [3, 5, 6, 8, 10, 11, 12, 15, 16, 19, 20, 23, 26, 38, 72, 73], "summary": {"covered_lines": 16, "num_statements": 16, "percent_covered": 100.0, "percent_covered_display": "100", "missing_lines": 0, "excluded_lines": 0, "percent_statements_covered": 100.0, "percent_statements_covered_display": "100"}, "missing_lines": [], "excluded_lines": [], "start_line": 1}}, "classes": {"TokenPair": {"executed_lines": [], "summary": {"covered_lines": 0, "num_statements": 0, "percent_covered": 100.0, "percent_covered_display": "100", "missing_lines": 0, "excluded_lines": 0, "percent_statements_covered": 100.0, "percent_statements_covered_display": "100"}, "missing_lines": [], "excluded_lines": [], "start_line": 16}, "TokenService": {"executed_lines": [33, 34, 35, 36, 48], "summary": {"covered_lines": 5, "num_statements": 13, "percent_covered": 38.46153846153846, "percent_covered_display": "38", "missing_lines": 8, "excluded_lines": 0, "percent_statements_covered": 38.46153846153846, "percent_statements_covered_display": "38"}, "missing_lines": [49, 50, 51, 52, 53, 54, 62, 69], "excluded_lines": [], "start_line": 23}, "": {"executed_lines": [3, 5, 6, 8, 10, 11, 12, 15, 16, 19, 20, 23, 26, 38, 72, 73, 75, 76], "summary": {"covered_lines": 18, "num_statements": 18, "percent_covered": 100.0, "percent_covered_display": "100", "missing_lines": 0, "excluded_lines": 0, "percent_statements_covered": 100.0, "percent_statements_covered_display": "100"}, "missing_lines": [], "excluded_lines": [], "start_line": 1}}}, "app\\services\\user_service.py": {"executed_lines": [3, 5, 6, 7, 9, 10, 11, 12, 14, 15, 17, 20, 23, 24, 25, 26, 27, 30, 33, 34, 36, 38, 43, 44, 46, 53, 54, 55, 56, 57, 58, 59, 61, 72, 73, 74, 77, 78, 80, 82, 84, 85, 87, 88, 100, 101, 102, 103, 105, 112, 113, 115, 116, 118, 119, 127, 140, 142, 144, 146, 148, 150, 151, 152, 154, 159, 167, 168, 169, 170], "summary": {"covered_lines": 70, "num_statements": 83, "percent_covered": 84.33734939759036, "percent_covered_display": "84", "missing_lines": 13, "excluded_lines": 0, "percent_statements_covered": 84.33734939759036, "percent_statements_covered_display": "84"}, "missing_lines": [75, 79, 81, 83, 117, 121, 122, 123, 124, 125, 129, 137, 138], "excluded_lines": [], "functions": {"UserServiceError.__init__": {"executed_lines": [24, 25, 26, 27], "summary": {"covered_lines": 4, "num_statements": 4, "percent_covered": 100.0, "percent_covered_display": "100", "missing_lines": 0, "excluded_lines": 0, "percent_statements_covered": 100.0, "percent_statements_covered_display": "100"}, "missing_lines": [], "excluded_lines": [], "start_line": 23}, "UserService.__init__": {"executed_lines": [34], "summary": {"covered_lines": 1, "num_statements": 1, "percent_covered": 100.0, "percent_covered_display": "100", "missing_lines": 0, "excluded_lines": 0, "percent_statements_covered": 100.0, "percent_statements_covered_display": "100"}, "missing_lines": [], "excluded_lines": [], "start_line": 33}, "UserService.get_user_by_email": {"executed_lines": [38, 43, 44], "summary": {"covered_lines": 3, "num_statements": 3, "percent_covered": 100.0, "percent_covered_display": "100", "missing_lines": 0, "excluded_lines": 0, "percent_statements_covered": 100.0, "percent_statements_covered_display": "100"}, "missing_lines": [], "excluded_lines": [], "start_line": 36}, "UserService.authenticate_user": {"executed_lines": [53, 54, 55, 56, 57, 58, 59], "summary": {"covered_lines": 7, "num_statements": 7, "percent_covered": 100.0, "percent_covered_display": "100", "missing_lines": 0, "excluded_lines": 0, "percent_statements_covered": 100.0, "percent_statements_covered_display": "100"}, "missing_lines": [], "excluded_lines": [], "start_line": 46}, "UserService.update_role": {"executed_lines": [72, 73, 74, 77, 78, 80, 82, 84, 85, 87, 88, 100, 101, 102, 103], "summary": {"covered_lines": 15, "num_statements": 19, "percent_covered": 78.94736842105263, "percent_covered_display": "79", "missing_lines": 4, "excluded_lines": 0, "percent_statements_covered": 78.94736842105263, "percent_statements_covered_display": "79"}, "missing_lines": [75, 79, 81, 83], "excluded_lines": [], "start_line": 61}, "UserService.delete_user": {"executed_lines": [112, 113, 115, 116, 118, 119], "summary": {"covered_lines": 6, "num_statements": 12, "percent_covered": 50.0, "percent_covered_display": "50", "missing_lines": 6, "excluded_lines": 0, "percent_statements_covered": 50.0, "percent_statements_covered_display": "50"}, "missing_lines": [117, 121, 122, 123, 124, 125], "excluded_lines": [], "start_line": 105}, "UserService.count_active_admins": {"executed_lines": [], "summary": {"covered_lines": 0, "num_statements": 3, "percent_covered": 0.0, "percent_covered_display": "0", "missing_lines": 3, "excluded_lines": 0, "percent_statements_covered": 0.0, "percent_statements_covered_display": "0"}, "missing_lines": [129, 137, 138], "excluded_lines": [], "start_line": 127}, "UserService.hash_password": {"executed_lines": [142], "summary": {"covered_lines": 1, "num_statements": 1, "percent_covered": 100.0, "percent_covered_display": "100", "missing_lines": 0, "excluded_lines": 0, "percent_statements_covered": 100.0, "percent_statements_covered_display": "100"}, "missing_lines": [], "excluded_lines": [], "start_line": 140}, "UserService.verify_password": {"executed_lines": [146], "summary": {"covered_lines": 1, "num_statements": 1, "percent_covered": 100.0, "percent_covered_display": "100", "missing_lines": 0, "excluded_lines": 0, "percent_statements_covered": 100.0, "percent_statements_covered_display": "100"}, "missing_lines": [], "excluded_lines": [], "start_line": 144}, "UserService._get_user_for_update": {"executed_lines": [150, 151, 152], "summary": {"covered_lines": 3, "num_statements": 3, "percent_covered": 100.0, "percent_covered_display": "100", "missing_lines": 0, "excluded_lines": 0, "percent_statements_covered": 100.0, "percent_statements_covered_display": "100"}, "missing_lines": [], "excluded_lines": [], "start_line": 148}, "UserService._ensure_last_admin_not_violated": {"executed_lines": [159, 167, 168, 169, 170], "summary": {"covered_lines": 5, "num_statements": 5, "percent_covered": 100.0, "percent_covered_display": "100", "missing_lines": 0, "excluded_lines": 0, "percent_statements_covered": 100.0, "percent_statements_covered_display": "100"}, "missing_lines": [], "excluded_lines": [], "start_line": 154}, "": {"executed_lines": [3, 5, 6, 7, 9, 10, 11, 12, 14, 15, 17, 20, 23, 30, 33, 36, 46, 61, 105, 127, 140, 144, 148, 154], "summary": {"covered_lines": 24, "num_statements": 24, "percent_covered": 100.0, "percent_covered_display": "100", "missing_lines": 0, "excluded_lines": 0, "percent_statements_covered": 100.0, "percent_statements_covered_display": "100"}, "missing_lines": [], "excluded_lines": [], "start_line": 1}}, "classes": {"UserServiceError": {"executed_lines": [24, 25, 26, 27], "summary": {"covered_lines": 4, "num_statements": 4, "percent_covered": 100.0, "percent_covered_display": "100", "missing_lines": 0, "excluded_lines": 0, "percent_statements_covered": 100.0, "percent_statements_covered_display": "100"}, "missing_lines": [], "excluded_lines": [], "start_line": 20}, "UserService": {"executed_lines": [34, 38, 43, 44, 53, 54, 55, 56, 57, 58, 59, 72, 73, 74, 77, 78, 80, 82, 84, 85, 87, 88, 100, 101, 102, 103, 112, 113, 115, 116, 118, 119, 142, 146, 150, 151, 152, 159, 167, 168, 169, 170], "summary": {"covered_lines": 42, "num_statements": 55, "percent_covered": 76.36363636363636, "percent_covered_display": "76", "missing_lines": 13, "excluded_lines": 0, "percent_statements_covered": 76.36363636363636, "percent_statements_covered_display": "76"}, "missing_lines": [75, 79, 81, 83, 117, 121, 122, 123, 124, 125, 129, 137, 138], "excluded_lines": [], "start_line": 30}, "": {"executed_lines": [3, 5, 6, 7, 9, 10, 11, 12, 14, 15, 17, 20, 23, 30, 33, 36, 46, 61, 105, 127, 140, 144, 148, 154], "summary": {"covered_lines": 24, "num_statements": 24, "percent_covered": 100.0, "percent_covered_display": "100", "missing_lines": 0, "excluded_lines": 0, "percent_statements_covered": 100.0, "percent_statements_covered_display": "100"}, "missing_lines": [], "excluded_lines": [], "start_line": 1}}}}, "totals": {"covered_lines": 2319, "num_statements": 3015, "percent_covered": 76.91542288557214, "percent_covered_display": "77", "missing_lines": 696, "excluded_lines": 22, "percent_statements_covered": 76.91542288557214, "percent_statements_covered_display": "77"}}