{"meta": {"format": 3, "version": "7.13.4", "timestamp": "2026-03-05T19:36:55.211096", "branch_coverage": false, "show_contexts": false}, "files": {"app\\__init__.py": {"executed_lines": [], "summary": {"covered_lines": 0, "num_statements": 0, "percent_covered": 100.0, "percent_covered_display": "100", "missing_lines": 0, "excluded_lines": 0, "percent_statements_covered": 100.0, "percent_statements_covered_display": "100"}, "missing_lines": [], "excluded_lines": [], "functions": {"": {"executed_lines": [], "summary": {"covered_lines": 0, "num_statements": 0, "percent_covered": 100.0, "percent_covered_display": "100", "missing_lines": 0, "excluded_lines": 0, "percent_statements_covered": 100.0, "percent_statements_covered_display": "100"}, "missing_lines": [], "excluded_lines": [], "start_line": 1}}, "classes": {"": {"executed_lines": [], "summary": {"covered_lines": 0, "num_statements": 0, "percent_covered": 100.0, "percent_covered_display": "100", "missing_lines": 0, "excluded_lines": 0, "percent_statements_covered": 100.0, "percent_statements_covered_display": "100"}, "missing_lines": [], "excluded_lines": [], "start_line": 1}}}, "app\\cli.py": {"executed_lines": [], "summary": {"covered_lines": 0, "num_statements": 33, "percent_covered": 0.0, "percent_covered_display": "0", "missing_lines": 33, "excluded_lines": 0, "percent_statements_covered": 0.0, "percent_statements_covered_display": "0"}, "missing_lines": [3, 5, 6, 7, 8, 10, 11, 12, 15, 17, 18, 23, 24, 26, 27, 31, 33, 42, 45, 47, 48, 50, 51, 57, 60, 62, 63, 64, 65, 66, 67, 70, 71], "excluded_lines": [], "functions": {"_run_rotate_signing_key": {"executed_lines": [], "summary": {"covered_lines": 0, "num_statements": 9, "percent_covered": 0.0, "percent_covered_display": "0", "missing_lines": 9, "excluded_lines": 0, "percent_statements_covered": 0.0, "percent_statements_covered_display": "0"}, "missing_lines": [17, 18, 23, 24, 26, 27, 31, 33, 42], "excluded_lines": [], "start_line": 15}, "_build_parser": {"executed_lines": [], "summary": {"covered_lines": 0, "num_statements": 5, "percent_covered": 0.0, "percent_covered_display": "0", "missing_lines": 5, "excluded_lines": 0, "percent_statements_covered": 0.0, "percent_statements_covered_display": "0"}, "missing_lines": [47, 48, 50, 51, 57], "excluded_lines": [], "start_line": 45}, "main": {"executed_lines": [], "summary": {"covered_lines": 0, "num_statements": 6, "percent_covered": 0.0, "percent_covered_display": "0", "missing_lines": 6, "excluded_lines": 0, "percent_statements_covered": 0.0, "percent_statements_covered_display": "0"}, "missing_lines": [62, 63, 64, 65, 66, 67], "excluded_lines": [], "start_line": 60}, "": {"executed_lines": [], "summary": {"covered_lines": 0, "num_statements": 13, "percent_covered": 0.0, "percent_covered_display": "0", "missing_lines": 13, "excluded_lines": 0, "percent_statements_covered": 0.0, "percent_statements_covered_display": "0"}, "missing_lines": [3, 5, 6, 7, 8, 10, 11, 12, 15, 45, 60, 70, 71], "excluded_lines": [], "start_line": 1}}, "classes": {"": {"executed_lines": [], "summary": {"covered_lines": 0, "num_statements": 33, "percent_covered": 0.0, "percent_covered_display": "0", "missing_lines": 33, "excluded_lines": 0, "percent_statements_covered": 0.0, "percent_statements_covered_display": "0"}, "missing_lines": [3, 5, 6, 7, 8, 10, 11, 12, 15, 17, 18, 23, 24, 26, 27, 31, 33, 42, 45, 47, 48, 50, 51, 57, 60, 62, 63, 64, 65, 66, 67, 70, 71], "excluded_lines": [], "start_line": 1}}}, "app\\config.py": {"executed_lines": [3, 5, 6, 7, 8, 10, 11, 12, 14, 17, 20, 21, 22, 23, 24, 27, 30, 32, 33, 34, 41, 44, 46, 47, 48, 55, 58, 59, 60, 61, 62, 65, 68, 69, 70, 71, 74, 77, 78, 79, 80, 81, 82, 83, 86, 89, 90, 91, 94, 97, 98, 101, 104, 105, 106, 107, 108, 109, 110, 111, 114, 117, 124, 125, 126, 127, 128, 129, 130, 131, 132, 135, 145, 166, 167], "summary": {"covered_lines": 75, "num_statements": 92, "percent_covered": 81.52173913043478, "percent_covered_display": "82", "missing_lines": 17, "excluded_lines": 0, "percent_statements_covered": 81.52173913043478, "percent_statements_covered_display": "82"}, "missing_lines": [36, 37, 38, 50, 51, 52, 137, 138, 139, 140, 141, 142, 147, 148, 150, 151, 169], "excluded_lines": [], "functions": {"DatabaseSettings.validate_asyncpg_url": {"executed_lines": [], "summary": {"covered_lines": 0, "num_statements": 3, "percent_covered": 0.0, "percent_covered_display": "0", "missing_lines": 3, "excluded_lines": 0, "percent_statements_covered": 0.0, "percent_statements_covered_display": "0"}, "missing_lines": [36, 37, 38], "excluded_lines": [], "start_line": 34}, "RedisSettings.validate_redis_url": {"executed_lines": [], "summary": {"covered_lines": 0, "num_statements": 3, "percent_covered": 0.0, "percent_covered_display": "0", "missing_lines": 3, "excluded_lines": 0, "percent_statements_covered": 0.0, "percent_statements_covered_display": "0"}, "missing_lines": [50, 51, 52], "excluded_lines": [], "start_line": 48}, "_standard_log_fields": {"executed_lines": [], "summary": {"covered_lines": 0, "num_statements": 6, "percent_covered": 0.0, "percent_covered_display": "0", "missing_lines": 6, "excluded_lines": 0, "percent_statements_covered": 0.0, "percent_statements_covered_display": "0"}, "missing_lines": [137, 138, 139, 140, 141, 142], "excluded_lines": [], "start_line": 135}, "configure_structlog": {"executed_lines": [], "summary": {"covered_lines": 0, "num_statements": 4, "percent_covered": 0.0, "percent_covered_display": "0", "missing_lines": 4, "excluded_lines": 0, "percent_statements_covered": 0.0, "percent_statements_covered_display": "0"}, "missing_lines": [147, 148, 150, 151], "excluded_lines": [], "start_line": 145}, "get_settings": {"executed_lines": [], "summary": {"covered_lines": 0, "num_statements": 1, "percent_covered": 0.0, "percent_covered_display": "0", "missing_lines": 1, "excluded_lines": 0, "percent_statements_covered": 0.0, "percent_statements_covered_display": "0"}, "missing_lines": [169], "excluded_lines": [], "start_line": 167}, "": {"executed_lines": [3, 5, 6, 7, 8, 10, 11, 12, 14, 17, 20, 21, 22, 23, 24, 27, 30, 32, 33, 34, 41, 44, 46, 47, 48, 55, 58, 59, 60, 61, 62, 65, 68, 69, 70, 71, 74, 77, 78, 79, 80, 81, 82, 83, 86, 89, 90, 91, 94, 97, 98, 101, 104, 105, 106, 107, 108, 109, 110, 111, 114, 117, 124, 125, 126, 127, 128, 129, 130, 131, 132, 135, 145, 166, 167], "summary": {"covered_lines": 75, "num_statements": 75, "percent_covered": 100.0, "percent_covered_display": "100", "missing_lines": 0, "excluded_lines": 0, "percent_statements_covered": 100.0, "percent_statements_covered_display": "100"}, "missing_lines": [], "excluded_lines": [], "start_line": 1}}, "classes": {"AppSettings": {"executed_lines": [], "summary": {"covered_lines": 0, "num_statements": 0, "percent_covered": 100.0, "percent_covered_display": "100", "missing_lines": 0, "excluded_lines": 0, "percent_statements_covered": 100.0, "percent_statements_covered_display": "100"}, "missing_lines": [], "excluded_lines": [], "start_line": 17}, "DatabaseSettings": {"executed_lines": [], "summary": {"covered_lines": 0, "num_statements": 3, "percent_covered": 0.0, "percent_covered_display": "0", "missing_lines": 3, "excluded_lines": 0, "percent_statements_covered": 0.0, "percent_statements_covered_display": "0"}, "missing_lines": [36, 37, 38], "excluded_lines": [], "start_line": 27}, "RedisSettings": {"executed_lines": [], "summary": {"covered_lines": 0, "num_statements": 3, "percent_covered": 0.0, "percent_covered_display": "0", "missing_lines": 3, "excluded_lines": 0, "percent_statements_covered": 0.0, "percent_statements_covered_display": "0"}, "missing_lines": [50, 51, 52], "excluded_lines": [], "start_line": 41}, "JWTSettings": {"executed_lines": [], "summary": {"covered_lines": 0, "num_statements": 0, "percent_covered": 100.0, "percent_covered_display": "100", "missing_lines": 0, "excluded_lines": 0, "percent_statements_covered": 100.0, "percent_statements_covered_display": "100"}, "missing_lines": [], "excluded_lines": [], "start_line": 55}, "OAuthSettings": {"executed_lines": [], "summary": {"covered_lines": 0, "num_statements": 0, "percent_covered": 100.0, "percent_covered_display": "100", "missing_lines": 0, "excluded_lines": 0, "percent_statements_covered": 100.0, "percent_statements_covered_display": "100"}, "missing_lines": [], "excluded_lines": [], "start_line": 65}, "SAMLSettings": {"executed_lines": [], "summary": {"covered_lines": 0, "num_statements": 0, "percent_covered": 100.0, "percent_covered_display": "100", "missing_lines": 0, "excluded_lines": 0, "percent_statements_covered": 100.0, "percent_statements_covered_display": "100"}, "missing_lines": [], "excluded_lines": [], "start_line": 74}, "RateLimitSettings": {"executed_lines": [], "summary": {"covered_lines": 0, "num_statements": 0, "percent_covered": 100.0, "percent_covered_display": "100", "missing_lines": 0, "excluded_lines": 0, "percent_statements_covered": 100.0, "percent_statements_covered_display": "100"}, "missing_lines": [], "excluded_lines": [], "start_line": 86}, "SigningKeySettings": {"executed_lines": [], "summary": {"covered_lines": 0, "num_statements": 0, "percent_covered": 100.0, "percent_covered_display": "100", "missing_lines": 0, "excluded_lines": 0, "percent_statements_covered": 100.0, "percent_statements_covered_display": "100"}, "missing_lines": [], "excluded_lines": [], "start_line": 94}, "EmailSettings": {"executed_lines": [], "summary": {"covered_lines": 0, "num_statements": 0, "percent_covered": 100.0, "percent_covered_display": "100", "missing_lines": 0, "excluded_lines": 0, "percent_statements_covered": 100.0, "percent_statements_covered_display": "100"}, "missing_lines": [], "excluded_lines": [], "start_line": 101}, "Settings": {"executed_lines": [], "summary": {"covered_lines": 0, "num_statements": 0, "percent_covered": 100.0, "percent_covered_display": "100", "missing_lines": 0, "excluded_lines": 0, "percent_statements_covered": 100.0, "percent_statements_covered_display": "100"}, "missing_lines": [], "excluded_lines": [], "start_line": 114}, "": {"executed_lines": [3, 5, 6, 7, 8, 10, 11, 12, 14, 17, 20, 21, 22, 23, 24, 27, 30, 32, 33, 34, 41, 44, 46, 47, 48, 55, 58, 59, 60, 61, 62, 65, 68, 69, 70, 71, 74, 77, 78, 79, 80, 81, 82, 83, 86, 89, 90, 91, 94, 97, 98, 101, 104, 105, 106, 107, 108, 109, 110, 111, 114, 117, 124, 125, 126, 127, 128, 129, 130, 131, 132, 135, 145, 166, 167], "summary": {"covered_lines": 75, "num_statements": 86, "percent_covered": 87.20930232558139, "percent_covered_display": "87", "missing_lines": 11, "excluded_lines": 0, "percent_statements_covered": 87.20930232558139, "percent_statements_covered_display": "87"}, "missing_lines": [137, 138, 139, 140, 141, 142, 147, 148, 150, 151, 169], "excluded_lines": [], "start_line": 1}}}, "app\\core\\__init__.py": {"executed_lines": [], "summary": {"covered_lines": 0, "num_statements": 0, "percent_covered": 100.0, "percent_covered_display": "100", "missing_lines": 0, "excluded_lines": 0, "percent_statements_covered": 100.0, "percent_statements_covered_display": "100"}, "missing_lines": [], "excluded_lines": [], "functions": {"": {"executed_lines": [], "summary": {"covered_lines": 0, "num_statements": 0, "percent_covered": 100.0, "percent_covered_display": "100", "missing_lines": 0, "excluded_lines": 0, "percent_statements_covered": 100.0, "percent_statements_covered_display": "100"}, "missing_lines": [], "excluded_lines": [], "start_line": 1}}, "classes": {"": {"executed_lines": [], "summary": {"covered_lines": 0, "num_statements": 0, "percent_covered": 100.0, "percent_covered_display": "100", "missing_lines": 0, "excluded_lines": 0, "percent_statements_covered": 100.0, "percent_statements_covered_display": "100"}, "missing_lines": [], "excluded_lines": [], "start_line": 1}}}, "app\\core\\api_keys.py": {"executed_lines": [3, 5, 6, 7, 10, 13, 15, 17, 19, 21, 23, 25, 27, 29, 31, 33, 35, 36, 38, 40], "summary": {"covered_lines": 20, "num_statements": 21, "percent_covered": 95.23809523809524, "percent_covered_display": "95", "missing_lines": 1, "excluded_lines": 0, "percent_statements_covered": 95.23809523809524, "percent_statements_covered_display": "95"}, "missing_lines": [30], "excluded_lines": [], "functions": {"APIKeyCore.generate_raw_key": {"executed_lines": [17], "summary": {"covered_lines": 1, "num_statements": 1, "percent_covered": 100.0, "percent_covered_display": "100", "missing_lines": 0, "excluded_lines": 0, "percent_statements_covered": 100.0, "percent_statements_covered_display": "100"}, "missing_lines": [], "excluded_lines": [], "start_line": 15}, "APIKeyCore.hash_key": {"executed_lines": [21], "summary": {"covered_lines": 1, "num_statements": 1, "percent_covered": 100.0, "percent_covered_display": "100", "missing_lines": 0, "excluded_lines": 0, "percent_statements_covered": 100.0, "percent_statements_covered_display": "100"}, "missing_lines": [], "excluded_lines": [], "start_line": 19}, "APIKeyCore.key_prefix": {"executed_lines": [25], "summary": {"covered_lines": 1, "num_statements": 1, "percent_covered": 100.0, "percent_covered_display": "100", "missing_lines": 0, "excluded_lines": 0, "percent_statements_covered": 100.0, "percent_statements_covered_display": "100"}, "missing_lines": [], "excluded_lines": [], "start_line": 23}, "APIKeyCore.is_valid_format": {"executed_lines": [29, 31], "summary": {"covered_lines": 2, "num_statements": 3, "percent_covered": 66.66666666666667, "percent_covered_display": "67", "missing_lines": 1, "excluded_lines": 0, "percent_statements_covered": 66.66666666666667, "percent_statements_covered_display": "67"}, "missing_lines": [30], "excluded_lines": [], "start_line": 27}, "APIKeyCore.hash_matches": {"executed_lines": [35, 36], "summary": {"covered_lines": 2, "num_statements": 2, "percent_covered": 100.0, "percent_covered_display": "100", "missing_lines": 0, "excluded_lines": 0, "percent_statements_covered": 100.0, "percent_statements_covered_display": "100"}, "missing_lines": [], "excluded_lines": [], "start_line": 33}, "APIKeyCore.scopes_from_storage": {"executed_lines": [40], "summary": {"covered_lines": 1, "num_statements": 1, "percent_covered": 100.0, "percent_covered_display": "100", "missing_lines": 0, "excluded_lines": 0, "percent_statements_covered": 100.0, "percent_statements_covered_display": "100"}, "missing_lines": [], "excluded_lines": [], "start_line": 38}, "": {"executed_lines": [3, 5, 6, 7, 10, 13, 15, 19, 23, 27, 33, 38], "summary": {"covered_lines": 12, "num_statements": 12, "percent_covered": 100.0, "percent_covered_display": "100", "missing_lines": 0, "excluded_lines": 0, "percent_statements_covered": 100.0, "percent_statements_covered_display": "100"}, "missing_lines": [], "excluded_lines": [], "start_line": 1}}, "classes": {"APIKeyCore": {"executed_lines": [17, 21, 25, 29, 31, 35, 36, 40], "summary": {"covered_lines": 8, "num_statements": 9, "percent_covered": 88.88888888888889, "percent_covered_display": "89", "missing_lines": 1, "excluded_lines": 0, "percent_statements_covered": 88.88888888888889, "percent_statements_covered_display": "89"}, "missing_lines": [30], "excluded_lines": [], "start_line": 10}, "": {"executed_lines": [3, 5, 6, 7, 10, 13, 15, 19, 23, 27, 33, 38], "summary": {"covered_lines": 12, "num_statements": 12, "percent_covered": 100.0, "percent_covered_display": "100", "missing_lines": 0, "excluded_lines": 0, "percent_statements_covered": 100.0, "percent_statements_covered_display": "100"}, "missing_lines": [], "excluded_lines": [], "start_line": 1}}}, "app\\core\\jwt.py": {"executed_lines": [3, 5, 6, 7, 8, 9, 10, 11, 13, 14, 15, 16, 18, 20, 21, 24, 27, 28, 29, 30, 33, 36, 37, 38, 39, 41, 51, 52, 53, 60, 61, 62, 64, 65, 72, 79, 80, 83, 84, 87, 88, 89, 90, 91, 92, 93, 96, 97, 109, 110, 111, 112, 114, 115, 117, 118, 119, 121, 125, 126, 133, 135, 137, 138, 140, 141, 144, 145, 146, 147, 148, 157, 159, 167, 168, 170, 171, 173, 174, 176, 177, 179, 180, 185, 186], "summary": {"covered_lines": 85, "num_statements": 97, "percent_covered": 87.62886597938144, "percent_covered_display": "88", "missing_lines": 12, "excluded_lines": 0, "percent_statements_covered": 87.62886597938144, "percent_statements_covered_display": "88"}, "missing_lines": [63, 81, 82, 85, 94, 116, 127, 131, 142, 182, 188, 189], "excluded_lines": [], "functions": {"TokenValidationError.__init__": {"executed_lines": [28, 29, 30], "summary": {"covered_lines": 3, "num_statements": 3, "percent_covered": 100.0, "percent_covered_display": "100", "missing_lines": 0, "excluded_lines": 0, "percent_statements_covered": 100.0, "percent_statements_covered_display": "100"}, "missing_lines": [], "excluded_lines": [], "start_line": 27}, "JWTService.__init__": {"executed_lines": [37, 38, 39], "summary": {"covered_lines": 3, "num_statements": 3, "percent_covered": 100.0, "percent_covered_display": "100", "missing_lines": 0, "excluded_lines": 0, "percent_statements_covered": 100.0, "percent_statements_covered_display": "100"}, "missing_lines": [], "excluded_lines": [], "start_line": 36}, "JWTService.issue_token": {"executed_lines": [51, 52, 53, 60, 61, 62, 64, 65], "summary": {"covered_lines": 8, "num_statements": 9, "percent_covered": 88.88888888888889, "percent_covered_display": "89", "missing_lines": 1, "excluded_lines": 0, "percent_statements_covered": 88.88888888888889, "percent_statements_covered_display": "89"}, "missing_lines": [63], "excluded_lines": [], "start_line": 41}, "JWTService.verify_token": {"executed_lines": [79, 80, 83, 84, 87, 88, 89, 90, 91, 92, 93, 96, 97, 109, 110, 111, 112, 114, 115, 117, 118, 119], "summary": {"covered_lines": 22, "num_statements": 27, "percent_covered": 81.48148148148148, "percent_covered_display": "81", "missing_lines": 5, "excluded_lines": 0, "percent_statements_covered": 81.48148148148148, "percent_statements_covered_display": "81"}, "missing_lines": [81, 82, 85, 94, 116], "excluded_lines": [], "start_line": 72}, "JWTService.jwks": {"executed_lines": [125, 126], "summary": {"covered_lines": 2, "num_statements": 4, "percent_covered": 50.0, "percent_covered_display": "50", "missing_lines": 2, "excluded_lines": 0, "percent_statements_covered": 50.0, "percent_statements_covered_display": "50"}, "missing_lines": [127, 131], "excluded_lines": [], "start_line": 121}, "JWTService._build_jwk": {"executed_lines": [135], "summary": {"covered_lines": 1, "num_statements": 1, "percent_covered": 100.0, "percent_covered_display": "100", "missing_lines": 0, "excluded_lines": 0, "percent_statements_covered": 100.0, "percent_statements_covered_display": "100"}, "missing_lines": [], "excluded_lines": [], "start_line": 133}, "JWTService.build_public_jwk": {"executed_lines": [140, 141, 144, 145, 146, 147, 148], "summary": {"covered_lines": 7, "num_statements": 8, "percent_covered": 87.5, "percent_covered_display": "88", "missing_lines": 1, "excluded_lines": 0, "percent_statements_covered": 87.5, "percent_statements_covered_display": "88"}, "missing_lines": [142], "excluded_lines": [], "start_line": 138}, "JWTService._is_supported_token_type": {"executed_lines": [159], "summary": {"covered_lines": 1, "num_statements": 1, "percent_covered": 100.0, "percent_covered_display": "100", "missing_lines": 0, "excluded_lines": 0, "percent_statements_covered": 100.0, "percent_statements_covered_display": "100"}, "missing_lines": [], "excluded_lines": [], "start_line": 157}, "JWTService._base64url_uint": {"executed_lines": [170, 171], "summary": {"covered_lines": 2, "num_statements": 2, "percent_covered": 100.0, "percent_covered_display": "100", "missing_lines": 0, "excluded_lines": 0, "percent_statements_covered": 100.0, "percent_statements_covered_display": "100"}, "missing_lines": [], "excluded_lines": [], "start_line": 168}, "JWTService._calculate_kid": {"executed_lines": [176, 177], "summary": {"covered_lines": 2, "num_statements": 2, "percent_covered": 100.0, "percent_covered_display": "100", "missing_lines": 0, "excluded_lines": 0, "percent_statements_covered": 100.0, "percent_statements_covered_display": "100"}, "missing_lines": [], "excluded_lines": [], "start_line": 174}, "JWTService.calculate_kid": {"executed_lines": [], "summary": {"covered_lines": 0, "num_statements": 1, "percent_covered": 0.0, "percent_covered_display": "0", "missing_lines": 1, "excluded_lines": 0, "percent_statements_covered": 0.0, "percent_statements_covered_display": "0"}, "missing_lines": [182], "excluded_lines": [], "start_line": 180}, "get_jwt_service": {"executed_lines": [], "summary": {"covered_lines": 0, "num_statements": 2, "percent_covered": 0.0, "percent_covered_display": "0", "missing_lines": 2, "excluded_lines": 0, "percent_statements_covered": 0.0, "percent_statements_covered_display": "0"}, "missing_lines": [188, 189], "excluded_lines": [], "start_line": 186}, "": {"executed_lines": [3, 5, 6, 7, 8, 9, 10, 11, 13, 14, 15, 16, 18, 20, 21, 24, 27, 33, 36, 41, 72, 121, 133, 137, 138, 157, 167, 168, 173, 174, 179, 180, 185, 186], "summary": {"covered_lines": 34, "num_statements": 34, "percent_covered": 100.0, "percent_covered_display": "100", "missing_lines": 0, "excluded_lines": 0, "percent_statements_covered": 100.0, "percent_statements_covered_display": "100"}, "missing_lines": [], "excluded_lines": [], "start_line": 1}}, "classes": {"TokenValidationError": {"executed_lines": [28, 29, 30], "summary": {"covered_lines": 3, "num_statements": 3, "percent_covered": 100.0, "percent_covered_display": "100", "missing_lines": 0, "excluded_lines": 0, "percent_statements_covered": 100.0, "percent_statements_covered_display": "100"}, "missing_lines": [], "excluded_lines": [], "start_line": 24}, "JWTService": {"executed_lines": [37, 38, 39, 51, 52, 53, 60, 61, 62, 64, 65, 79, 80, 83, 84, 87, 88, 89, 90, 91, 92, 93, 96, 97, 109, 110, 111, 112, 114, 115, 117, 118, 119, 125, 126, 135, 140, 141, 144, 145, 146, 147, 148, 159, 170, 171, 176, 177], "summary": {"covered_lines": 48, "num_statements": 58, "percent_covered": 82.75862068965517, "percent_covered_display": "83", "missing_lines": 10, "excluded_lines": 0, "percent_statements_covered": 82.75862068965517, "percent_statements_covered_display": "83"}, "missing_lines": [63, 81, 82, 85, 94, 116, 127, 131, 142, 182], "excluded_lines": [], "start_line": 33}, "": {"executed_lines": [3, 5, 6, 7, 8, 9, 10, 11, 13, 14, 15, 16, 18, 20, 21, 24, 27, 33, 36, 41, 72, 121, 133, 137, 138, 157, 167, 168, 173, 174, 179, 180, 185, 186], "summary": {"covered_lines": 34, "num_statements": 36, "percent_covered": 94.44444444444444, "percent_covered_display": "94", "missing_lines": 2, "excluded_lines": 0, "percent_statements_covered": 94.44444444444444, "percent_statements_covered_display": "94"}, "missing_lines": [188, 189], "excluded_lines": [], "start_line": 1}}}, "app\\core\\oauth.py": {"executed_lines": [3, 5, 6, 7, 8, 10, 11, 13, 15, 18, 21, 28, 31, 44, 52, 56, 60, 64, 86, 110, 133, 150, 164, 176, 177], "summary": {"covered_lines": 25, "num_statements": 87, "percent_covered": 28.735632183908045, "percent_covered_display": "29", "missing_lines": 62, "excluded_lines": 0, "percent_statements_covered": 28.735632183908045, "percent_statements_covered_display": "29"}, "missing_lines": [22, 23, 24, 25, 38, 39, 40, 41, 42, 46, 47, 48, 49, 50, 54, 58, 62, 72, 73, 74, 75, 83, 84, 93, 94, 95, 96, 103, 104, 108, 112, 113, 114, 115, 126, 127, 128, 129, 130, 131, 135, 136, 137, 138, 139, 140, 141, 142, 143, 144, 148, 152, 153, 154, 155, 156, 157, 158, 162, 166, 179, 180], "excluded_lines": [], "functions": {"OAuthProtocolError.__init__": {"executed_lines": [], "summary": {"covered_lines": 0, "num_statements": 4, "percent_covered": 0.0, "percent_covered_display": "0", "missing_lines": 4, "excluded_lines": 0, "percent_statements_covered": 0.0, "percent_statements_covered_display": "0"}, "missing_lines": [22, 23, 24, 25], "excluded_lines": [], "start_line": 21}, "GoogleOAuthClient.__init__": {"executed_lines": [], "summary": {"covered_lines": 0, "num_statements": 5, "percent_covered": 0.0, "percent_covered_display": "0", "missing_lines": 5, "excluded_lines": 0, "percent_statements_covered": 0.0, "percent_statements_covered_display": "0"}, "missing_lines": [38, 39, 40, 41, 42], "excluded_lines": [], "start_line": 31}, "GoogleOAuthClient.resolve_redirect_uri": {"executed_lines": [], "summary": {"covered_lines": 0, "num_statements": 5, "percent_covered": 0.0, "percent_covered_display": "0", "missing_lines": 5, "excluded_lines": 0, "percent_statements_covered": 0.0, "percent_statements_covered_display": "0"}, "missing_lines": [46, 47, 48, 49, 50], "excluded_lines": [], "start_line": 44}, "GoogleOAuthClient.generate_state": {"executed_lines": [], "summary": {"covered_lines": 0, "num_statements": 1, "percent_covered": 0.0, "percent_covered_display": "0", "missing_lines": 1, "excluded_lines": 0, "percent_statements_covered": 0.0, "percent_statements_covered_display": "0"}, "missing_lines": [54], "excluded_lines": [], "start_line": 52}, "GoogleOAuthClient.generate_nonce": {"executed_lines": [], "summary": {"covered_lines": 0, "num_statements": 1, "percent_covered": 0.0, "percent_covered_display": "0", "missing_lines": 1, "excluded_lines": 0, "percent_statements_covered": 0.0, "percent_statements_covered_display": "0"}, "missing_lines": [58], "excluded_lines": [], "start_line": 56}, "GoogleOAuthClient.generate_code_verifier": {"executed_lines": [], "summary": {"covered_lines": 0, "num_statements": 1, "percent_covered": 0.0, "percent_covered_display": "0", "missing_lines": 1, "excluded_lines": 0, "percent_statements_covered": 0.0, "percent_statements_covered_display": "0"}, "missing_lines": [62], "excluded_lines": [], "start_line": 60}, "GoogleOAuthClient.create_google_authorization_url": {"executed_lines": [], "summary": {"covered_lines": 0, "num_statements": 6, "percent_covered": 0.0, "percent_covered_display": "0", "missing_lines": 6, "excluded_lines": 0, "percent_statements_covered": 0.0, "percent_statements_covered_display": "0"}, "missing_lines": [72, 73, 74, 75, 83, 84], "excluded_lines": [], "start_line": 64}, "GoogleOAuthClient.exchange_code_for_tokens": {"executed_lines": [], "summary": {"covered_lines": 0, "num_statements": 7, "percent_covered": 0.0, "percent_covered_display": "0", "missing_lines": 7, "excluded_lines": 0, "percent_statements_covered": 0.0, "percent_statements_covered_display": "0"}, "missing_lines": [93, 94, 95, 96, 103, 104, 108], "excluded_lines": [], "start_line": 86}, "GoogleOAuthClient.verify_id_token": {"executed_lines": [], "summary": {"covered_lines": 0, "num_statements": 10, "percent_covered": 0.0, "percent_covered_display": "0", "missing_lines": 10, "excluded_lines": 0, "percent_statements_covered": 0.0, "percent_statements_covered_display": "0"}, "missing_lines": [112, 113, 114, 115, 126, 127, 128, 129, 130, 131], "excluded_lines": [], "start_line": 110}, "GoogleOAuthClient._get_provider_metadata": {"executed_lines": [], "summary": {"covered_lines": 0, "num_statements": 11, "percent_covered": 0.0, "percent_covered_display": "0", "missing_lines": 11, "excluded_lines": 0, "percent_statements_covered": 0.0, "percent_statements_covered_display": "0"}, "missing_lines": [135, 136, 137, 138, 139, 140, 141, 142, 143, 144, 148], "excluded_lines": [], "start_line": 133}, "GoogleOAuthClient._fetch_jwks": {"executed_lines": [], "summary": {"covered_lines": 0, "num_statements": 8, "percent_covered": 0.0, "percent_covered_display": "0", "missing_lines": 8, "excluded_lines": 0, "percent_statements_covered": 0.0, "percent_statements_covered_display": "0"}, "missing_lines": [152, 153, 154, 155, 156, 157, 158, 162], "excluded_lines": [], "start_line": 150}, "GoogleOAuthClient._build_client": {"executed_lines": [], "summary": {"covered_lines": 0, "num_statements": 1, "percent_covered": 0.0, "percent_covered_display": "0", "missing_lines": 1, "excluded_lines": 0, "percent_statements_covered": 0.0, "percent_statements_covered_display": "0"}, "missing_lines": [166], "excluded_lines": [], "start_line": 164}, "get_google_oauth_client": {"executed_lines": [], "summary": {"covered_lines": 0, "num_statements": 2, "percent_covered": 0.0, "percent_covered_display": "0", "missing_lines": 2, "excluded_lines": 0, "percent_statements_covered": 0.0, "percent_statements_covered_display": "0"}, "missing_lines": [179, 180], "excluded_lines": [], "start_line": 177}, "": {"executed_lines": [3, 5, 6, 7, 8, 10, 11, 13, 15, 18, 21, 28, 31, 44, 52, 56, 60, 64, 86, 110, 133, 150, 164, 176, 177], "summary": {"covered_lines": 25, "num_statements": 25, "percent_covered": 100.0, "percent_covered_display": "100", "missing_lines": 0, "excluded_lines": 0, "percent_statements_covered": 100.0, "percent_statements_covered_display": "100"}, "missing_lines": [], "excluded_lines": [], "start_line": 1}}, "classes": {"OAuthProtocolError": {"executed_lines": [], "summary": {"covered_lines": 0, "num_statements": 4, "percent_covered": 0.0, "percent_covered_display": "0", "missing_lines": 4, "excluded_lines": 0, "percent_statements_covered": 0.0, "percent_statements_covered_display": "0"}, "missing_lines": [22, 23, 24, 25], "excluded_lines": [], "start_line": 18}, "GoogleOAuthClient": {"executed_lines": [], "summary": {"covered_lines": 0, "num_statements": 56, "percent_covered": 0.0, "percent_covered_display": "0", "missing_lines": 56, "excluded_lines": 0, "percent_statements_covered": 0.0, "percent_statements_covered_display": "0"}, "missing_lines": [38, 39, 40, 41, 42, 46, 47, 48, 49, 50, 54, 58, 62, 72, 73, 74, 75, 83, 84, 93, 94, 95, 96, 103, 104, 108, 112, 113, 114, 115, 126, 127, 128, 129, 130, 131, 135, 136, 137, 138, 139, 140, 141, 142, 143, 144, 148, 152, 153, 154, 155, 156, 157, 158, 162, 166], "excluded_lines": [], "start_line": 28}, "": {"executed_lines": [3, 5, 6, 7, 8, 10, 11, 13, 15, 18, 21, 28, 31, 44, 52, 56, 60, 64, 86, 110, 133, 150, 164, 176, 177], "summary": {"covered_lines": 25, "num_statements": 27, "percent_covered": 92.5925925925926, "percent_covered_display": "93", "missing_lines": 2, "excluded_lines": 0, "percent_statements_covered": 92.5925925925926, "percent_statements_covered_display": "93"}, "missing_lines": [179, 180], "excluded_lines": [], "start_line": 1}}}, "app\\core\\otp.py": {"executed_lines": [3, 5, 6, 7, 10, 12, 15, 17, 20, 22, 25, 27, 28], "summary": {"covered_lines": 13, "num_statements": 13, "percent_covered": 100.0, "percent_covered_display": "100", "missing_lines": 0, "excluded_lines": 0, "percent_statements_covered": 100.0, "percent_statements_covered_display": "100"}, "missing_lines": [], "excluded_lines": [], "functions": {"generate_otp": {"executed_lines": [12], "summary": {"covered_lines": 1, "num_statements": 1, "percent_covered": 100.0, "percent_covered_display": "100", "missing_lines": 0, "excluded_lines": 0, "percent_statements_covered": 100.0, "percent_statements_covered_display": "100"}, "missing_lines": [], "excluded_lines": [], "start_line": 10}, "hash_otp": {"executed_lines": [17], "summary": {"covered_lines": 1, "num_statements": 1, "percent_covered": 100.0, "percent_covered_display": "100", "missing_lines": 0, "excluded_lines": 0, "percent_statements_covered": 100.0, "percent_statements_covered_display": "100"}, "missing_lines": [], "excluded_lines": [], "start_line": 15}, "verify_otp": {"executed_lines": [22], "summary": {"covered_lines": 1, "num_statements": 1, "percent_covered": 100.0, "percent_covered_display": "100", "missing_lines": 0, "excluded_lines": 0, "percent_statements_covered": 100.0, "percent_statements_covered_display": "100"}, "missing_lines": [], "excluded_lines": [], "start_line": 20}, "mask_email": {"executed_lines": [27, 28], "summary": {"covered_lines": 2, "num_statements": 2, "percent_covered": 100.0, "percent_covered_display": "100", "missing_lines": 0, "excluded_lines": 0, "percent_statements_covered": 100.0, "percent_statements_covered_display": "100"}, "missing_lines": [], "excluded_lines": [], "start_line": 25}, "": {"executed_lines": [3, 5, 6, 7, 10, 15, 20, 25], "summary": {"covered_lines": 8, "num_statements": 8, "percent_covered": 100.0, "percent_covered_display": "100", "missing_lines": 0, "excluded_lines": 0, "percent_statements_covered": 100.0, "percent_statements_covered_display": "100"}, "missing_lines": [], "excluded_lines": [], "start_line": 1}}, "classes": {"": {"executed_lines": [3, 5, 6, 7, 10, 12, 15, 17, 20, 22, 25, 27, 28], "summary": {"covered_lines": 13, "num_statements": 13, "percent_covered": 100.0, "percent_covered_display": "100", "missing_lines": 0, "excluded_lines": 0, "percent_statements_covered": 100.0, "percent_statements_covered_display": "100"}, "missing_lines": [], "excluded_lines": [], "start_line": 1}}}, "app\\core\\saml.py": {"executed_lines": [3, 5, 6, 7, 9, 11, 13, 14, 17, 18, 21, 22, 23, 26, 29, 30, 31, 32, 33, 36, 39, 40, 42, 52, 54, 55, 56, 57, 58, 62, 63, 64, 78, 94, 104, 114, 115, 134, 135, 155, 161, 162, 163, 164, 165, 167, 178, 213, 214], "summary": {"covered_lines": 49, "num_statements": 103, "percent_covered": 47.57281553398058, "percent_covered_display": "48", "missing_lines": 54, "excluded_lines": 0, "percent_statements_covered": 47.57281553398058, "percent_statements_covered_display": "48"}, "missing_lines": [44, 45, 46, 47, 48, 66, 67, 68, 69, 70, 71, 72, 80, 81, 82, 83, 84, 85, 88, 89, 92, 96, 97, 98, 99, 102, 106, 107, 108, 109, 112, 117, 124, 125, 126, 127, 128, 129, 130, 131, 132, 137, 144, 145, 146, 147, 148, 149, 150, 151, 152, 180, 181, 216], "excluded_lines": [], "functions": {"SamlProtocolError.__init__": {"executed_lines": [30, 31, 32, 33], "summary": {"covered_lines": 4, "num_statements": 4, "percent_covered": 100.0, "percent_covered_display": "100", "missing_lines": 0, "excluded_lines": 0, "percent_statements_covered": 100.0, "percent_statements_covered_display": "100"}, "missing_lines": [], "excluded_lines": [], "start_line": 29}, "SamlCore.__init__": {"executed_lines": [40], "summary": {"covered_lines": 1, "num_statements": 1, "percent_covered": 100.0, "percent_covered_display": "100", "missing_lines": 0, "excluded_lines": 0, "percent_statements_covered": 100.0, "percent_statements_covered_display": "100"}, "missing_lines": [], "excluded_lines": [], "start_line": 39}, "SamlCore.login_url": {"executed_lines": [], "summary": {"covered_lines": 0, "num_statements": 5, "percent_covered": 0.0, "percent_covered_display": "0", "missing_lines": 5, "excluded_lines": 0, "percent_statements_covered": 0.0, "percent_statements_covered_display": "0"}, "missing_lines": [44, 45, 46, 47, 48], "excluded_lines": [], "start_line": 42}, "SamlCore.parse_assertion": {"executed_lines": [54, 55, 56, 57, 58, 62, 63, 64], "summary": {"covered_lines": 8, "num_statements": 15, "percent_covered": 53.333333333333336, "percent_covered_display": "53", "missing_lines": 7, "excluded_lines": 0, "percent_statements_covered": 53.333333333333336, "percent_statements_covered_display": "53"}, "missing_lines": [66, 67, 68, 69, 70, 71, 72], "excluded_lines": [], "start_line": 52}, "SamlCore.metadata_xml": {"executed_lines": [], "summary": {"covered_lines": 0, "num_statements": 9, "percent_covered": 0.0, "percent_covered_display": "0", "missing_lines": 9, "excluded_lines": 0, "percent_statements_covered": 0.0, "percent_statements_covered_display": "0"}, "missing_lines": [80, 81, 82, 83, 84, 85, 88, 89, 92], "excluded_lines": [], "start_line": 78}, "SamlCore._build_auth": {"executed_lines": [], "summary": {"covered_lines": 0, "num_statements": 5, "percent_covered": 0.0, "percent_covered_display": "0", "missing_lines": 5, "excluded_lines": 0, "percent_statements_covered": 0.0, "percent_statements_covered_display": "0"}, "missing_lines": [96, 97, 98, 99, 102], "excluded_lines": [], "start_line": 94}, "SamlCore._build_settings": {"executed_lines": [], "summary": {"covered_lines": 0, "num_statements": 5, "percent_covered": 0.0, "percent_covered_display": "0", "missing_lines": 5, "excluded_lines": 0, "percent_statements_covered": 0.0, "percent_statements_covered_display": "0"}, "missing_lines": [106, 107, 108, 109, 112], "excluded_lines": [], "start_line": 104}, "SamlCore._extract_email": {"executed_lines": [], "summary": {"covered_lines": 0, "num_statements": 10, "percent_covered": 0.0, "percent_covered_display": "0", "missing_lines": 10, "excluded_lines": 0, "percent_statements_covered": 0.0, "percent_statements_covered_display": "0"}, "missing_lines": [117, 124, 125, 126, 127, 128, 129, 130, 131, 132], "excluded_lines": [], "start_line": 115}, "SamlCore._extract_email_verified": {"executed_lines": [], "summary": {"covered_lines": 0, "num_statements": 10, "percent_covered": 0.0, "percent_covered_display": "0", "missing_lines": 10, "excluded_lines": 0, "percent_statements_covered": 0.0, "percent_statements_covered_display": "0"}, "missing_lines": [137, 144, 145, 146, 147, 148, 149, 150, 151, 152], "excluded_lines": [], "start_line": 135}, "build_saml_request_data": {"executed_lines": [161, 162, 163, 164, 165, 167], "summary": {"covered_lines": 6, "num_statements": 6, "percent_covered": 100.0, "percent_covered_display": "100", "missing_lines": 0, "excluded_lines": 0, "percent_statements_covered": 100.0, "percent_statements_covered_display": "100"}, "missing_lines": [], "excluded_lines": [], "start_line": 155}, "_build_saml_settings_from_config": {"executed_lines": [], "summary": {"covered_lines": 0, "num_statements": 2, "percent_covered": 0.0, "percent_covered_display": "0", "missing_lines": 2, "excluded_lines": 0, "percent_statements_covered": 0.0, "percent_statements_covered_display": "0"}, "missing_lines": [180, 181], "excluded_lines": [], "start_line": 178}, "get_saml_core": {"executed_lines": [], "summary": {"covered_lines": 0, "num_statements": 1, "percent_covered": 0.0, "percent_covered_display": "0", "missing_lines": 1, "excluded_lines": 0, "percent_statements_covered": 0.0, "percent_statements_covered_display": "0"}, "missing_lines": [216], "excluded_lines": [], "start_line": 214}, "": {"executed_lines": [3, 5, 6, 7, 9, 11, 13, 14, 17, 18, 21, 22, 23, 26, 29, 36, 39, 42, 52, 78, 94, 104, 114, 115, 134, 135, 155, 178, 213, 214], "summary": {"covered_lines": 30, "num_statements": 30, "percent_covered": 100.0, "percent_covered_display": "100", "missing_lines": 0, "excluded_lines": 0, "percent_statements_covered": 100.0, "percent_statements_covered_display": "100"}, "missing_lines": [], "excluded_lines": [], "start_line": 1}}, "classes": {"SamlAssertion": {"executed_lines": [], "summary": {"covered_lines": 0, "num_statements": 0, "percent_covered": 100.0, "percent_covered_display": "100", "missing_lines": 0, "excluded_lines": 0, "percent_statements_covered": 100.0, "percent_statements_covered_display": "100"}, "missing_lines": [], "excluded_lines": [], "start_line": 18}, "SamlProtocolError": {"executed_lines": [30, 31, 32, 33], "summary": {"covered_lines": 4, "num_statements": 4, "percent_covered": 100.0, "percent_covered_display": "100", "missing_lines": 0, "excluded_lines": 0, "percent_statements_covered": 100.0, "percent_statements_covered_display": "100"}, "missing_lines": [], "excluded_lines": [], "start_line": 26}, "SamlCore": {"executed_lines": [40, 54, 55, 56, 57, 58, 62, 63, 64], "summary": {"covered_lines": 9, "num_statements": 60, "percent_covered": 15.0, "percent_covered_display": "15", "missing_lines": 51, "excluded_lines": 0, "percent_statements_covered": 15.0, "percent_statements_covered_display": "15"}, "missing_lines": [44, 45, 46, 47, 48, 66, 67, 68, 69, 70, 71, 72, 80, 81, 82, 83, 84, 85, 88, 89, 92, 96, 97, 98, 99, 102, 106, 107, 108, 109, 112, 117, 124, 125, 126, 127, 128, 129, 130, 131, 132, 137, 144, 145, 146, 147, 148, 149, 150, 151, 152], "excluded_lines": [], "start_line": 36}, "": {"executed_lines": [3, 5, 6, 7, 9, 11, 13, 14, 17, 18, 21, 22, 23, 26, 29, 36, 39, 42, 52, 78, 94, 104, 114, 115, 134, 135, 155, 161, 162, 163, 164, 165, 167, 178, 213, 214], "summary": {"covered_lines": 36, "num_statements": 39, "percent_covered": 92.3076923076923, "percent_covered_display": "92", "missing_lines": 3, "excluded_lines": 0, "percent_statements_covered": 92.3076923076923, "percent_statements_covered_display": "92"}, "missing_lines": [180, 181, 216], "excluded_lines": [], "start_line": 1}}}, "app\\core\\sessions.py": {"executed_lines": [3, 5, 6, 7, 8, 9, 10, 11, 12, 13, 15, 16, 17, 18, 19, 21, 22, 25, 26, 29, 30, 31, 32, 33, 34, 37, 40, 41, 42, 43, 44, 47, 50, 51, 54, 67, 70, 71, 72, 74, 85, 91, 100, 101, 102, 103, 107, 108, 110, 117, 118, 119, 124, 127, 128, 131, 132, 140, 141, 142, 143, 144, 145, 146, 147, 148, 149, 151, 159, 160, 161, 166, 169, 170, 171, 172, 173, 174, 175, 176, 177, 179, 195, 197, 198, 199, 200, 201, 202, 204, 205, 208, 209, 210, 212, 214, 215, 216, 233, 235, 236, 237, 238, 239, 241, 243, 244, 245, 249, 251, 253, 254, 263, 264, 267, 268, 270, 272, 273, 275, 277, 278, 280, 281, 284, 285, 291, 292], "summary": {"covered_lines": 128, "num_statements": 153, "percent_covered": 83.66013071895425, "percent_covered_display": "84", "missing_lines": 25, "excluded_lines": 10, "percent_statements_covered": 83.66013071895425, "percent_statements_covered_display": "84"}, "missing_lines": [104, 105, 106, 125, 129, 167, 186, 190, 191, 192, 193, 203, 206, 207, 230, 231, 246, 247, 265, 266, 269, 287, 288, 294, 295], "excluded_lines": [57, 58, 59, 60, 61, 62, 63, 64, 65, 66], "functions": {"SessionStateError.__init__": {"executed_lines": [41, 42, 43, 44], "summary": {"covered_lines": 4, "num_statements": 4, "percent_covered": 100.0, "percent_covered_display": "100", "missing_lines": 0, "excluded_lines": 0, "percent_statements_covered": 100.0, "percent_statements_covered_display": "100"}, "missing_lines": [], "excluded_lines": [], "start_line": 40}, "TokenIssuer.__call__": {"executed_lines": [], "summary": {"covered_lines": 0, "num_statements": 0, "percent_covered": 100.0, "percent_covered_display": "100", "missing_lines": 0, "excluded_lines": 1, "percent_statements_covered": 100.0, "percent_statements_covered_display": "100"}, "missing_lines": [], "excluded_lines": [64], "start_line": 57}, "SessionService.__init__": {"executed_lines": [71, 72], "summary": {"covered_lines": 2, "num_statements": 2, "percent_covered": 100.0, "percent_covered_display": "100", "missing_lines": 0, "excluded_lines": 0, "percent_statements_covered": 100.0, "percent_statements_covered_display": "100"}, "missing_lines": [], "excluded_lines": [], "start_line": 70}, "SessionService.create_login_session": {"executed_lines": [85, 91, 100, 101, 102, 103, 107, 108], "summary": {"covered_lines": 8, "num_statements": 11, "percent_covered": 72.72727272727273, "percent_covered_display": "73", "missing_lines": 3, "excluded_lines": 0, "percent_statements_covered": 72.72727272727273, "percent_statements_covered_display": "73"}, "missing_lines": [104, 105, 106], "excluded_lines": [], "start_line": 74}, "SessionService.rotate_refresh_session": {"executed_lines": [117, 118, 119, 124, 127, 128, 131, 132, 140, 141, 142, 143, 144, 145, 146, 147, 148, 149], "summary": {"covered_lines": 18, "num_statements": 20, "percent_covered": 90.0, "percent_covered_display": "90", "missing_lines": 2, "excluded_lines": 0, "percent_statements_covered": 90.0, "percent_statements_covered_display": "90"}, "missing_lines": [125, 129], "excluded_lines": [], "start_line": 110}, "SessionService.revoke_session": {"executed_lines": [159, 160, 161, 166, 169, 170, 171, 172, 173, 174, 175, 176, 177], "summary": {"covered_lines": 13, "num_statements": 14, "percent_covered": 92.85714285714286, "percent_covered_display": "93", "missing_lines": 1, "excluded_lines": 0, "percent_statements_covered": 92.85714285714286, "percent_statements_covered_display": "93"}, "missing_lines": [167], "excluded_lines": [], "start_line": 151}, "SessionService._fetch_session_by_refresh_hash": {"executed_lines": [], "summary": {"covered_lines": 0, "num_statements": 5, "percent_covered": 0.0, "percent_covered_display": "0", "missing_lines": 5, "excluded_lines": 0, "percent_statements_covered": 0.0, "percent_statements_covered_display": "0"}, "missing_lines": [186, 190, 191, 192, 193], "excluded_lines": [], "start_line": 179}, "SessionService._get_session_payload": {"executed_lines": [197, 198, 199, 200, 201, 202, 204, 205, 208, 209, 210], "summary": {"covered_lines": 11, "num_statements": 14, "percent_covered": 78.57142857142857, "percent_covered_display": "79", "missing_lines": 3, "excluded_lines": 0, "percent_statements_covered": 78.57142857142857, "percent_statements_covered_display": "79"}, "missing_lines": [203, 206, 207], "excluded_lines": [], "start_line": 195}, "SessionService._set_session_payload": {"executed_lines": [214, 215, 216], "summary": {"covered_lines": 3, "num_statements": 5, "percent_covered": 60.0, "percent_covered_display": "60", "missing_lines": 2, "excluded_lines": 0, "percent_statements_covered": 60.0, "percent_statements_covered_display": "60"}, "missing_lines": [230, 231], "excluded_lines": [], "start_line": 212}, "SessionService._delete_session_payload": {"executed_lines": [235, 236, 237, 238, 239], "summary": {"covered_lines": 5, "num_statements": 5, "percent_covered": 100.0, "percent_covered_display": "100", "missing_lines": 0, "excluded_lines": 0, "percent_statements_covered": 100.0, "percent_statements_covered_display": "100"}, "missing_lines": [], "excluded_lines": [], "start_line": 233}, "SessionService._add_to_blocklist": {"executed_lines": [243, 244, 245], "summary": {"covered_lines": 3, "num_statements": 5, "percent_covered": 60.0, "percent_covered_display": "60", "missing_lines": 2, "excluded_lines": 0, "percent_statements_covered": 60.0, "percent_statements_covered_display": "60"}, "missing_lines": [246, 247], "excluded_lines": [], "start_line": 241}, "SessionService._session_key": {"executed_lines": [251], "summary": {"covered_lines": 1, "num_statements": 1, "percent_covered": 100.0, "percent_covered_display": "100", "missing_lines": 0, "excluded_lines": 0, "percent_statements_covered": 100.0, "percent_statements_covered_display": "100"}, "missing_lines": [], "excluded_lines": [], "start_line": 249}, "SessionService._invoke_token_issuer": {"executed_lines": [263, 264, 267, 268, 270], "summary": {"covered_lines": 5, "num_statements": 8, "percent_covered": 62.5, "percent_covered_display": "62", "missing_lines": 3, "excluded_lines": 0, "percent_statements_covered": 62.5, "percent_statements_covered_display": "62"}, "missing_lines": [265, 266, 269], "excluded_lines": [], "start_line": 254}, "SessionService._hash_token": {"executed_lines": [275], "summary": {"covered_lines": 1, "num_statements": 1, "percent_covered": 100.0, "percent_covered_display": "100", "missing_lines": 0, "excluded_lines": 0, "percent_statements_covered": 100.0, "percent_statements_covered_display": "100"}, "missing_lines": [], "excluded_lines": [], "start_line": 273}, "SessionService._remaining_lifetime_seconds": {"executed_lines": [280, 281], "summary": {"covered_lines": 2, "num_statements": 2, "percent_covered": 100.0, "percent_covered_display": "100", "missing_lines": 0, "excluded_lines": 0, "percent_statements_covered": 100.0, "percent_statements_covered_display": "100"}, "missing_lines": [], "excluded_lines": [], "start_line": 278}, "get_redis_client": {"executed_lines": [], "summary": {"covered_lines": 0, "num_statements": 2, "percent_covered": 0.0, "percent_covered_display": "0", "missing_lines": 2, "excluded_lines": 0, "percent_statements_covered": 0.0, "percent_statements_covered_display": "0"}, "missing_lines": [287, 288], "excluded_lines": [], "start_line": 285}, "get_session_service": {"executed_lines": [], "summary": {"covered_lines": 0, "num_statements": 2, "percent_covered": 0.0, "percent_covered_display": "0", "missing_lines": 2, "excluded_lines": 0, "percent_statements_covered": 0.0, "percent_statements_covered_display": "0"}, "missing_lines": [294, 295], "excluded_lines": [], "start_line": 292}, "": {"executed_lines": [3, 5, 6, 7, 8, 9, 10, 11, 12, 13, 15, 16, 17, 18, 19, 21, 22, 25, 26, 29, 30, 31, 32, 33, 34, 37, 40, 47, 50, 51, 54, 67, 70, 74, 110, 151, 179, 195, 212, 233, 241, 249, 253, 254, 272, 273, 277, 278, 284, 285, 291, 292], "summary": {"covered_lines": 52, "num_statements": 52, "percent_covered": 100.0, "percent_covered_display": "100", "missing_lines": 0, "excluded_lines": 9, "percent_statements_covered": 100.0, "percent_statements_covered_display": "100"}, "missing_lines": [], "excluded_lines": [57, 58, 59, 60, 61, 62, 63, 65, 66], "start_line": 1}}, "classes": {"SessionPayload": {"executed_lines": [], "summary": {"covered_lines": 0, "num_statements": 0, "percent_covered": 100.0, "percent_covered_display": "100", "missing_lines": 0, "excluded_lines": 0, "percent_statements_covered": 100.0, "percent_statements_covered_display": "100"}, "missing_lines": [], "excluded_lines": [], "start_line": 26}, "SessionStateError": {"executed_lines": [41, 42, 43, 44], "summary": {"covered_lines": 4, "num_statements": 4, "percent_covered": 100.0, "percent_covered_display": "100", "missing_lines": 0, "excluded_lines": 0, "percent_statements_covered": 100.0, "percent_statements_covered_display": "100"}, "missing_lines": [], "excluded_lines": [], "start_line": 37}, "TokenPairLike": {"executed_lines": [], "summary": {"covered_lines": 0, "num_statements": 0, "percent_covered": 100.0, "percent_covered_display": "100", "missing_lines": 0, "excluded_lines": 0, "percent_statements_covered": 100.0, "percent_statements_covered_display": "100"}, "missing_lines": [], "excluded_lines": [], "start_line": 47}, "TokenIssuer": {"executed_lines": [], "summary": {"covered_lines": 0, "num_statements": 0, "percent_covered": 100.0, "percent_covered_display": "100", "missing_lines": 0, "excluded_lines": 1, "percent_statements_covered": 100.0, "percent_statements_covered_display": "100"}, "missing_lines": [], "excluded_lines": [64], "start_line": 54}, "SessionService": {"executed_lines": [71, 72, 85, 91, 100, 101, 102, 103, 107, 108, 117, 118, 119, 124, 127, 128, 131, 132, 140, 141, 142, 143, 144, 145, 146, 147, 148, 149, 159, 160, 161, 166, 169, 170, 171, 172, 173, 174, 175, 176, 177, 197, 198, 199, 200, 201, 202, 204, 205, 208, 209, 210, 214, 215, 216, 235, 236, 237, 238, 239, 243, 244, 245, 251, 263, 264, 267, 268, 270, 275, 280, 281], "summary": {"covered_lines": 72, "num_statements": 93, "percent_covered": 77.41935483870968, "percent_covered_display": "77", "missing_lines": 21, "excluded_lines": 0, "percent_statements_covered": 77.41935483870968, "percent_statements_covered_display": "77"}, "missing_lines": [104, 105, 106, 125, 129, 167, 186, 190, 191, 192, 193, 203, 206, 207, 230, 231, 246, 247, 265, 266, 269], "excluded_lines": [], "start_line": 67}, "": {"executed_lines": [3, 5, 6, 7, 8, 9, 10, 11, 12, 13, 15, 16, 17, 18, 19, 21, 22, 25, 26, 29, 30, 31, 32, 33, 34, 37, 40, 47, 50, 51, 54, 67, 70, 74, 110, 151, 179, 195, 212, 233, 241, 249, 253, 254, 272, 273, 277, 278, 284, 285, 291, 292], "summary": {"covered_lines": 52, "num_statements": 56, "percent_covered": 92.85714285714286, "percent_covered_display": "93", "missing_lines": 4, "excluded_lines": 9, "percent_statements_covered": 92.85714285714286, "percent_statements_covered_display": "93"}, "missing_lines": [287, 288, 294, 295], "excluded_lines": [57, 58, 59, 60, 61, 62, 63, 65, 66], "start_line": 1}}}, "app\\core\\signing_keys.py": {"executed_lines": [3, 5, 6, 7, 8, 9, 11, 12, 13, 14, 15, 17, 18, 19, 22, 23, 26, 27, 28, 29, 30, 31, 34, 35, 38, 39, 42, 45, 47, 57, 64, 72, 81, 116, 139, 155, 167, 194, 205, 210, 220, 221, 227, 228, 247, 248], "summary": {"covered_lines": 46, "num_statements": 126, "percent_covered": 36.507936507936506, "percent_covered_display": "37", "missing_lines": 80, "excluded_lines": 0, "percent_statements_covered": 36.507936507936506, "percent_statements_covered_display": "37"}, "missing_lines": [53, 54, 55, 59, 60, 61, 62, 66, 67, 68, 69, 70, 74, 75, 79, 87, 88, 89, 90, 92, 93, 95, 96, 98, 99, 107, 108, 110, 114, 122, 123, 128, 129, 130, 131, 132, 133, 134, 135, 136, 137, 141, 150, 151, 152, 153, 157, 165, 169, 170, 174, 175, 176, 177, 178, 179, 180, 182, 190, 191, 192, 196, 207, 208, 212, 213, 214, 215, 216, 217, 218, 223, 224, 225, 230, 231, 236, 244, 250, 251], "excluded_lines": [], "functions": {"SigningKeyService.__init__": {"executed_lines": [], "summary": {"covered_lines": 0, "num_statements": 3, "percent_covered": 0.0, "percent_covered_display": "0", "missing_lines": 3, "excluded_lines": 0, "percent_statements_covered": 0.0, "percent_statements_covered_display": "0"}, "missing_lines": [53, 54, 55], "excluded_lines": [], "start_line": 47}, "SigningKeyService.get_active_signing_key": {"executed_lines": [], "summary": {"covered_lines": 0, "num_statements": 4, "percent_covered": 0.0, "percent_covered_display": "0", "missing_lines": 4, "excluded_lines": 0, "percent_statements_covered": 0.0, "percent_statements_covered_display": "0"}, "missing_lines": [59, 60, 61, 62], "excluded_lines": [], "start_line": 57}, "SigningKeyService.get_verification_public_keys": {"executed_lines": [], "summary": {"covered_lines": 0, "num_statements": 5, "percent_covered": 0.0, "percent_covered_display": "0", "missing_lines": 5, "excluded_lines": 0, "percent_statements_covered": 0.0, "percent_statements_covered_display": "0"}, "missing_lines": [66, 67, 68, 69, 70], "excluded_lines": [], "start_line": 64}, "SigningKeyService.get_jwks_payload": {"executed_lines": [], "summary": {"covered_lines": 0, "num_statements": 3, "percent_covered": 0.0, "percent_covered_display": "0", "missing_lines": 3, "excluded_lines": 0, "percent_statements_covered": 0.0, "percent_statements_covered_display": "0"}, "missing_lines": [74, 75, 79], "excluded_lines": [], "start_line": 72}, "SigningKeyService.rotate_signing_key": {"executed_lines": [], "summary": {"covered_lines": 0, "num_statements": 14, "percent_covered": 0.0, "percent_covered_display": "0", "missing_lines": 14, "excluded_lines": 0, "percent_statements_covered": 0.0, "percent_statements_covered_display": "0"}, "missing_lines": [87, 88, 89, 90, 92, 93, 95, 96, 98, 99, 107, 108, 110, 114], "excluded_lines": [], "start_line": 81}, "SigningKeyService.retire_expired_keys": {"executed_lines": [], "summary": {"covered_lines": 0, "num_statements": 12, "percent_covered": 0.0, "percent_covered_display": "0", "missing_lines": 12, "excluded_lines": 0, "percent_statements_covered": 0.0, "percent_statements_covered_display": "0"}, "missing_lines": [122, 123, 128, 129, 130, 131, 132, 133, 134, 135, 136, 137], "excluded_lines": [], "start_line": 116}, "SigningKeyService._fetch_single_active_row": {"executed_lines": [], "summary": {"covered_lines": 0, "num_statements": 5, "percent_covered": 0.0, "percent_covered_display": "0", "missing_lines": 5, "excluded_lines": 0, "percent_statements_covered": 0.0, "percent_statements_covered_display": "0"}, "missing_lines": [141, 150, 151, 152, 153], "excluded_lines": [], "start_line": 139}, "SigningKeyService._fetch_non_retired_rows": {"executed_lines": [], "summary": {"covered_lines": 0, "num_statements": 2, "percent_covered": 0.0, "percent_covered_display": "0", "missing_lines": 2, "excluded_lines": 0, "percent_statements_covered": 0.0, "percent_statements_covered_display": "0"}, "missing_lines": [157, 165], "excluded_lines": [], "start_line": 155}, "SigningKeyService._bootstrap_fallback_active_key": {"executed_lines": [], "summary": {"covered_lines": 0, "num_statements": 13, "percent_covered": 0.0, "percent_covered_display": "0", "missing_lines": 13, "excluded_lines": 0, "percent_statements_covered": 0.0, "percent_statements_covered_display": "0"}, "missing_lines": [169, 170, 174, 175, 176, 177, 178, 179, 180, 182, 190, 191, 192], "excluded_lines": [], "start_line": 167}, "SigningKeyService._material_from_row": {"executed_lines": [], "summary": {"covered_lines": 0, "num_statements": 1, "percent_covered": 0.0, "percent_covered_display": "0", "missing_lines": 1, "excluded_lines": 0, "percent_statements_covered": 0.0, "percent_statements_covered_display": "0"}, "missing_lines": [196], "excluded_lines": [], "start_line": 194}, "SigningKeyService._encrypt_private_key": {"executed_lines": [], "summary": {"covered_lines": 0, "num_statements": 2, "percent_covered": 0.0, "percent_covered_display": "0", "missing_lines": 2, "excluded_lines": 0, "percent_statements_covered": 0.0, "percent_statements_covered_display": "0"}, "missing_lines": [207, 208], "excluded_lines": [], "start_line": 205}, "SigningKeyService._decrypt_private_key": {"executed_lines": [], "summary": {"covered_lines": 0, "num_statements": 7, "percent_covered": 0.0, "percent_covered_display": "0", "missing_lines": 7, "excluded_lines": 0, "percent_statements_covered": 0.0, "percent_statements_covered_display": "0"}, "missing_lines": [212, 213, 214, 215, 216, 217, 218], "excluded_lines": [], "start_line": 210}, "SigningKeyService._build_fernet_key": {"executed_lines": [], "summary": {"covered_lines": 0, "num_statements": 3, "percent_covered": 0.0, "percent_covered_display": "0", "missing_lines": 3, "excluded_lines": 0, "percent_statements_covered": 0.0, "percent_statements_covered_display": "0"}, "missing_lines": [223, 224, 225], "excluded_lines": [], "start_line": 221}, "SigningKeyService.generate_rsa_keypair": {"executed_lines": [], "summary": {"covered_lines": 0, "num_statements": 4, "percent_covered": 0.0, "percent_covered_display": "0", "missing_lines": 4, "excluded_lines": 0, "percent_statements_covered": 0.0, "percent_statements_covered_display": "0"}, "missing_lines": [230, 231, 236, 244], "excluded_lines": [], "start_line": 228}, "get_signing_key_service": {"executed_lines": [], "summary": {"covered_lines": 0, "num_statements": 2, "percent_covered": 0.0, "percent_covered_display": "0", "missing_lines": 2, "excluded_lines": 0, "percent_statements_covered": 0.0, "percent_statements_covered_display": "0"}, "missing_lines": [250, 251], "excluded_lines": [], "start_line": 248}, "": {"executed_lines": [3, 5, 6, 7, 8, 9, 11, 12, 13, 14, 15, 17, 18, 19, 22, 23, 26, 27, 28, 29, 30, 31, 34, 35, 38, 39, 42, 45, 47, 57, 64, 72, 81, 116, 139, 155, 167, 194, 205, 210, 220, 221, 227, 228, 247, 248], "summary": {"covered_lines": 46, "num_statements": 46, "percent_covered": 100.0, "percent_covered_display": "100", "missing_lines": 0, "excluded_lines": 0, "percent_statements_covered": 100.0, "percent_statements_covered_display": "100"}, "missing_lines": [], "excluded_lines": [], "start_line": 1}}, "classes": {"SigningKeyMaterial": {"executed_lines": [], "summary": {"covered_lines": 0, "num_statements": 0, "percent_covered": 100.0, "percent_covered_display": "100", "missing_lines": 0, "excluded_lines": 0, "percent_statements_covered": 100.0, "percent_statements_covered_display": "100"}, "missing_lines": [], "excluded_lines": [], "start_line": 23}, "SigningKeyRotationResult": {"executed_lines": [], "summary": {"covered_lines": 0, "num_statements": 0, "percent_covered": 100.0, "percent_covered_display": "100", "missing_lines": 0, "excluded_lines": 0, "percent_statements_covered": 100.0, "percent_statements_covered_display": "100"}, "missing_lines": [], "excluded_lines": [], "start_line": 35}, "SigningKeyService": {"executed_lines": [], "summary": {"covered_lines": 0, "num_statements": 78, "percent_covered": 0.0, "percent_covered_display": "0", "missing_lines": 78, "excluded_lines": 0, "percent_statements_covered": 0.0, "percent_statements_covered_display": "0"}, "missing_lines": [53, 54, 55, 59, 60, 61, 62, 66, 67, 68, 69, 70, 74, 75, 79, 87, 88, 89, 90, 92, 93, 95, 96, 98, 99, 107, 108, 110, 114, 122, 123, 128, 129, 130, 131, 132, 133, 134, 135, 136, 137, 141, 150, 151, 152, 153, 157, 165, 169, 170, 174, 175, 176, 177, 178, 179, 180, 182, 190, 191, 192, 196, 207, 208, 212, 213, 214, 215, 216, 217, 218, 223, 224, 225, 230, 231, 236, 244], "excluded_lines": [], "start_line": 42}, "": {"executed_lines": [3, 5, 6, 7, 8, 9, 11, 12, 13, 14, 15, 17, 18, 19, 22, 23, 26, 27, 28, 29, 30, 31, 34, 35, 38, 39, 42, 45, 47, 57, 64, 72, 81, 116, 139, 155, 167, 194, 205, 210, 220, 221, 227, 228, 247, 248], "summary": {"covered_lines": 46, "num_statements": 48, "percent_covered": 95.83333333333333, "percent_covered_display": "96", "missing_lines": 2, "excluded_lines": 0, "percent_statements_covered": 95.83333333333333, "percent_statements_covered_display": "96"}, "missing_lines": [250, 251], "excluded_lines": [], "start_line": 1}}}, "app\\db\\__init__.py": {"executed_lines": [3, 4, 6], "summary": {"covered_lines": 3, "num_statements": 3, "percent_covered": 100.0, "percent_covered_display": "100", "missing_lines": 0, "excluded_lines": 0, "percent_statements_covered": 100.0, "percent_statements_covered_display": "100"}, "missing_lines": [], "excluded_lines": [], "functions": {"": {"executed_lines": [3, 4, 6], "summary": {"covered_lines": 3, "num_statements": 3, "percent_covered": 100.0, "percent_covered_display": "100", "missing_lines": 0, "excluded_lines": 0, "percent_statements_covered": 100.0, "percent_statements_covered_display": "100"}, "missing_lines": [], "excluded_lines": [], "start_line": 1}}, "classes": {"": {"executed_lines": [3, 4, 6], "summary": {"covered_lines": 3, "num_statements": 3, "percent_covered": 100.0, "percent_covered_display": "100", "missing_lines": 0, "excluded_lines": 0, "percent_statements_covered": 100.0, "percent_statements_covered_display": "100"}, "missing_lines": [], "excluded_lines": [], "start_line": 1}}}, "app\\db\\base.py": {"executed_lines": [3, 5, 6, 8, 9, 10, 13, 16, 27, 30, 33, 36, 37, 40, 42, 45], "summary": {"covered_lines": 16, "num_statements": 16, "percent_covered": 100.0, "percent_covered_display": "100", "missing_lines": 0, "excluded_lines": 0, "percent_statements_covered": 100.0, "percent_statements_covered_display": "100"}, "missing_lines": [], "excluded_lines": [], "functions": {"import_model_modules": {"executed_lines": [42], "summary": {"covered_lines": 1, "num_statements": 1, "percent_covered": 100.0, "percent_covered_display": "100", "missing_lines": 0, "excluded_lines": 0, "percent_statements_covered": 100.0, "percent_statements_covered_display": "100"}, "missing_lines": [], "excluded_lines": [], "start_line": 40}, "": {"executed_lines": [3, 5, 6, 8, 9, 10, 13, 16, 27, 30, 33, 36, 37, 40, 45], "summary": {"covered_lines": 15, "num_statements": 15, "percent_covered": 100.0, "percent_covered_display": "100", "missing_lines": 0, "excluded_lines": 0, "percent_statements_covered": 100.0, "percent_statements_covered_display": "100"}, "missing_lines": [], "excluded_lines": [], "start_line": 1}}, "classes": {"Base": {"executed_lines": [], "summary": {"covered_lines": 0, "num_statements": 0, "percent_covered": 100.0, "percent_covered_display": "100", "missing_lines": 0, "excluded_lines": 0, "percent_statements_covered": 100.0, "percent_statements_covered_display": "100"}, "missing_lines": [], "excluded_lines": [], "start_line": 13}, "TimestampTenantMixin": {"executed_lines": [], "summary": {"covered_lines": 0, "num_statements": 0, "percent_covered": 100.0, "percent_covered_display": "100", "missing_lines": 0, "excluded_lines": 0, "percent_statements_covered": 100.0, "percent_statements_covered_display": "100"}, "missing_lines": [], "excluded_lines": [], "start_line": 27}, "": {"executed_lines": [3, 5, 6, 8, 9, 10, 13, 16, 27, 30, 33, 36, 37, 40, 42, 45], "summary": {"covered_lines": 16, "num_statements": 16, "percent_covered": 100.0, "percent_covered_display": "100", "missing_lines": 0, "excluded_lines": 0, "percent_statements_covered": 100.0, "percent_statements_covered_display": "100"}, "missing_lines": [], "excluded_lines": [], "start_line": 1}}}, "app\\db\\session.py": {"executed_lines": [3, 5, 6, 8, 15, 18, 19, 25, 26, 31, 38], "summary": {"covered_lines": 11, "num_statements": 18, "percent_covered": 61.111111111111114, "percent_covered_display": "61", "missing_lines": 7, "excluded_lines": 0, "percent_statements_covered": 61.111111111111114, "percent_statements_covered_display": "61"}, "missing_lines": [21, 22, 28, 33, 34, 35, 40], "excluded_lines": [], "functions": {"get_engine": {"executed_lines": [], "summary": {"covered_lines": 0, "num_statements": 2, "percent_covered": 0.0, "percent_covered_display": "0", "missing_lines": 2, "excluded_lines": 0, "percent_statements_covered": 0.0, "percent_statements_covered_display": "0"}, "missing_lines": [21, 22], "excluded_lines": [], "start_line": 19}, "get_session_factory": {"executed_lines": [], "summary": {"covered_lines": 0, "num_statements": 1, "percent_covered": 0.0, "percent_covered_display": "0", "missing_lines": 1, "excluded_lines": 0, "percent_statements_covered": 0.0, "percent_statements_covered_display": "0"}, "missing_lines": [28], "excluded_lines": [], "start_line": 26}, "get_db_session": {"executed_lines": [], "summary": {"covered_lines": 0, "num_statements": 3, "percent_covered": 0.0, "percent_covered_display": "0", "missing_lines": 3, "excluded_lines": 0, "percent_statements_covered": 0.0, "percent_statements_covered_display": "0"}, "missing_lines": [33, 34, 35], "excluded_lines": [], "start_line": 31}, "dispose_engine": {"executed_lines": [], "summary": {"covered_lines": 0, "num_statements": 1, "percent_covered": 0.0, "percent_covered_display": "0", "missing_lines": 1, "excluded_lines": 0, "percent_statements_covered": 0.0, "percent_statements_covered_display": "0"}, "missing_lines": [40], "excluded_lines": [], "start_line": 38}, "": {"executed_lines": [3, 5, 6, 8, 15, 18, 19, 25, 26, 31, 38], "summary": {"covered_lines": 11, "num_statements": 11, "percent_covered": 100.0, "percent_covered_display": "100", "missing_lines": 0, "excluded_lines": 0, "percent_statements_covered": 100.0, "percent_statements_covered_display": "100"}, "missing_lines": [], "excluded_lines": [], "start_line": 1}}, "classes": {"": {"executed_lines": [3, 5, 6, 8, 15, 18, 19, 25, 26, 31, 38], "summary": {"covered_lines": 11, "num_statements": 18, "percent_covered": 61.111111111111114, "percent_covered_display": "61", "missing_lines": 7, "excluded_lines": 0, "percent_statements_covered": 61.111111111111114, "percent_statements_covered_display": "61"}, "missing_lines": [21, 22, 28, 33, 34, 35, 40], "excluded_lines": [], "start_line": 1}}}, "app\\dependencies.py": {"executed_lines": [3, 5, 7, 10], "summary": {"covered_lines": 4, "num_statements": 6, "percent_covered": 66.66666666666667, "percent_covered_display": "67", "missing_lines": 2, "excluded_lines": 0, "percent_statements_covered": 66.66666666666667, "percent_statements_covered_display": "67"}, "missing_lines": [12, 13], "excluded_lines": [], "functions": {"get_database_session": {"executed_lines": [], "summary": {"covered_lines": 0, "num_statements": 2, "percent_covered": 0.0, "percent_covered_display": "0", "missing_lines": 2, "excluded_lines": 0, "percent_statements_covered": 0.0, "percent_statements_covered_display": "0"}, "missing_lines": [12, 13], "excluded_lines": [], "start_line": 10}, "": {"executed_lines": [3, 5, 7, 10], "summary": {"covered_lines": 4, "num_statements": 4, "percent_covered": 100.0, "percent_covered_display": "100", "missing_lines": 0, "excluded_lines": 0, "percent_statements_covered": 100.0, "percent_statements_covered_display": "100"}, "missing_lines": [], "excluded_lines": [], "start_line": 1}}, "classes": {"": {"executed_lines": [3, 5, 7, 10], "summary": {"covered_lines": 4, "num_statements": 6, "percent_covered": 66.66666666666667, "percent_covered_display": "67", "missing_lines": 2, "excluded_lines": 0, "percent_statements_covered": 66.66666666666667, "percent_statements_covered_display": "67"}, "missing_lines": [12, 13], "excluded_lines": [], "start_line": 1}}}, "app\\error_handlers.py": {"executed_lines": [3, 5, 7, 8, 9, 10, 11, 13, 28, 39, 42, 47, 54, 65, 72, 81, 91, 98, 135], "summary": {"covered_lines": 19, "num_statements": 77, "percent_covered": 24.675324675324674, "percent_covered_display": "25", "missing_lines": 58, "excluded_lines": 0, "percent_statements_covered": 24.675324675324674, "percent_statements_covered_display": "25"}, "missing_lines": [44, 49, 50, 51, 56, 57, 58, 59, 60, 61, 62, 67, 68, 69, 74, 75, 76, 77, 78, 83, 84, 85, 86, 87, 88, 93, 105, 106, 107, 108, 109, 110, 112, 117, 118, 138, 139, 141, 142, 143, 144, 145, 147, 148, 152, 153, 154, 155, 156, 157, 158, 159, 161, 162, 164, 169, 176, 177], "excluded_lines": [], "functions": {"_error_response": {"executed_lines": [], "summary": {"covered_lines": 0, "num_statements": 1, "percent_covered": 0.0, "percent_covered_display": "0", "missing_lines": 1, "excluded_lines": 0, "percent_statements_covered": 0.0, "percent_statements_covered_display": "0"}, "missing_lines": [44], "excluded_lines": [], "start_line": 42}, "_resolve_error_code": {"executed_lines": [], "summary": {"covered_lines": 0, "num_statements": 3, "percent_covered": 0.0, "percent_covered_display": "0", "missing_lines": 3, "excluded_lines": 0, "percent_statements_covered": 0.0, "percent_statements_covered_display": "0"}, "missing_lines": [49, 50, 51], "excluded_lines": [], "start_line": 47}, "_extract_detail_and_code": {"executed_lines": [], "summary": {"covered_lines": 0, "num_statements": 7, "percent_covered": 0.0, "percent_covered_display": "0", "missing_lines": 7, "excluded_lines": 0, "percent_statements_covered": 0.0, "percent_statements_covered_display": "0"}, "missing_lines": [56, 57, 58, 59, 60, 61, 62], "excluded_lines": [], "start_line": 54}, "_sanitize_detail": {"executed_lines": [], "summary": {"covered_lines": 0, "num_statements": 3, "percent_covered": 0.0, "percent_covered_display": "0", "missing_lines": 3, "excluded_lines": 0, "percent_statements_covered": 0.0, "percent_statements_covered_display": "0"}, "missing_lines": [67, 68, 69], "excluded_lines": [], "start_line": 65}, "_extract_client_ip": {"executed_lines": [], "summary": {"covered_lines": 0, "num_statements": 5, "percent_covered": 0.0, "percent_covered_display": "0", "missing_lines": 5, "excluded_lines": 0, "percent_statements_covered": 0.0, "percent_statements_covered_display": "0"}, "missing_lines": [74, 75, 76, 77, 78], "excluded_lines": [], "start_line": 72}, "_extract_user_identifier": {"executed_lines": [], "summary": {"covered_lines": 0, "num_statements": 6, "percent_covered": 0.0, "percent_covered_display": "0", "missing_lines": 6, "excluded_lines": 0, "percent_statements_covered": 0.0, "percent_statements_covered_display": "0"}, "missing_lines": [83, 84, 85, 86, 87, 88], "excluded_lines": [], "start_line": 81}, "_is_auth_request_path": {"executed_lines": [], "summary": {"covered_lines": 0, "num_statements": 1, "percent_covered": 0.0, "percent_covered_display": "0", "missing_lines": 1, "excluded_lines": 0, "percent_statements_covered": 0.0, "percent_statements_covered_display": "0"}, "missing_lines": [93], "excluded_lines": [], "start_line": 91}, "_log_auth_failure": {"executed_lines": [], "summary": {"covered_lines": 0, "num_statements": 9, "percent_covered": 0.0, "percent_covered_display": "0", "missing_lines": 9, "excluded_lines": 0, "percent_statements_covered": 0.0, "percent_statements_covered_display": "0"}, "missing_lines": [105, 106, 107, 108, 109, 110, 112, 117, 118], "excluded_lines": [], "start_line": 98}, "register_exception_handlers": {"executed_lines": [], "summary": {"covered_lines": 0, "num_statements": 6, "percent_covered": 0.0, "percent_covered_display": "0", "missing_lines": 6, "excluded_lines": 0, "percent_statements_covered": 0.0, "percent_statements_covered_display": "0"}, "missing_lines": [138, 139, 147, 148, 161, 162], "excluded_lines": [], "start_line": 135}, "register_exception_handlers.handle_http_exception": {"executed_lines": [], "summary": {"covered_lines": 0, "num_statements": 5, "percent_covered": 0.0, "percent_covered_display": "0", "missing_lines": 5, "excluded_lines": 0, "percent_statements_covered": 0.0, "percent_statements_covered_display": "0"}, "missing_lines": [141, 142, 143, 144, 145], "excluded_lines": [], "start_line": 139}, "register_exception_handlers.handle_validation_exception": {"executed_lines": [], "summary": {"covered_lines": 0, "num_statements": 8, "percent_covered": 0.0, "percent_covered_display": "0", "missing_lines": 8, "excluded_lines": 0, "percent_statements_covered": 0.0, "percent_statements_covered_display": "0"}, "missing_lines": [152, 153, 154, 155, 156, 157, 158, 159], "excluded_lines": [], "start_line": 148}, "register_exception_handlers.handle_unexpected_exception": {"executed_lines": [], "summary": {"covered_lines": 0, "num_statements": 4, "percent_covered": 0.0, "percent_covered_display": "0", "missing_lines": 4, "excluded_lines": 0, "percent_statements_covered": 0.0, "percent_statements_covered_display": "0"}, "missing_lines": [164, 169, 176, 177], "excluded_lines": [], "start_line": 162}, "": {"executed_lines": [3, 5, 7, 8, 9, 10, 11, 13, 28, 39, 42, 47, 54, 65, 72, 81, 91, 98, 135], "summary": {"covered_lines": 19, "num_statements": 19, "percent_covered": 100.0, "percent_covered_display": "100", "missing_lines": 0, "excluded_lines": 0, "percent_statements_covered": 100.0, "percent_statements_covered_display": "100"}, "missing_lines": [], "excluded_lines": [], "start_line": 1}}, "classes": {"": {"executed_lines": [3, 5, 7, 8, 9, 10, 11, 13, 28, 39, 42, 47, 54, 65, 72, 81, 91, 98, 135], "summary": {"covered_lines": 19, "num_statements": 77, "percent_covered": 24.675324675324674, "percent_covered_display": "25", "missing_lines": 58, "excluded_lines": 0, "percent_statements_covered": 24.675324675324674, "percent_statements_covered_display": "25"}, "missing_lines": [44, 49, 50, 51, 56, 57, 58, 59, 60, 61, 62, 67, 68, 69, 74, 75, 76, 77, 78, 83, 84, 85, 86, 87, 88, 93, 105, 106, 107, 108, 109, 110, 112, 117, 118, 138, 139, 141, 142, 143, 144, 145, 147, 148, 152, 153, 154, 155, 156, 157, 158, 159, 161, 162, 164, 169, 176, 177], "excluded_lines": [], "start_line": 1}}}, "app\\main.py": {"executed_lines": [], "summary": {"covered_lines": 0, "num_statements": 31, "percent_covered": 0.0, "percent_covered_display": "0", "missing_lines": 31, "excluded_lines": 0, "percent_statements_covered": 0.0, "percent_statements_covered_display": "0"}, "missing_lines": [3, 5, 6, 7, 8, 9, 10, 11, 12, 13, 16, 18, 19, 21, 22, 24, 25, 26, 27, 28, 29, 31, 34, 35, 36, 37, 38, 39, 40, 41, 44], "excluded_lines": [], "functions": {"create_app": {"executed_lines": [], "summary": {"covered_lines": 0, "num_statements": 19, "percent_covered": 0.0, "percent_covered_display": "0", "missing_lines": 19, "excluded_lines": 0, "percent_statements_covered": 0.0, "percent_statements_covered_display": "0"}, "missing_lines": [18, 19, 21, 22, 24, 25, 26, 27, 28, 29, 31, 34, 35, 36, 37, 38, 39, 40, 41], "excluded_lines": [], "start_line": 16}, "": {"executed_lines": [], "summary": {"covered_lines": 0, "num_statements": 12, "percent_covered": 0.0, "percent_covered_display": "0", "missing_lines": 12, "excluded_lines": 0, "percent_statements_covered": 0.0, "percent_statements_covered_display": "0"}, "missing_lines": [3, 5, 6, 7, 8, 9, 10, 11, 12, 13, 16, 44], "excluded_lines": [], "start_line": 1}}, "classes": {"": {"executed_lines": [], "summary": {"covered_lines": 0, "num_statements": 31, "percent_covered": 0.0, "percent_covered_display": "0", "missing_lines": 31, "excluded_lines": 0, "percent_statements_covered": 0.0, "percent_statements_covered_display": "0"}, "missing_lines": [3, 5, 6, 7, 8, 9, 10, 11, 12, 13, 16, 18, 19, 21, 22, 24, 25, 26, 27, 28, 29, 31, 34, 35, 36, 37, 38, 39, 40, 41, 44], "excluded_lines": [], "start_line": 1}}}, "app\\middleware\\__init__.py": {"executed_lines": [3, 4, 5, 6, 7, 8, 10], "summary": {"covered_lines": 7, "num_statements": 7, "percent_covered": 100.0, "percent_covered_display": "100", "missing_lines": 0, "excluded_lines": 0, "percent_statements_covered": 100.0, "percent_statements_covered_display": "100"}, "missing_lines": [], "excluded_lines": [], "functions": {"": {"executed_lines": [3, 4, 5, 6, 7, 8, 10], "summary": {"covered_lines": 7, "num_statements": 7, "percent_covered": 100.0, "percent_covered_display": "100", "missing_lines": 0, "excluded_lines": 0, "percent_statements_covered": 100.0, "percent_statements_covered_display": "100"}, "missing_lines": [], "excluded_lines": [], "start_line": 1}}, "classes": {"": {"executed_lines": [3, 4, 5, 6, 7, 8, 10], "summary": {"covered_lines": 7, "num_statements": 7, "percent_covered": 100.0, "percent_covered_display": "100", "missing_lines": 0, "excluded_lines": 0, "percent_statements_covered": 100.0, "percent_statements_covered_display": "100"}, "missing_lines": [], "excluded_lines": [], "start_line": 1}}}, "app\\middleware\\correlation_id.py": {"executed_lines": [3, 5, 7, 8, 9, 10, 12, 13, 16, 19], "summary": {"covered_lines": 10, "num_statements": 18, "percent_covered": 55.55555555555556, "percent_covered_display": "56", "missing_lines": 8, "excluded_lines": 0, "percent_statements_covered": 55.55555555555556, "percent_statements_covered_display": "56"}, "missing_lines": [21, 22, 23, 25, 26, 28, 30, 31], "excluded_lines": [], "functions": {"CorrelationIdMiddleware.dispatch": {"executed_lines": [], "summary": {"covered_lines": 0, "num_statements": 8, "percent_covered": 0.0, "percent_covered_display": "0", "missing_lines": 8, "excluded_lines": 0, "percent_statements_covered": 0.0, "percent_statements_covered_display": "0"}, "missing_lines": [21, 22, 23, 25, 26, 28, 30, 31], "excluded_lines": [], "start_line": 19}, "": {"executed_lines": [3, 5, 7, 8, 9, 10, 12, 13, 16, 19], "summary": {"covered_lines": 10, "num_statements": 10, "percent_covered": 100.0, "percent_covered_display": "100", "missing_lines": 0, "excluded_lines": 0, "percent_statements_covered": 100.0, "percent_statements_covered_display": "100"}, "missing_lines": [], "excluded_lines": [], "start_line": 1}}, "classes": {"CorrelationIdMiddleware": {"executed_lines": [], "summary": {"covered_lines": 0, "num_statements": 8, "percent_covered": 0.0, "percent_covered_display": "0", "missing_lines": 8, "excluded_lines": 0, "percent_statements_covered": 0.0, "percent_statements_covered_display": "0"}, "missing_lines": [21, 22, 23, 25, 26, 28, 30, 31], "excluded_lines": [], "start_line": 16}, "": {"executed_lines": [3, 5, 7, 8, 9, 10, 12, 13, 16, 19], "summary": {"covered_lines": 10, "num_statements": 10, "percent_covered": 100.0, "percent_covered_display": "100", "missing_lines": 0, "excluded_lines": 0, "percent_statements_covered": 100.0, "percent_statements_covered_display": "100"}, "missing_lines": [], "excluded_lines": [], "start_line": 1}}}, "app\\middleware\\logging.py": {"executed_lines": [3, 5, 6, 8, 9, 10, 11, 13, 25, 27, 30, 32, 33, 34, 38, 40, 41, 42, 43, 52, 55, 57, 58, 60, 61, 64, 67, 69, 70, 71, 73, 74, 89, 90, 91, 101], "summary": {"covered_lines": 36, "num_statements": 47, "percent_covered": 76.59574468085107, "percent_covered_display": "77", "missing_lines": 11, "excluded_lines": 0, "percent_statements_covered": 76.59574468085107, "percent_statements_covered_display": "77"}, "missing_lines": [35, 44, 45, 46, 47, 51, 59, 75, 76, 77, 87], "excluded_lines": [], "functions": {"_is_sensitive_key": {"executed_lines": [32, 33, 34], "summary": {"covered_lines": 3, "num_statements": 4, "percent_covered": 75.0, "percent_covered_display": "75", "missing_lines": 1, "excluded_lines": 0, "percent_statements_covered": 75.0, "percent_statements_covered_display": "75"}, "missing_lines": [35], "excluded_lines": [], "start_line": 30}, "_redact_mapping": {"executed_lines": [40, 41, 42, 43, 52], "summary": {"covered_lines": 5, "num_statements": 10, "percent_covered": 50.0, "percent_covered_display": "50", "missing_lines": 5, "excluded_lines": 0, "percent_statements_covered": 50.0, "percent_statements_covered_display": "50"}, "missing_lines": [44, 45, 46, 47, 51], "excluded_lines": [], "start_line": 38}, "_extract_client_ip": {"executed_lines": [57, 58, 60, 61], "summary": {"covered_lines": 4, "num_statements": 5, "percent_covered": 80.0, "percent_covered_display": "80", "missing_lines": 1, "excluded_lines": 0, "percent_statements_cover
[...]
overed_display": "100"}, "missing_lines": [], "excluded_lines": [], "start_line": 1}}}, "sdk\\dependencies.py": {"executed_lines": [3, 5, 6, 8, 9, 10, 12, 13, 14, 19, 22, 32, 35, 36, 37, 38, 40, 43, 50, 52, 56, 57, 58, 63, 64, 70, 72, 74, 76, 79, 81, 82, 83, 89, 91, 92, 96, 99, 100, 101, 118, 120, 123, 125, 126, 128, 129, 130], "summary": {"covered_lines": 48, "num_statements": 73, "percent_covered": 65.75342465753425, "percent_covered_display": "66", "missing_lines": 25, "excluded_lines": 0, "percent_statements_covered": 65.75342465753425, "percent_statements_covered_display": "66"}, "missing_lines": [24, 25, 26, 27, 28, 29, 65, 66, 67, 68, 71, 73, 84, 85, 86, 93, 94, 97, 113, 114, 115, 116, 119, 127, 131], "excluded_lines": [], "functions": {"get_current_user": {"executed_lines": [], "summary": {"covered_lines": 0, "num_statements": 6, "percent_covered": 0.0, "percent_covered_display": "0", "missing_lines": 6, "excluded_lines": 0, "percent_statements_covered": 0.0, "percent_statements_covered_display": "0"}, "missing_lines": [24, 25, 26, 27, 28, 29], "excluded_lines": [], "start_line": 22}, "require_role": {"executed_lines": [35, 40], "summary": {"covered_lines": 2, "num_statements": 2, "percent_covered": 100.0, "percent_covered_display": "100", "missing_lines": 0, "excluded_lines": 0, "percent_statements_covered": 100.0, "percent_statements_covered_display": "100"}, "missing_lines": [], "excluded_lines": [], "start_line": 32}, "require_role.checker": {"executed_lines": [36, 37, 38], "summary": {"covered_lines": 3, "num_statements": 3, "percent_covered": 100.0, "percent_covered_display": "100", "missing_lines": 0, "excluded_lines": 0, "percent_statements_covered": 100.0, "percent_statements_covered_display": "100"}, "missing_lines": [], "excluded_lines": [], "start_line": 35}, "require_action_token": {"executed_lines": [50, 52, 76], "summary": {"covered_lines": 3, "num_statements": 3, "percent_covered": 100.0, "percent_covered_display": "100", "missing_lines": 0, "excluded_lines": 0, "percent_statements_covered": 100.0, "percent_statements_covered_display": "100"}, "missing_lines": [], "excluded_lines": [], "start_line": 43}, "require_action_token.checker": {"executed_lines": [56, 57, 58, 63, 64, 70, 72, 74], "summary": {"covered_lines": 8, "num_statements": 14, "percent_covered": 57.142857142857146, "percent_covered_display": "57", "missing_lines": 6, "excluded_lines": 0, "percent_statements_covered": 57.142857142857146, "percent_statements_covered_display": "57"}, "missing_lines": [65, 66, 67, 68, 71, 73], "excluded_lines": [], "start_line": 52}, "_verify_action_token": {"executed_lines": [81, 82, 83], "summary": {"covered_lines": 3, "num_statements": 6, "percent_covered": 50.0, "percent_covered_display": "50", "missing_lines": 3, "excluded_lines": 0, "percent_statements_covered": 50.0, "percent_statements_covered_display": "50"}, "missing_lines": [84, 85, 86], "excluded_lines": [], "start_line": 79}, "_decode_action_token": {"executed_lines": [91, 92, 96, 99, 100, 101, 118, 120], "summary": {"covered_lines": 8, "num_statements": 16, "percent_covered": 50.0, "percent_covered_display": "50", "missing_lines": 8, "excluded_lines": 0, "percent_statements_covered": 50.0, "percent_statements_covered_display": "50"}, "missing_lines": [93, 94, 97, 113, 114, 115, 116, 119], "excluded_lines": [], "start_line": 89}, "_select_key": {"executed_lines": [125, 126, 128, 129, 130], "summary": {"covered_lines": 5, "num_statements": 7, "percent_covered": 71.42857142857143, "percent_covered_display": "71", "missing_lines": 2, "excluded_lines": 0, "percent_statements_covered": 71.42857142857143, "percent_statements_covered_display": "71"}, "missing_lines": [127, 131], "excluded_lines": [], "start_line": 123}, "": {"executed_lines": [3, 5, 6, 8, 9, 10, 12, 13, 14, 19, 22, 32, 43, 79, 89, 123], "summary": {"covered_lines": 16, "num_statements": 16, "percent_covered": 100.0, "percent_covered_display": "100", "missing_lines": 0, "excluded_lines": 0, "percent_statements_covered": 100.0, "percent_statements_covered_display": "100"}, "missing_lines": [], "excluded_lines": [], "start_line": 1}}, "classes": {"": {"executed_lines": [3, 5, 6, 8, 9, 10, 12, 13, 14, 19, 22, 32, 35, 36, 37, 38, 40, 43, 50, 52, 56, 57, 58, 63, 64, 70, 72, 74, 76, 79, 81, 82, 83, 89, 91, 92, 96, 99, 100, 101, 118, 120, 123, 125, 126, 128, 129, 130], "summary": {"covered_lines": 48, "num_statements": 73, "percent_covered": 65.75342465753425, "percent_covered_display": "66", "missing_lines": 25, "excluded_lines": 0, "percent_statements_covered": 65.75342465753425, "percent_statements_covered_display": "66"}, "missing_lines": [24, 25, 26, 27, 28, 29, 65, 66, 67, 68, 71, 73, 84, 85, 86, 93, 94, 97, 113, 114, 115, 116, 119, 127, 131], "excluded_lines": [], "start_line": 1}}}, "sdk\\exceptions.py": {"executed_lines": [3, 6, 10, 14, 17, 19, 20, 21, 24, 27, 29, 30, 31], "summary": {"covered_lines": 13, "num_statements": 13, "percent_covered": 100.0, "percent_covered_display": "100", "missing_lines": 0, "excluded_lines": 0, "percent_statements_covered": 100.0, "percent_statements_covered_display": "100"}, "missing_lines": [], "excluded_lines": [], "functions": {"AuthServiceResponseError.__init__": {"executed_lines": [19, 20, 21], "summary": {"covered_lines": 3, "num_statements": 3, "percent_covered": 100.0, "percent_covered_display": "100", "missing_lines": 0, "excluded_lines": 0, "percent_statements_covered": 100.0, "percent_statements_covered_display": "100"}, "missing_lines": [], "excluded_lines": [], "start_line": 17}, "JWTVerificationError.__init__": {"executed_lines": [29, 30, 31], "summary": {"covered_lines": 3, "num_statements": 3, "percent_covered": 100.0, "percent_covered_display": "100", "missing_lines": 0, "excluded_lines": 0, "percent_statements_covered": 100.0, "percent_statements_covered_display": "100"}, "missing_lines": [], "excluded_lines": [], "start_line": 27}, "": {"executed_lines": [3, 6, 10, 14, 17, 24, 27], "summary": {"covered_lines": 7, "num_statements": 7, "percent_covered": 100.0, "percent_covered_display": "100", "missing_lines": 0, "excluded_lines": 0, "percent_statements_covered": 100.0, "percent_statements_covered_display": "100"}, "missing_lines": [], "excluded_lines": [], "start_line": 1}}, "classes": {"SDKError": {"executed_lines": [], "summary": {"covered_lines": 0, "num_statements": 0, "percent_covered": 100.0, "percent_covered_display": "100", "missing_lines": 0, "excluded_lines": 0, "percent_statements_covered": 100.0, "percent_statements_covered_display": "100"}, "missing_lines": [], "excluded_lines": [], "start_line": 6}, "AuthServiceUnavailableError": {"executed_lines": [], "summary": {"covered_lines": 0, "num_statements": 0, "percent_covered": 100.0, "percent_covered_display": "100", "missing_lines": 0, "excluded_lines": 0, "percent_statements_covered": 100.0, "percent_statements_covered_display": "100"}, "missing_lines": [], "excluded_lines": [], "start_line": 10}, "AuthServiceResponseError": {"executed_lines": [19, 20, 21], "summary": {"covered_lines": 3, "num_statements": 3, "percent_covered": 100.0, "percent_covered_display": "100", "missing_lines": 0, "excluded_lines": 0, "percent_statements_covered": 100.0, "percent_statements_covered_display": "100"}, "missing_lines": [], "excluded_lines": [], "start_line": 14}, "JWTVerificationError": {"executed_lines": [29, 30, 31], "summary": {"covered_lines": 3, "num_statements": 3, "percent_covered": 100.0, "percent_covered_display": "100", "missing_lines": 0, "excluded_lines": 0, "percent_statements_covered": 100.0, "percent_statements_covered_display": "100"}, "missing_lines": [], "excluded_lines": [], "start_line": 24}, "": {"executed_lines": [3, 6, 10, 14, 17, 24, 27], "summary": {"covered_lines": 7, "num_statements": 7, "percent_covered": 100.0, "percent_covered_display": "100", "missing_lines": 0, "excluded_lines": 0, "percent_statements_covered": 100.0, "percent_statements_covered_display": "100"}, "missing_lines": [], "excluded_lines": [], "start_line": 1}}}, "sdk\\middleware.py": {"executed_lines": [3, 5, 6, 7, 9, 10, 11, 12, 13, 14, 16, 17, 18, 23, 26, 28, 31, 33, 34, 36, 37, 39, 40, 43, 59, 61, 63, 66, 77, 80, 89, 90, 91, 94, 96, 98, 99, 102, 103, 104, 105, 111, 112, 114, 115, 116, 117, 118, 121, 129, 130, 132, 134, 135, 136, 137, 138, 139, 141, 143, 144, 148, 149, 152, 153, 154, 161, 162, 163, 165, 166, 168, 169, 170, 171, 175, 177, 178, 180, 181, 183, 185, 186, 187, 191, 194, 213, 263, 264], "summary": {"covered_lines": 89, "num_statements": 166, "percent_covered": 53.6144578313253, "percent_covered_display": "54", "missing_lines": 77, "excluded_lines": 0, "percent_statements_covered": 53.6144578313253, "percent_statements_covered_display": "54"}, "missing_lines": [35, 38, 45, 46, 47, 49, 50, 51, 52, 53, 54, 55, 56, 62, 68, 69, 70, 71, 72, 73, 74, 100, 106, 107, 108, 109, 113, 119, 145, 146, 150, 164, 174, 182, 184, 188, 204, 205, 206, 209, 215, 216, 217, 219, 220, 221, 222, 223, 225, 226, 227, 231, 232, 233, 234, 236, 237, 239, 240, 241, 242, 243, 244, 246, 247, 248, 249, 251, 252, 259, 260, 261, 266, 267, 268, 269, 270], "excluded_lines": [], "functions": {"_error_response": {"executed_lines": [28], "summary": {"covered_lines": 1, "num_statements": 1, "percent_covered": 100.0, "percent_covered_display": "100", "missing_lines": 0, "excluded_lines": 0, "percent_statements_covered": 100.0, "percent_statements_covered_display": "100"}, "missing_lines": [], "excluded_lines": [], "start_line": 26}, "_extract_bearer_token": {"executed_lines": [33, 34, 36, 37, 39, 40], "summary": {"covered_lines": 6, "num_statements": 8, "percent_covered": 75.0, "percent_covered_display": "75", "missing_lines": 2, "excluded_lines": 0, "percent_statements_covered": 75.0, "percent_statements_covered_display": "75"}, "missing_lines": [35, 38], "excluded_lines": [], "start_line": 31}, "_extract_api_key": {"executed_lines": [], "summary": {"covered_lines": 0, "num_statements": 11, "percent_covered": 0.0, "percent_covered_display": "0", "missing_lines": 11, "excluded_lines": 0, "percent_statements_covered": 0.0, "percent_statements_covered_display": "0"}, "missing_lines": [45, 46, 47, 49, 50, 51, 52, 53, 54, 55, 56], "excluded_lines": [], "start_line": 43}, "_normalize_scopes": {"executed_lines": [61, 63], "summary": {"covered_lines": 2, "num_statements": 3, "percent_covered": 66.66666666666667, "percent_covered_display": "67", "missing_lines": 1, "excluded_lines": 0, "percent_statements_covered": 66.66666666666667, "percent_statements_covered_display": "67"}, "missing_lines": [62], "excluded_lines": [], "start_line": 59}, "_extract_service": {"executed_lines": [], "summary": {"covered_lines": 0, "num_statements": 7, "percent_covered": 0.0, "percent_covered_display": "0", "missing_lines": 7, "excluded_lines": 0, "percent_statements_covered": 0.0, "percent_statements_covered_display": "0"}, "missing_lines": [68, 69, 70, 71, 72, 73, 74], "excluded_lines": [], "start_line": 66}, "JWTAuthMiddleware.__init__": {"executed_lines": [89, 90, 91, 94], "summary": {"covered_lines": 4, "num_statements": 4, "percent_covered": 100.0, "percent_covered_display": "100", "missing_lines": 0, "excluded_lines": 0, "percent_statements_covered": 100.0, "percent_statements_covered_display": "100"}, "missing_lines": [], "excluded_lines": [], "start_line": 80}, "JWTAuthMiddleware.dispatch": {"executed_lines": [98, 99, 102, 103, 104, 105, 111, 112, 114, 115, 116, 117, 118, 121, 129, 130], "summary": {"covered_lines": 16, "num_statements": 23, "percent_covered": 69.56521739130434, "percent_covered_display": "70", "missing_lines": 7, "excluded_lines": 0, "percent_statements_covered": 69.56521739130434, "percent_statements_covered_display": "70"}, "missing_lines": [100, 106, 107, 108, 109, 113, 119], "excluded_lines": [], "start_line": 96}, "JWTAuthMiddleware._verify_with_refresh": {"executed_lines": [134, 135, 136, 137, 138, 139], "summary": {"covered_lines": 6, "num_statements": 6, "percent_covered": 100.0, "percent_covered_display": "100", "missing_lines": 0, "excluded_lines": 0, "percent_statements_covered": 100.0, "percent_statements_covered_display": "100"}, "missing_lines": [], "excluded_lines": [], "start_line": 132}, "JWTAuthMiddleware._decode_token": {"executed_lines": [143, 144, 148, 149, 152, 153, 154, 161, 162, 163, 165, 166, 168, 169, 170, 171, 175], "summary": {"covered_lines": 17, "num_statements": 22, "percent_covered": 77.27272727272727, "percent_covered_display": "77", "missing_lines": 5, "excluded_lines": 0, "percent_statements_covered": 77.27272727272727, "percent_statements_covered_display": "77"}, "missing_lines": [145, 146, 150, 164, 174], "excluded_lines": [], "start_line": 141}, "JWTAuthMiddleware._select_key": {"executed_lines": [180, 181, 183, 185, 186, 187], "summary": {"covered_lines": 6, "num_statements": 9, "percent_covered": 66.66666666666667, "percent_covered_display": "67", "missing_lines": 3, "excluded_lines": 0, "percent_statements_covered": 66.66666666666667, "percent_statements_covered_display": "67"}, "missing_lines": [182, 184, 188], "excluded_lines": [], "start_line": 178}, "APIKeyAuthMiddleware.__init__": {"executed_lines": [], "summary": {"covered_lines": 0, "num_statements": 4, "percent_covered": 0.0, "percent_covered_display": "0", "missing_lines": 4, "excluded_lines": 0, "percent_statements_covered": 0.0, "percent_statements_covered_display": "0"}, "missing_lines": [204, 205, 206, 209], "excluded_lines": [], "start_line": 194}, "APIKeyAuthMiddleware.dispatch": {"executed_lines": [], "summary": {"covered_lines": 0, "num_statements": 32, "percent_covered": 0.0, "percent_covered_display": "0", "missing_lines": 32, "excluded_lines": 0, "percent_statements_covered": 0.0, "percent_statements_covered_display": "0"}, "missing_lines": [215, 216, 217, 219, 220, 221, 222, 223, 225, 226, 227, 231, 232, 233, 234, 236, 237, 239, 240, 241, 242, 243, 244, 246, 247, 248, 249, 251, 252, 259, 260, 261], "excluded_lines": [], "start_line": 213}, "APIKeyAuthMiddleware._api_key_error_detail": {"executed_lines": [], "summary": {"covered_lines": 0, "num_statements": 5, "percent_covered": 0.0, "percent_covered_display": "0", "missing_lines": 5, "excluded_lines": 0, "percent_statements_covered": 0.0, "percent_statements_covered_display": "0"}, "missing_lines": [266, 267, 268, 269, 270], "excluded_lines": [], "start_line": 264}, "": {"executed_lines": [3, 5, 6, 7, 9, 10, 11, 12, 13, 14, 16, 17, 18, 23, 26, 31, 43, 59, 66, 77, 80, 96, 132, 141, 177, 178, 191, 194, 213, 263, 264], "summary": {"covered_lines": 31, "num_statements": 31, "percent_covered": 100.0, "percent_covered_display": "100", "missing_lines": 0, "excluded_lines": 0, "percent_statements_covered": 100.0, "percent_statements_covered_display": "100"}, "missing_lines": [], "excluded_lines": [], "start_line": 1}}, "classes": {"JWTAuthMiddleware": {"executed_lines": [89, 90, 91, 94, 98, 99, 102, 103, 104, 105, 111, 112, 114, 115, 116, 117, 118, 121, 129, 130, 134, 135, 136, 137, 138, 139, 143, 144, 148, 149, 152, 153, 154, 161, 162, 163, 165, 166, 168, 169, 170, 171, 175, 180, 181, 183, 185, 186, 187], "summary": {"covered_lines": 49, "num_statements": 64, "percent_covered": 76.5625, "percent_covered_display": "77", "missing_lines": 15, "excluded_lines": 0, "percent_statements_covered": 76.5625, "percent_statements_covered_display": "77"}, "missing_lines": [100, 106, 107, 108, 109, 113, 119, 145, 146, 150, 164, 174, 182, 184, 188], "excluded_lines": [], "start_line": 77}, "APIKeyAuthMiddleware": {"executed_lines": [], "summary": {"covered_lines": 0, "num_statements": 41, "percent_covered": 0.0, "percent_covered_display": "0", "missing_lines": 41, "excluded_lines": 0, "percent_statements_covered": 0.0, "percent_statements_covered_display": "0"}, "missing_lines": [204, 205, 206, 209, 215, 216, 217, 219, 220, 221, 222, 223, 225, 226, 227, 231, 232, 233, 234, 236, 237, 239, 240, 241, 242, 243, 244, 246, 247, 248, 249, 251, 252, 259, 260, 261, 266, 267, 268, 269, 270], "excluded_lines": [], "start_line": 191}, "": {"executed_lines": [3, 5, 6, 7, 9, 10, 11, 12, 13, 14, 16, 17, 18, 23, 26, 28, 31, 33, 34, 36, 37, 39, 40, 43, 59, 61, 63, 66, 77, 80, 96, 132, 141, 177, 178, 191, 194, 213, 263, 264], "summary": {"covered_lines": 40, "num_statements": 61, "percent_covered": 65.57377049180327, "percent_covered_display": "66", "missing_lines": 21, "excluded_lines": 0, "percent_statements_covered": 65.57377049180327, "percent_statements_covered_display": "66"}, "missing_lines": [35, 38, 45, 46, 47, 49, 50, 51, 52, 53, 54, 55, 56, 62, 68, 69, 70, 71, 72, 73, 74], "excluded_lines": [], "start_line": 1}}}, "sdk\\types.py": {"executed_lines": [3, 5, 7, 31, 34, 35, 36, 37, 38, 39, 42, 45, 46, 47, 48, 49, 52, 55, 58, 61, 64, 65, 66, 67, 68, 69, 72, 75, 76, 79], "summary": {"covered_lines": 30, "num_statements": 30, "percent_covered": 100.0, "percent_covered_display": "100", "missing_lines": 0, "excluded_lines": 0, "percent_statements_covered": 100.0, "percent_statements_covered_display": "100"}, "missing_lines": [], "excluded_lines": [], "functions": {"": {"executed_lines": [3, 5, 7, 31, 34, 35, 36, 37, 38, 39, 42, 45, 46, 47, 48, 49, 52, 55, 58, 61, 64, 65, 66, 67, 68, 69, 72, 75, 76, 79], "summary": {"covered_lines": 30, "num_statements": 30, "percent_covered": 100.0, "percent_covered_display": "100", "missing_lines": 0, "excluded_lines": 0, "percent_statements_covered": 100.0, "percent_statements_covered_display": "100"}, "missing_lines": [], "excluded_lines": [], "start_line": 1}}, "classes": {"UserIdentity": {"executed_lines": [], "summary": {"covered_lines": 0, "num_statements": 0, "percent_covered": 100.0, "percent_covered_display": "100", "missing_lines": 0, "excluded_lines": 0, "percent_statements_covered": 100.0, "percent_statements_covered_display": "100"}, "missing_lines": [], "excluded_lines": [], "start_line": 31}, "APIKeyIdentity": {"executed_lines": [], "summary": {"covered_lines": 0, "num_statements": 0, "percent_covered": 100.0, "percent_covered_display": "100", "missing_lines": 0, "excluded_lines": 0, "percent_statements_covered": 100.0, "percent_statements_covered_display": "100"}, "missing_lines": [], "excluded_lines": [], "start_line": 42}, "JWKS": {"executed_lines": [], "summary": {"covered_lines": 0, "num_statements": 0, "percent_covered": 100.0, "percent_covered_display": "100", "missing_lines": 0, "excluded_lines": 0, "percent_statements_covered": 100.0, "percent_statements_covered_display": "100"}, "missing_lines": [], "excluded_lines": [], "start_line": 55}, "APIKeyIntrospectionValid": {"executed_lines": [], "summary": {"covered_lines": 0, "num_statements": 0, "percent_covered": 100.0, "percent_covered_display": "100", "missing_lines": 0, "excluded_lines": 0, "percent_statements_covered": 100.0, "percent_statements_covered_display": "100"}, "missing_lines": [], "excluded_lines": [], "start_line": 61}, "APIKeyIntrospectionInvalid": {"executed_lines": [], "summary": {"covered_lines": 0, "num_statements": 0, "percent_covered": 100.0, "percent_covered_display": "100", "missing_lines": 0, "excluded_lines": 0, "percent_statements_covered": 100.0, "percent_statements_covered_display": "100"}, "missing_lines": [], "excluded_lines": [], "start_line": 72}, "": {"executed_lines": [3, 5, 7, 31, 34, 35, 36, 37, 38, 39, 42, 45, 46, 47, 48, 49, 52, 55, 58, 61, 64, 65, 66, 67, 68, 69, 72, 75, 76, 79], "summary": {"covered_lines": 30, "num_statements": 30, "percent_covered": 100.0, "percent_covered_display": "100", "missing_lines": 0, "excluded_lines": 0, "percent_statements_covered": 100.0, "percent_statements_covered_display": "100"}, "missing_lines": [], "excluded_lines": [], "start_line": 1}}}}, "totals": {"covered_lines": 1790, "num_statements": 3239, "percent_covered": 55.2639703612226, "percent_covered_display": "55", "missing_lines": 1449, "excluded_lines": 22, "percent_statements_covered": 55.2639703612226, "percent_statements_covered_display": "55"}}